<?xml version="1.0" encoding="UTF-8"?>
<coverage generated="1777476789934" clover="3.2.0">
  <project timestamp="1777476789934" name="All files">
    <metrics statements="756" coveredstatements="756" conditionals="956" coveredconditionals="882" methods="93" coveredmethods="93" elements="1805" coveredelements="1731" complexity="0" loc="756" ncloc="756" packages="1" files="8" classes="8"/>
    <file name="backgroundProcessing.js" path="/Users/folademiladeoyeleke/headstart-local/backgroundProcessing.js">
      <metrics statements="88" coveredstatements="88" conditionals="53" coveredconditionals="53" methods="7" coveredmethods="7"/>
      <line num="6" count="15" type="stmt"/>
      <line num="7" count="15" type="stmt"/>
      <line num="11" count="2" type="stmt"/>
      <line num="12" count="2" type="stmt"/>
      <line num="13" count="2" type="cond" truecount="2" falsecount="0"/>
      <line num="15" count="1" type="stmt"/>
      <line num="19" count="2" type="stmt"/>
      <line num="20" count="2" type="cond" truecount="2" falsecount="0"/>
      <line num="21" count="1" type="stmt"/>
      <line num="22" count="1" type="stmt"/>
      <line num="27" count="11" type="cond" truecount="4" falsecount="0"/>
      <line num="29" count="10" type="stmt"/>
      <line num="30" count="10" type="stmt"/>
      <line num="31" count="9" type="cond" truecount="4" falsecount="0"/>
      <line num="33" count="5" type="stmt"/>
      <line num="34" count="5" type="cond" truecount="2" falsecount="0"/>
      <line num="36" count="1" type="stmt"/>
      <line num="41" count="6" type="cond" truecount="4" falsecount="0"/>
      <line num="43" count="5" type="stmt"/>
      <line num="44" count="5" type="cond" truecount="2" falsecount="0"/>
      <line num="46" count="1" type="stmt"/>
      <line num="51" count="3" type="stmt"/>
      <line num="52" count="3" type="stmt"/>
      <line num="54" count="3" type="stmt"/>
      <line num="55" count="3" type="stmt"/>
      <line num="57" count="3" type="stmt"/>
      <line num="58" count="3" type="stmt"/>
      <line num="60" count="3" type="stmt"/>
      <line num="61" count="5" type="stmt"/>
      <line num="62" count="5" type="stmt"/>
      <line num="63" count="5" type="stmt"/>
      <line num="65" count="5" type="cond" truecount="4" falsecount="0"/>
      <line num="67" count="4" type="stmt"/>
      <line num="68" count="4" type="stmt"/>
      <line num="70" count="4" type="cond" truecount="2" falsecount="0"/>
      <line num="71" count="2" type="stmt"/>
      <line num="73" count="2" type="stmt"/>
      <line num="74" count="2" type="cond" truecount="2" falsecount="0"/>
      <line num="75" count="1" type="stmt"/>
      <line num="79" count="4" type="cond" truecount="2" falsecount="0"/>
      <line num="80" count="3" type="stmt"/>
      <line num="81" count="3" type="stmt"/>
      <line num="82" count="2" type="stmt"/>
      <line num="83" count="1" type="stmt"/>
      <line num="86" count="3" type="stmt"/>
      <line num="90" count="7" type="stmt"/>
      <line num="91" count="7" type="stmt"/>
      <line num="93" count="7" type="stmt"/>
      <line num="94" count="7" type="stmt"/>
      <line num="95" count="7" type="stmt"/>
      <line num="97" count="7" type="stmt"/>
      <line num="98" count="8" type="stmt"/>
      <line num="99" count="8" type="stmt"/>
      <line num="100" count="8" type="stmt"/>
      <line num="101" count="7" type="cond" truecount="2" falsecount="0"/>
      <line num="103" count="6" type="stmt"/>
      <line num="105" count="6" type="stmt"/>
      <line num="106" count="9" type="stmt"/>
      <line num="108" count="9" type="stmt"/>
      <line num="110" count="9" type="cond" truecount="6" falsecount="0"/>
      <line num="114" count="3" type="stmt"/>
      <line num="115" count="3" type="stmt"/>
      <line num="118" count="6" type="stmt"/>
      <line num="119" count="6" type="stmt"/>
      <line num="121" count="6" type="cond" truecount="2" falsecount="0"/>
      <line num="122" count="4" type="stmt"/>
      <line num="123" count="4" type="stmt"/>
      <line num="124" count="4" type="stmt"/>
      <line num="125" count="4" type="stmt"/>
      <line num="126" count="4" type="stmt"/>
      <line num="127" count="4" type="cond" truecount="2" falsecount="0"/>
      <line num="128" count="4" type="cond" truecount="2" falsecount="0"/>
      <line num="129" count="4" type="cond" truecount="2" falsecount="0"/>
      <line num="131" count="4" type="cond" truecount="7" falsecount="0"/>
      <line num="132" count="3" type="stmt"/>
      <line num="133" count="3" type="stmt"/>
      <line num="134" count="3" type="stmt"/>
      <line num="135" count="2" type="stmt"/>
      <line num="137" count="1" type="stmt"/>
      <line num="140" count="1" type="stmt"/>
      <line num="142" count="4" type="stmt"/>
      <line num="145" count="2" type="stmt"/>
      <line num="146" count="2" type="stmt"/>
      <line num="147" count="1" type="stmt"/>
      <line num="149" count="1" type="stmt"/>
      <line num="150" count="1" type="stmt"/>
      <line num="154" count="1" type="stmt"/>
      <line num="157" count="7" type="stmt"/>
    </file>
    <file name="bufferDecisionService.js" path="/Users/folademiladeoyeleke/headstart-local/bufferDecisionService.js">
      <metrics statements="16" coveredstatements="16" conditionals="16" coveredconditionals="16" methods="2" coveredmethods="2"/>
      <line num="3" count="9" type="stmt"/>
      <line num="4" count="9" type="stmt"/>
      <line num="8" count="7" type="cond" truecount="2" falsecount="0"/>
      <line num="10" count="7" type="cond" truecount="2" falsecount="0"/>
      <line num="11" count="4" type="cond" truecount="4" falsecount="0"/>
      <line num="12" count="1" type="stmt"/>
      <line num="15" count="3" type="cond" truecount="2" falsecount="0"/>
      <line num="16" count="3" type="cond" truecount="2" falsecount="0"/>
      <line num="18" count="3" type="stmt"/>
      <line num="21" count="3" type="cond" truecount="2" falsecount="0"/>
      <line num="22" count="1" type="stmt"/>
      <line num="25" count="2" type="cond" truecount="2" falsecount="0"/>
      <line num="26" count="1" type="stmt"/>
      <line num="29" count="1" type="stmt"/>
      <line num="30" count="1" type="stmt"/>
      <line num="37" count="1" type="stmt"/>
    </file>
    <file name="calendarApiWrapper.js" path="/Users/folademiladeoyeleke/headstart-local/calendarApiWrapper.js">
      <metrics statements="245" coveredstatements="245" conditionals="297" coveredconditionals="247" methods="24" coveredmethods="24"/>
      <line num="51" count="20" type="stmt"/>
      <line num="52" count="20" type="stmt"/>
      <line num="53" count="20" type="cond" truecount="2" falsecount="0"/>
      <line num="54" count="20" type="cond" truecount="2" falsecount="0"/>
      <line num="55" count="20" type="cond" truecount="2" falsecount="0"/>
      <line num="56" count="20" type="cond" truecount="2" falsecount="0"/>
      <line num="57" count="20" type="cond" truecount="2" falsecount="0"/>
      <line num="61" count="8" type="cond" truecount="1" falsecount="1"/>
      <line num="62" count="8" type="cond" truecount="1" falsecount="1"/>
      <line num="63" count="8" type="cond" truecount="1" falsecount="1"/>
      <line num="64" count="8" type="stmt"/>
      <line num="65" count="8" type="stmt"/>
      <line num="69" count="29" type="cond" truecount="2" falsecount="0"/>
      <line num="70" count="23" type="cond" truecount="2" falsecount="0"/>
      <line num="71" count="21" type="cond" truecount="2" falsecount="0"/>
      <line num="72" count="13" type="stmt"/>
      <line num="73" count="13" type="cond" truecount="1" falsecount="1"/>
      <line num="75" count="8" type="cond" truecount="4" falsecount="0"/>
      <line num="76" count="7" type="cond" truecount="2" falsecount="0"/>
      <line num="78" count="1" type="stmt"/>
      <line num="82" count="10" type="cond" truecount="2" falsecount="0"/>
      <line num="83" count="4" type="cond" truecount="2" falsecount="0"/>
      <line num="85" count="3" type="stmt"/>
      <line num="86" count="3" type="cond" truecount="4" falsecount="1"/>
      <line num="87" count="3" type="stmt"/>
      <line num="88" count="1" type="stmt"/>
      <line num="92" count="2" type="stmt"/>
      <line num="93" count="2" type="stmt"/>
      <line num="95" count="1" type="stmt"/>
      <line num="100" count="10" type="cond" truecount="2" falsecount="0"/>
      <line num="101" count="10" type="stmt"/>
      <line num="113" count="8" type="cond" truecount="5" falsecount="0"/>
      <line num="114" count="6" type="cond" truecount="2" falsecount="0"/>
      <line num="119" count="11" type="cond" truecount="5" falsecount="0"/>
      <line num="121" count="8" type="cond" truecount="2" falsecount="0"/>
      <line num="122" count="8" type="stmt"/>
      <line num="123" count="8" type="stmt"/>
      <line num="125" count="8" type="stmt"/>
      <line num="126" count="8" type="stmt"/>
      <line num="127" count="8" type="stmt"/>
      <line num="128" count="7" type="stmt"/>
      <line num="129" count="7" type="cond" truecount="4" falsecount="0"/>
      <line num="130" count="1" type="cond" truecount="1" falsecount="1"/>
      <line num="131" count="1" type="stmt"/>
      <line num="135" count="7" type="stmt"/>
      <line num="139" count="3" type="cond" truecount="3" falsecount="1"/>
      <line num="141" count="3" type="stmt"/>
      <line num="147" count="3" type="stmt"/>
      <line num="148" count="3" type="cond" truecount="2" falsecount="0"/>
      <line num="150" count="2" type="cond" truecount="1" falsecount="1"/>
      <line num="151" count="2" type="stmt"/>
      <line num="152" count="2" type="stmt"/>
      <line num="153" count="2" type="cond" truecount="3" falsecount="1"/>
      <line num="154" count="2" type="cond" truecount="3" falsecount="1"/>
      <line num="158" count="2" type="cond" truecount="3" falsecount="1"/>
      <line num="160" count="2" type="stmt"/>
      <line num="161" count="2" type="stmt"/>
      <line num="162" count="2" type="stmt"/>
      <line num="163" count="2" type="stmt"/>
      <line num="164" count="2" type="stmt"/>
      <line num="165" count="1" type="stmt"/>
      <line num="166" count="1" type="cond" truecount="1" falsecount="1"/>
      <line num="167" count="1" type="cond" truecount="3" falsecount="1"/>
      <line num="168" count="1" type="stmt"/>
      <line num="172" count="1" type="stmt"/>
      <line num="176" count="4" type="cond" truecount="1" falsecount="1"/>
      <line num="178" count="4" type="stmt"/>
      <line num="185" count="4" type="cond" truecount="2" falsecount="0"/>
      <line num="187" count="2" type="stmt"/>
      <line num="188" count="2" type="stmt"/>
      <line num="192" count="8" type="stmt"/>
      <line num="193" count="8" type="cond" truecount="2" falsecount="0"/>
      <line num="194" count="7" type="stmt"/>
      <line num="196" count="7" type="stmt"/>
      <line num="197" count="7" type="cond" truecount="1" falsecount="1"/>
      <line num="199" count="7" type="stmt"/>
      <line num="200" count="7" type="stmt"/>
      <line num="201" count="7" type="cond" truecount="4" falsecount="0"/>
      <line num="202" count="5" type="cond" truecount="2" falsecount="2"/>
      <line num="203" count="5" type="stmt"/>
      <line num="204" count="5" type="cond" truecount="2" falsecount="2"/>
      <line num="205" count="5" type="cond" truecount="2" falsecount="2"/>
      <line num="206" count="5" type="stmt"/>
      <line num="207" count="5" type="stmt"/>
      <line num="208" count="5" type="stmt"/>
      <line num="209" count="5" type="cond" truecount="4" falsecount="0"/>
      <line num="210" count="4" type="cond" truecount="2" falsecount="2"/>
      <line num="212" count="4" type="stmt"/>
      <line num="213" count="4" type="cond" truecount="4" falsecount="0"/>
      <line num="215" count="3" type="stmt"/>
      <line num="216" count="3" type="cond" truecount="2" falsecount="0"/>
      <line num="218" count="2" type="stmt"/>
      <line num="219" count="2" type="stmt"/>
      <line num="220" count="2" type="cond" truecount="1" falsecount="1"/>
      <line num="223" count="2" type="cond" truecount="1" falsecount="1"/>
      <line num="226" count="2" type="stmt"/>
      <line num="227" count="2" type="stmt"/>
      <line num="228" count="1" type="stmt"/>
      <line num="229" count="1" type="cond" truecount="3" falsecount="2"/>
      <line num="230" count="1" type="cond" truecount="1" falsecount="1"/>
      <line num="231" count="1" type="stmt"/>
      <line num="235" count="1" type="stmt"/>
      <line num="239" count="7" type="stmt"/>
      <line num="240" count="7" type="stmt"/>
      <line num="241" count="6" type="cond" truecount="1" falsecount="1"/>
      <line num="242" count="6" type="stmt"/>
      <line num="243" count="6" type="stmt"/>
      <line num="244" count="6" type="stmt"/>
      <line num="247" count="1" type="stmt"/>
      <line num="248" count="1" type="stmt"/>
      <line num="249" count="1" type="stmt"/>
      <line num="250" count="1" type="stmt"/>
      <line num="254" count="9" type="cond" truecount="4" falsecount="0"/>
      <line num="256" count="8" type="stmt"/>
      <line num="257" count="8" type="stmt"/>
      <line num="265" count="3" type="cond" truecount="1" falsecount="1"/>
      <line num="269" count="6" type="stmt"/>
      <line num="270" count="10" type="stmt"/>
      <line num="276" count="10" type="cond" truecount="4" falsecount="0"/>
      <line num="277" count="5" type="stmt"/>
      <line num="280" count="5" type="cond" truecount="5" falsecount="0"/>
      <line num="281" count="4" type="stmt"/>
      <line num="285" count="1" type="stmt"/>
      <line num="289" count="12" type="cond" truecount="2" falsecount="0"/>
      <line num="290" count="12" type="cond" truecount="4" falsecount="0"/>
      <line num="292" count="8" type="stmt"/>
      <line num="293" count="8" type="cond" truecount="2" falsecount="0"/>
      <line num="295" count="6" type="cond" truecount="2" falsecount="0"/>
      <line num="299" count="9" type="cond" truecount="1" falsecount="1"/>
      <line num="301" count="9" type="stmt"/>
      <line num="302" count="9" type="stmt"/>
      <line num="303" count="9" type="stmt"/>
      <line num="305" count="2" type="stmt"/>
      <line num="308" count="9" type="cond" truecount="2" falsecount="0"/>
      <line num="312" count="9" type="cond" truecount="1" falsecount="1"/>
      <line num="314" count="9" type="cond" truecount="7" falsecount="0"/>
      <line num="315" count="5" type="stmt"/>
      <line num="316" count="5" type="stmt"/>
      <line num="324" count="4" type="stmt"/>
      <line num="326" count="1" type="stmt"/>
      <line num="330" count="5" type="cond" truecount="2" falsecount="0"/>
      <line num="331" count="1" type="stmt"/>
      <line num="334" count="4" type="cond" truecount="4" falsecount="0"/>
      <line num="335" count="3" type="stmt"/>
      <line num="336" count="3" type="stmt"/>
      <line num="338" count="1" type="stmt"/>
      <line num="340" count="3" type="stmt"/>
      <line num="343" count="1" type="cond" truecount="1" falsecount="1"/>
      <line num="344" count="1" type="stmt"/>
      <line num="349" count="7" type="cond" truecount="1" falsecount="1"/>
      <line num="350" count="7" type="cond" truecount="5" falsecount="0"/>
      <line num="351" count="1" type="stmt"/>
      <line num="352" count="1" type="stmt"/>
      <line num="355" count="6" type="stmt"/>
      <line num="357" count="6" type="cond" truecount="7" falsecount="0"/>
      <line num="358" count="1" type="stmt"/>
      <line num="363" count="1" type="cond" truecount="1" falsecount="1"/>
      <line num="366" count="5" type="stmt"/>
      <line num="367" count="5" type="cond" truecount="2" falsecount="0"/>
      <line num="368" count="5" type="cond" truecount="2" falsecount="0"/>
      <line num="369" count="5" type="stmt"/>
      <line num="375" count="5" type="cond" truecount="4" falsecount="0"/>
      <line num="376" count="1" type="stmt"/>
      <line num="377" count="1" type="stmt"/>
      <line num="380" count="4" type="cond" truecount="4" falsecount="0"/>
      <line num="381" count="1" type="stmt"/>
      <line num="382" count="1" type="stmt"/>
      <line num="385" count="3" type="stmt"/>
      <line num="386" count="3" type="stmt"/>
      <line num="391" count="3" type="stmt"/>
      <line num="400" count="2" type="stmt"/>
      <line num="401" count="2" type="stmt"/>
      <line num="402" count="2" type="stmt"/>
      <line num="406" count="1" type="stmt"/>
      <line num="409" count="2" type="cond" truecount="2" falsecount="0"/>
      <line num="410" count="2" type="stmt"/>
      <line num="415" count="2" type="cond" truecount="4" falsecount="0"/>
      <line num="416" count="1" type="stmt"/>
      <line num="418" count="1" type="stmt"/>
      <line num="420" count="2" type="stmt"/>
      <line num="422" count="1" type="stmt"/>
      <line num="423" count="1" type="cond" truecount="1" falsecount="1"/>
      <line num="428" count="4" type="cond" truecount="1" falsecount="1"/>
      <line num="429" count="4" type="stmt"/>
      <line num="430" count="4" type="stmt"/>
      <line num="431" count="4" type="stmt"/>
      <line num="432" count="4" type="stmt"/>
      <line num="433" count="4" type="stmt"/>
      <line num="434" count="4" type="stmt"/>
      <line num="436" count="4" type="cond" truecount="3" falsecount="1"/>
      <line num="437" count="4" type="stmt"/>
      <line num="440" count="4" type="cond" truecount="1" falsecount="1"/>
      <line num="441" count="4" type="cond" truecount="1" falsecount="1"/>
      <line num="447" count="1" type="stmt"/>
      <line num="451" count="4" type="cond" truecount="1" falsecount="1"/>
      <line num="452" count="4" type="stmt"/>
      <line num="453" count="4" type="cond" truecount="1" falsecount="1"/>
      <line num="455" count="4" type="stmt"/>
      <line num="456" count="4" type="stmt"/>
      <line num="457" count="4" type="stmt"/>
      <line num="459" count="4" type="stmt"/>
      <line num="460" count="4" type="stmt"/>
      <line num="461" count="2" type="cond" truecount="1" falsecount="1"/>
      <line num="464" count="4" type="stmt"/>
      <line num="465" count="4" type="stmt"/>
      <line num="466" count="2" type="cond" truecount="2" falsecount="0"/>
      <line num="469" count="3" type="stmt"/>
      <line num="473" count="6" type="cond" truecount="1" falsecount="1"/>
      <line num="474" count="6" type="stmt"/>
      <line num="485" count="6" type="stmt"/>
      <line num="494" count="7" type="stmt"/>
      <line num="503" count="6" type="stmt"/>
      <line num="504" count="6" type="stmt"/>
      <line num="512" count="6" type="cond" truecount="2" falsecount="0"/>
      <line num="513" count="1" type="stmt"/>
      <line num="514" count="1" type="cond" truecount="1" falsecount="1"/>
      <line num="515" count="1" type="stmt"/>
      <line num="518" count="5" type="stmt"/>
      <line num="519" count="5" type="stmt"/>
      <line num="520" count="5" type="stmt"/>
      <line num="521" count="5" type="stmt"/>
      <line num="523" count="5" type="stmt"/>
      <line num="530" count="5" type="stmt"/>
      <line num="531" count="5" type="stmt"/>
      <line num="532" count="5" type="stmt"/>
      <line num="535" count="5" type="cond" truecount="2" falsecount="0"/>
      <line num="536" count="1" type="stmt"/>
      <line num="537" count="1" type="stmt"/>
      <line num="538" count="1" type="stmt"/>
      <line num="539" count="1" type="stmt"/>
      <line num="540" count="1" type="stmt"/>
      <line num="541" count="1" type="stmt"/>
      <line num="543" count="4" type="stmt"/>
      <line num="549" count="5" type="cond" truecount="2" falsecount="0"/>
      <line num="550" count="1" type="stmt"/>
      <line num="553" count="4" type="stmt"/>
      <line num="554" count="4" type="cond" truecount="2" falsecount="0"/>
      <line num="555" count="1" type="stmt"/>
      <line num="558" count="3" type="stmt"/>
      <line num="563" count="3" type="stmt"/>
      <line num="565" count="3" type="stmt"/>
      <line num="569" count="3" type="stmt"/>
      <line num="571" count="3" type="stmt"/>
      <line num="581" count="1" type="cond" truecount="1" falsecount="1"/>
      <line num="582" count="1" type="stmt"/>
    </file>
    <file name="conferenceDetailsService.js" path="/Users/folademiladeoyeleke/headstart-local/conferenceDetailsService.js">
      <metrics statements="151" coveredstatements="151" conditionals="222" coveredconditionals="207" methods="24" coveredmethods="24"/>
      <line num="3" count="3" type="stmt"/>
      <line num="4" count="3" type="stmt"/>
      <line num="5" count="3" type="stmt"/>
      <line num="11" count="3" type="cond" truecount="6" falsecount="0"/>
      <line num="12" count="1" type="stmt"/>
      <line num="13" count="1" type="stmt"/>
      <line num="16" count="2" type="stmt"/>
      <line num="20" count="2" type="cond" truecount="2" falsecount="0"/>
      <line num="21" count="1" type="stmt"/>
      <line num="22" count="1" type="stmt"/>
      <line num="25" count="1" type="stmt"/>
      <line num="26" count="1" type="cond" truecount="1" falsecount="1"/>
      <line num="27" count="1" type="stmt"/>
      <line num="32" count="1" type="stmt"/>
      <line num="36" count="6" type="cond" truecount="5" falsecount="0"/>
      <line num="38" count="4" type="cond" truecount="1" falsecount="1"/>
      <line num="39" count="4" type="cond" truecount="3" falsecount="0"/>
      <line num="40" count="4" type="stmt"/>
      <line num="41" count="4" type="cond" truecount="2" falsecount="0"/>
      <line num="43" count="3" type="cond" truecount="3" falsecount="0"/>
      <line num="44" count="3" type="stmt"/>
      <line num="45" count="3" type="cond" truecount="2" falsecount="0"/>
      <line num="47" count="2" type="cond" truecount="2" falsecount="0"/>
      <line num="48" count="2" type="stmt"/>
      <line num="49" count="2" type="cond" truecount="2" falsecount="0"/>
      <line num="51" count="1" type="stmt"/>
      <line num="55" count="8" type="cond" truecount="2" falsecount="0"/>
      <line num="56" count="6" type="stmt"/>
      <line num="60" count="2" type="stmt"/>
      <line num="71" count="3" type="cond" truecount="4" falsecount="0"/>
      <line num="75" count="6" type="cond" truecount="1" falsecount="1"/>
      <line num="76" count="6" type="cond" truecount="2" falsecount="0"/>
      <line num="77" count="6" type="cond" truecount="2" falsecount="0"/>
      <line num="79" count="6" type="cond" truecount="4" falsecount="0"/>
      <line num="80" count="2" type="stmt"/>
      <line num="83" count="4" type="stmt"/>
      <line num="89" count="4" type="cond" truecount="1" falsecount="1"/>
      <line num="90" count="4" type="stmt"/>
      <line num="91" count="4" type="stmt"/>
      <line num="94" count="4" type="cond" truecount="2" falsecount="0"/>
      <line num="95" count="1" type="stmt"/>
      <line num="100" count="4" type="stmt"/>
      <line num="104" count="4" type="cond" truecount="2" falsecount="0"/>
      <line num="106" count="4" type="stmt"/>
      <line num="118" count="4" type="cond" truecount="2" falsecount="0"/>
      <line num="122" count="6" type="cond" truecount="2" falsecount="0"/>
      <line num="124" count="2" type="stmt"/>
      <line num="125" count="2" type="stmt"/>
      <line num="129" count="1" type="stmt"/>
      <line num="134" count="8" type="cond" truecount="5" falsecount="0"/>
      <line num="136" count="6" type="stmt"/>
      <line num="137" count="6" type="stmt"/>
      <line num="138" count="6" type="stmt"/>
      <line num="145" count="5" type="cond" truecount="4" falsecount="0"/>
      <line num="146" count="5" type="cond" truecount="2" falsecount="0"/>
      <line num="148" count="3" type="stmt"/>
      <line num="149" count="3" type="cond" truecount="2" falsecount="0"/>
      <line num="151" count="1" type="stmt"/>
      <line num="156" count="7" type="cond" truecount="5" falsecount="0"/>
      <line num="158" count="5" type="stmt"/>
      <line num="159" count="5" type="stmt"/>
      <line num="160" count="5" type="stmt"/>
      <line num="165" count="4" type="cond" truecount="4" falsecount="0"/>
      <line num="166" count="4" type="cond" truecount="2" falsecount="0"/>
      <line num="168" count="3" type="stmt"/>
      <line num="169" count="3" type="cond" truecount="2" falsecount="0"/>
      <line num="171" count="1" type="stmt"/>
      <line num="176" count="8" type="cond" truecount="2" falsecount="0"/>
      <line num="177" count="8" type="cond" truecount="2" falsecount="0"/>
      <line num="178" count="8" type="cond" truecount="4" falsecount="0"/>
      <line num="180" count="7" type="stmt"/>
      <line num="181" count="7" type="stmt"/>
      <line num="183" count="7" type="stmt"/>
      <line num="184" count="7" type="stmt"/>
      <line num="185" count="7" type="stmt"/>
      <line num="186" count="7" type="stmt"/>
      <line num="188" count="7" type="cond" truecount="4" falsecount="0"/>
      <line num="189" count="5" type="stmt"/>
      <line num="193" count="2" type="stmt"/>
      <line num="197" count="13" type="cond" truecount="2" falsecount="0"/>
      <line num="198" count="13" type="cond" truecount="2" falsecount="0"/>
      <line num="199" count="13" type="cond" truecount="4" falsecount="0"/>
      <line num="200" count="5" type="stmt"/>
      <line num="206" count="8" type="stmt"/>
      <line num="213" count="83" type="cond" truecount="2" falsecount="0"/>
      <line num="214" count="69" type="cond" truecount="2" falsecount="0"/>
      <line num="215" count="59" type="cond" truecount="2" falsecount="0"/>
      <line num="216" count="43" type="stmt"/>
      <line num="217" count="43" type="cond" truecount="2" falsecount="0"/>
      <line num="219" count="16" type="cond" truecount="4" falsecount="0"/>
      <line num="220" count="15" type="cond" truecount="2" falsecount="0"/>
      <line num="222" count="1" type="stmt"/>
      <line num="226" count="15" type="stmt"/>
      <line num="227" count="15" type="cond" truecount="2" falsecount="0"/>
      <line num="231" count="6" type="cond" truecount="4" falsecount="0"/>
      <line num="235" count="6" type="stmt"/>
      <line num="236" count="6" type="cond" truecount="2" falsecount="0"/>
      <line num="237" count="6" type="cond" truecount="4" falsecount="0"/>
      <line num="238" count="6" type="cond" truecount="2" falsecount="0"/>
      <line num="241" count="6" type="stmt"/>
      <line num="245" count="6" type="stmt"/>
      <line num="246" count="6" type="stmt"/>
      <line num="247" count="7" type="stmt"/>
      <line num="248" count="7" type="cond" truecount="1" falsecount="1"/>
      <line num="251" count="6" type="cond" truecount="4" falsecount="0"/>
      <line num="252" count="1" type="stmt"/>
      <line num="255" count="6" type="stmt"/>
      <line num="266" count="4" type="stmt"/>
      <line num="270" count="45" type="cond" truecount="4" falsecount="0"/>
      <line num="271" count="44" type="cond" truecount="2" falsecount="0"/>
      <line num="272" count="7" type="stmt"/>
      <line num="274" count="40" type="cond" truecount="2" falsecount="0"/>
      <line num="275" count="17" type="stmt"/>
      <line num="276" count="17" type="stmt"/>
      <line num="277" count="17" type="stmt"/>
      <line num="278" count="31" type="stmt"/>
      <line num="280" count="17" type="stmt"/>
      <line num="282" count="23" type="stmt"/>
      <line num="286" count="6" type="stmt"/>
      <line num="287" count="6" type="stmt"/>
      <line num="288" count="784" type="stmt"/>
      <line num="289" count="784" type="stmt"/>
      <line num="291" count="6" type="stmt"/>
      <line num="295" count="6" type="stmt"/>
      <line num="296" count="4" type="cond" truecount="3" falsecount="1"/>
      <line num="297" count="4" type="stmt"/>
      <line num="300" count="2" type="stmt"/>
      <line num="304" count="4" type="stmt"/>
      <line num="305" count="3" type="cond" truecount="2" falsecount="0"/>
      <line num="306" count="2" type="stmt"/>
      <line num="309" count="2" type="stmt"/>
      <line num="313" count="9" type="cond" truecount="2" falsecount="0"/>
      <line num="315" count="8" type="stmt"/>
      <line num="316" count="8" type="stmt"/>
      <line num="318" count="8" type="cond" truecount="2" falsecount="0"/>
      <line num="319" count="5" type="stmt"/>
      <line num="320" count="3" type="cond" truecount="1" falsecount="1"/>
      <line num="321" count="3" type="stmt"/>
      <line num="324" count="8" type="cond" truecount="2" falsecount="0"/>
      <line num="325" count="8" type="cond" truecount="2" falsecount="0"/>
      <line num="326" count="8" type="cond" truecount="2" falsecount="0"/>
      <line num="327" count="8" type="cond" truecount="2" falsecount="0"/>
      <line num="328" count="8" type="cond" truecount="2" falsecount="0"/>
      <line num="330" count="8" type="stmt"/>
      <line num="334" count="8" type="cond" truecount="2" falsecount="0"/>
      <line num="335" count="4" type="cond" truecount="2" falsecount="0"/>
      <line num="336" count="3" type="cond" truecount="2" falsecount="0"/>
      <line num="337" count="2" type="cond" truecount="2" falsecount="0"/>
      <line num="338" count="1" type="stmt"/>
      <line num="342" count="2" type="cond" truecount="1" falsecount="1"/>
      <line num="343" count="2" type="stmt"/>
    </file>
    <file name="controller.js" path="/Users/folademiladeoyeleke/headstart-local/controller.js">
      <metrics statements="174" coveredstatements="174" conditionals="224" coveredconditionals="220" methods="19" coveredmethods="19"/>
      <line num="7" count="121" type="cond" truecount="2" falsecount="0"/>
      <line num="8" count="50" type="cond" truecount="2" falsecount="0"/>
      <line num="9" count="49" type="cond" truecount="2" falsecount="0"/>
      <line num="10" count="26" type="stmt"/>
      <line num="11" count="26" type="cond" truecount="2" falsecount="0"/>
      <line num="13" count="23" type="cond" truecount="4" falsecount="0"/>
      <line num="14" count="22" type="cond" truecount="2" falsecount="0"/>
      <line num="16" count="1" type="stmt"/>
      <line num="20" count="19" type="cond" truecount="2" falsecount="0"/>
      <line num="22" count="6" type="stmt"/>
      <line num="23" count="6" type="stmt"/>
      <line num="24" count="5" type="cond" truecount="4" falsecount="0"/>
      <line num="25" count="4" type="stmt"/>
      <line num="27" count="1" type="stmt"/>
      <line num="29" count="1" type="stmt"/>
      <line num="34" count="27" type="cond" truecount="2" falsecount="0"/>
      <line num="35" count="5" type="cond" truecount="2" falsecount="0"/>
      <line num="37" count="4" type="stmt"/>
      <line num="38" count="4" type="cond" truecount="5" falsecount="0"/>
      <line num="39" count="3" type="stmt"/>
      <line num="40" count="2" type="stmt"/>
      <line num="44" count="3" type="stmt"/>
      <line num="45" count="3" type="stmt"/>
      <line num="47" count="1" type="stmt"/>
      <line num="52" count="23" type="cond" truecount="2" falsecount="0"/>
      <line num="53" count="23" type="cond" truecount="2" falsecount="0"/>
      <line num="55" count="23" type="cond" truecount="2" falsecount="0"/>
      <line num="56" count="23" type="cond" truecount="2" falsecount="0"/>
      <line num="57" count="23" type="stmt"/>
      <line num="58" count="23" type="stmt"/>
      <line num="59" count="23" type="cond" truecount="2" falsecount="0"/>
      <line num="61" count="23" type="stmt"/>
      <line num="72" count="33" type="cond" truecount="2" falsecount="0"/>
      <line num="73" count="30" type="cond" truecount="2" falsecount="0"/>
      <line num="77" count="26" type="cond" truecount="4" falsecount="0"/>
      <line num="78" count="20" type="stmt"/>
      <line num="79" count="20" type="cond" truecount="2" falsecount="0"/>
      <line num="80" count="2" type="cond" truecount="2" falsecount="0"/>
      <line num="82" count="18" type="cond" truecount="2" falsecount="0"/>
      <line num="86" count="8" type="cond" truecount="2" falsecount="0"/>
      <line num="87" count="8" type="cond" truecount="2" falsecount="0"/>
      <line num="88" count="8" type="cond" truecount="6" falsecount="0"/>
      <line num="89" count="8" type="cond" truecount="6" falsecount="0"/>
      <line num="91" count="8" type="stmt"/>
      <line num="102" count="22" type="stmt"/>
      <line num="103" count="22" type="cond" truecount="2" falsecount="0"/>
      <line num="105" count="4" type="stmt"/>
      <line num="106" count="4" type="stmt"/>
      <line num="107" count="2" type="stmt"/>
      <line num="108" count="2" type="cond" truecount="2" falsecount="0"/>
      <line num="110" count="3" type="stmt"/>
      <line num="114" count="2" type="stmt"/>
      <line num="115" count="2" type="stmt"/>
      <line num="117" count="2" type="cond" truecount="2" falsecount="0"/>
      <line num="118" count="1" type="stmt"/>
      <line num="120" count="1" type="stmt"/>
      <line num="124" count="10" type="stmt"/>
      <line num="125" count="10" type="stmt"/>
      <line num="126" count="10" type="stmt"/>
      <line num="127" count="10" type="stmt"/>
      <line num="134" count="10" type="stmt"/>
      <line num="135" count="10" type="stmt"/>
      <line num="136" count="10" type="stmt"/>
      <line num="137" count="10" type="stmt"/>
      <line num="139" count="10" type="cond" truecount="4" falsecount="0"/>
      <line num="141" count="9" type="stmt"/>
      <line num="142" count="9" type="stmt"/>
      <line num="143" count="9" type="cond" truecount="2" falsecount="0"/>
      <line num="144" count="8" type="cond" truecount="4" falsecount="0"/>
      <line num="145" count="1" type="stmt"/>
      <line num="148" count="7" type="stmt"/>
      <line num="149" count="7" type="cond" truecount="2" falsecount="0"/>
      <line num="150" count="1" type="stmt"/>
      <line num="153" count="6" type="stmt"/>
      <line num="154" count="6" type="cond" truecount="2" falsecount="0"/>
      <line num="155" count="2" type="stmt"/>
      <line num="156" count="2" type="cond" truecount="2" falsecount="0"/>
      <line num="157" count="1" type="stmt"/>
      <line num="158" count="1" type="stmt"/>
      <line num="159" count="1" type="stmt"/>
      <line num="161" count="1" type="stmt"/>
      <line num="165" count="5" type="stmt"/>
      <line num="166" count="5" type="stmt"/>
      <line num="167" count="5" type="stmt"/>
      <line num="168" count="5" type="cond" truecount="2" falsecount="0"/>
      <line num="169" count="5" type="stmt"/>
      <line num="175" count="5" type="cond" truecount="2" falsecount="0"/>
      <line num="176" count="1" type="stmt"/>
      <line num="181" count="4" type="cond" truecount="4" falsecount="0"/>
      <line num="182" count="2" type="stmt"/>
      <line num="191" count="2" type="stmt"/>
      <line num="201" count="10" type="stmt"/>
      <line num="202" count="10" type="stmt"/>
      <line num="203" count="10" type="stmt"/>
      <line num="204" count="10" type="stmt"/>
      <line num="210" count="10" type="stmt"/>
      <line num="211" count="10" type="stmt"/>
      <line num="212" count="10" type="stmt"/>
      <line num="213" count="10" type="stmt"/>
      <line num="214" count="10" type="stmt"/>
      <line num="216" count="10" type="stmt"/>
      <line num="217" count="10" type="cond" truecount="2" falsecount="0"/>
      <line num="218" count="1" type="stmt"/>
      <line num="222" count="9" type="cond" truecount="4" falsecount="0"/>
      <line num="223" count="1" type="stmt"/>
      <line num="227" count="8" type="cond" truecount="2" falsecount="0"/>
      <line num="228" count="1" type="stmt"/>
      <line num="233" count="7" type="stmt"/>
      <line num="234" count="7" type="stmt"/>
      <line num="235" count="7" type="cond" truecount="3" falsecount="0"/>
      <line num="238" count="7" type="cond" truecount="2" falsecount="0"/>
      <line num="239" count="7" type="stmt"/>
      <line num="252" count="7" type="stmt"/>
      <line num="253" count="7" type="stmt"/>
      <line num="255" count="1" type="stmt"/>
      <line num="256" count="1" type="stmt"/>
      <line num="261" count="6" type="cond" truecount="2" falsecount="0"/>
      <line num="262" count="1" type="stmt"/>
      <line num="268" count="5" type="cond" truecount="2" falsecount="0"/>
      <line num="272" count="5" type="stmt"/>
      <line num="280" count="4" type="stmt"/>
      <line num="281" count="4" type="stmt"/>
      <line num="282" count="4" type="stmt"/>
      <line num="283" count="4" type="stmt"/>
      <line num="285" count="4" type="cond" truecount="4" falsecount="0"/>
      <line num="286" count="1" type="stmt"/>
      <line num="291" count="3" type="cond" truecount="5" falsecount="0"/>
      <line num="292" count="1" type="stmt"/>
      <line num="312" count="2" type="stmt"/>
      <line num="317" count="2" type="stmt"/>
      <line num="325" count="2" type="stmt"/>
      <line num="326" count="2" type="stmt"/>
      <line num="328" count="2" type="stmt"/>
      <line num="349" count="3" type="stmt"/>
      <line num="350" count="3" type="stmt"/>
      <line num="351" count="3" type="stmt"/>
      <line num="352" count="3" type="stmt"/>
      <line num="353" count="3" type="stmt"/>
      <line num="354" count="3" type="stmt"/>
      <line num="356" count="3" type="stmt"/>
      <line num="358" count="3" type="cond" truecount="2" falsecount="0"/>
      <line num="359" count="1" type="stmt"/>
      <line num="362" count="2" type="cond" truecount="2" falsecount="0"/>
      <line num="364" count="2" type="stmt"/>
      <line num="365" count="2" type="stmt"/>
      <line num="367" count="2" type="stmt"/>
      <line num="368" count="2" type="stmt"/>
      <line num="370" count="2" type="stmt"/>
      <line num="374" count="1" type="stmt"/>
      <line num="375" count="1" type="stmt"/>
      <line num="376" count="1" type="stmt"/>
      <line num="377" count="1" type="stmt"/>
      <line num="378" count="1" type="stmt"/>
      <line num="379" count="1" type="stmt"/>
      <line num="381" count="1" type="stmt"/>
      <line num="385" count="1" type="stmt"/>
      <line num="386" count="1" type="stmt"/>
      <line num="387" count="1" type="stmt"/>
      <line num="388" count="1" type="stmt"/>
      <line num="392" count="2" type="stmt"/>
      <line num="393" count="2" type="cond" truecount="2" falsecount="0"/>
      <line num="394" count="2" type="stmt"/>
      <line num="395" count="2" type="stmt"/>
      <line num="399" count="2" type="stmt"/>
      <line num="400" count="2" type="cond" truecount="2" falsecount="0"/>
      <line num="401" count="2" type="stmt"/>
      <line num="402" count="2" type="stmt"/>
      <line num="406" count="1" type="stmt"/>
      <line num="407" count="1" type="stmt"/>
      <line num="409" count="1" type="stmt"/>
      <line num="410" count="1" type="stmt"/>
      <line num="412" count="1" type="stmt"/>
      <line num="418" count="33" type="cond" truecount="1" falsecount="1"/>
      <line num="419" count="33" type="stmt"/>
    </file>
    <file name="eventContextFactory.js" path="/Users/folademiladeoyeleke/headstart-local/eventContextFactory.js">
      <metrics statements="33" coveredstatements="33" conditionals="64" coveredconditionals="61" methods="4" coveredmethods="4"/>
      <line num="18" count="10" type="stmt"/>
      <line num="19" count="10" type="cond" truecount="2" falsecount="0"/>
      <line num="23" count="10" type="cond" truecount="2" falsecount="0"/>
      <line num="24" count="10" type="cond" truecount="2" falsecount="0"/>
      <line num="25" count="10" type="cond" truecount="2" falsecount="0"/>
      <line num="26" count="10" type="stmt"/>
      <line num="27" count="10" type="cond" truecount="2" falsecount="0"/>
      <line num="28" count="10" type="stmt"/>
      <line num="29" count="10" type="cond" truecount="2" falsecount="0"/>
      <line num="31" count="10" type="cond" truecount="4" falsecount="0"/>
      <line num="32" count="1" type="stmt"/>
      <line num="33" count="9" type="cond" truecount="4" falsecount="0"/>
      <line num="34" count="1" type="stmt"/>
      <line num="37" count="10" type="cond" truecount="2" falsecount="0"/>
      <line num="38" count="10" type="cond" truecount="2" falsecount="0"/>
      <line num="39" count="10" type="cond" truecount="2" falsecount="0"/>
      <line num="40" count="10" type="stmt"/>
      <line num="41" count="10" type="stmt"/>
      <line num="42" count="10" type="cond" truecount="2" falsecount="0"/>
      <line num="43" count="10" type="cond" truecount="2" falsecount="0"/>
      <line num="51" count="10" type="cond" truecount="2" falsecount="0"/>
      <line num="54" count="10" type="stmt"/>
      <line num="55" count="10" type="cond" truecount="2" falsecount="0"/>
      <line num="58" count="10" type="cond" truecount="2" falsecount="0"/>
      <line num="63" count="10" type="stmt"/>
      <line num="70" count="10" type="stmt"/>
      <line num="86" count="8" type="stmt"/>
      <line num="87" count="8" type="cond" truecount="2" falsecount="0"/>
      <line num="89" count="6" type="stmt"/>
      <line num="90" count="6" type="cond" truecount="2" falsecount="0"/>
      <line num="92" count="5" type="stmt"/>
      <line num="96" count="10" type="cond" truecount="2" falsecount="0"/>
      <line num="97" count="8" type="stmt"/>
    </file>
    <file name="settingsManager.js" path="/Users/folademiladeoyeleke/headstart-local/settingsManager.js">
      <metrics statements="20" coveredstatements="20" conditionals="54" coveredconditionals="52" methods="9" coveredmethods="9"/>
      <line num="6" count="14" type="stmt"/>
      <line num="10" count="2" type="stmt"/>
      <line num="11" count="2" type="stmt"/>
      <line num="26" count="6" type="cond" truecount="2" falsecount="0"/>
      <line num="27" count="6" type="cond" truecount="2" falsecount="0"/>
      <line num="28" count="6" type="cond" truecount="2" falsecount="0"/>
      <line num="32" count="6" type="stmt"/>
      <line num="47" count="1" type="stmt"/>
      <line num="51" count="1" type="stmt"/>
      <line num="55" count="3" type="cond" truecount="2" falsecount="0"/>
      <line num="56" count="3" type="cond" truecount="2" falsecount="0"/>
      <line num="57" count="3" type="stmt"/>
      <line num="61" count="1" type="stmt"/>
      <line num="65" count="2" type="stmt"/>
      <line num="66" count="2" type="stmt"/>
      <line num="73" count="2" type="stmt"/>
      <line num="74" count="2" type="stmt"/>
      <line num="75" count="2" type="stmt"/>
      <line num="76" count="2" type="cond" truecount="2" falsecount="0"/>
      <line num="77" count="2" type="stmt"/>
    </file>
    <file name="shadowDescriptionBuilder.js" path="/Users/folademiladeoyeleke/headstart-local/shadowDescriptionBuilder.js">
      <metrics statements="29" coveredstatements="29" conditionals="26" coveredconditionals="26" methods="4" coveredmethods="4"/>
      <line num="3" count="6" type="stmt"/>
      <line num="4" count="6" type="cond" truecount="4" falsecount="0"/>
      <line num="5" count="5" type="cond" truecount="2" falsecount="0"/>
      <line num="9" count="2" type="stmt"/>
      <line num="13" count="6" type="cond" truecount="2" falsecount="0"/>
      <line num="15" count="4" type="cond" truecount="2" falsecount="0"/>
      <line num="19" count="4" type="cond" truecount="2" falsecount="0"/>
      <line num="21" count="3" type="cond" truecount="4" falsecount="0"/>
      <line num="22" count="2" type="stmt"/>
      <line num="23" count="2" type="stmt"/>
      <line num="26" count="1" type="stmt"/>
      <line num="27" count="1" type="stmt"/>
      <line num="33" count="1" type="stmt"/>
      <line num="39" count="1" type="stmt"/>
      <line num="43" count="7" type="cond" truecount="2" falsecount="0"/>
      <line num="45" count="4" type="stmt"/>
      <line num="64" count="3" type="stmt"/>
      <line num="65" count="3" type="stmt"/>
      <line num="66" count="3" type="stmt"/>
      <line num="67" count="3" type="stmt"/>
      <line num="71" count="3" type="cond" truecount="2" falsecount="0"/>
      <line num="72" count="2" type="stmt"/>
      <line num="75" count="3" type="cond" truecount="2" falsecount="0"/>
      <line num="76" count="1" type="stmt"/>
      <line num="77" count="2" type="cond" truecount="2" falsecount="0"/>
      <line num="78" count="1" type="stmt"/>
      <line num="81" count="3" type="cond" truecount="2" falsecount="0"/>
      <line num="82" count="2" type="stmt"/>
      <line num="85" count="3" type="stmt"/>
    </file>
  </project>
</coverage>
