{"/Users/folademiladeoyeleke/headstart-local/backgroundProcessing.js": {"path":"/Users/folademiladeoyeleke/headstart-local/backgroundProcessing.js","statementMap":{"0":{"start":{"line":6,"column":4},"end":{"line":6,"column":35}},"1":{"start":{"line":7,"column":4},"end":{"line":7,"column":33}},"2":{"start":{"line":11,"column":21},"end":{"line":11,"column":51}},"3":{"start":{"line":12,"column":4},"end":{"line":14,"column":5}},"4":{"start":{"line":12,"column":17},"end":{"line":12,"column":18}},"5":{"start":{"line":13,"column":6},"end":{"line":13,"column":75}},"6":{"start":{"line":13,"column":68},"end":{"line":13,"column":75}},"7":{"start":{"line":15,"column":4},"end":{"line":15,"column":80}},"8":{"start":{"line":19,"column":22},"end":{"line":19,"column":53}},"9":{"start":{"line":20,"column":4},"end":{"line":23,"column":5}},"10":{"start":{"line":21,"column":20},"end":{"line":21,"column":58}},"11":{"start":{"line":22,"column":6},"end":{"line":22,"column":45}},"12":{"start":{"line":27,"column":4},"end":{"line":27,"column":40}},"13":{"start":{"line":27,"column":28},"end":{"line":27,"column":40}},"14":{"start":{"line":29,"column":4},"end":{"line":37,"column":5}},"15":{"start":{"line":30,"column":23},"end":{"line":30,"column":44}},"16":{"start":{"line":31,"column":6},"end":{"line":31,"column":60}},"17":{"start":{"line":31,"column":48},"end":{"line":31,"column":60}},"18":{"start":{"line":33,"column":26},"end":{"line":33,"column":48}},"19":{"start":{"line":34,"column":6},"end":{"line":34,"column":53}},"20":{"start":{"line":36,"column":6},"end":{"line":36,"column":18}},"21":{"start":{"line":41,"column":4},"end":{"line":41,"column":38}},"22":{"start":{"line":41,"column":28},"end":{"line":41,"column":38}},"23":{"start":{"line":43,"column":4},"end":{"line":47,"column":5}},"24":{"start":{"line":44,"column":6},"end":{"line":44,"column":41}},"25":{"start":{"line":46,"column":6},"end":{"line":46,"column":16}},"26":{"start":{"line":51,"column":22},"end":{"line":51,"column":68}},"27":{"start":{"line":52,"column":16},"end":{"line":52,"column":26}},"28":{"start":{"line":54,"column":24},"end":{"line":54,"column":75}},"29":{"start":{"line":55,"column":22},"end":{"line":55,"column":74}},"30":{"start":{"line":57,"column":20},"end":{"line":57,"column":63}},"31":{"start":{"line":58,"column":17},"end":{"line":58,"column":18}},"32":{"start":{"line":60,"column":4},"end":{"line":85,"column":5}},"33":{"start":{"line":60,"column":17},"end":{"line":60,"column":18}},"34":{"start":{"line":61,"column":21},"end":{"line":61,"column":31}},"35":{"start":{"line":62,"column":23},"end":{"line":62,"column":68}},"36":{"start":{"line":63,"column":26},"end":{"line":63,"column":65}},"37":{"start":{"line":65,"column":6},"end":{"line":65,"column":46}},"38":{"start":{"line":65,"column":37},"end":{"line":65,"column":46}},"39":{"start":{"line":67,"column":26},"end":{"line":67,"column":79}},"40":{"start":{"line":68,"column":25},"end":{"line":68,"column":30}},"41":{"start":{"line":70,"column":6},"end":{"line":77,"column":7}},"42":{"start":{"line":71,"column":8},"end":{"line":71,"column":28}},"43":{"start":{"line":73,"column":30},"end":{"line":73,"column":129}},"44":{"start":{"line":74,"column":8},"end":{"line":76,"column":9}},"45":{"start":{"line":75,"column":10},"end":{"line":75,"column":30}},"46":{"start":{"line":79,"column":6},"end":{"line":84,"column":7}},"47":{"start":{"line":80,"column":8},"end":{"line":83,"column":67}},"48":{"start":{"line":81,"column":10},"end":{"line":81,"column":31}},"49":{"start":{"line":82,"column":10},"end":{"line":82,"column":19}},"50":{"start":{"line":83,"column":21},"end":{"line":83,"column":65}},"51":{"start":{"line":86,"column":4},"end":{"line":86,"column":18}},"52":{"start":{"line":90,"column":24},"end":{"line":90,"column":51}},"53":{"start":{"line":91,"column":4},"end":{"line":91,"column":85}},"54":{"start":{"line":93,"column":16},"end":{"line":93,"column":26}},"55":{"start":{"line":94,"column":16},"end":{"line":94,"column":83}},"56":{"start":{"line":95,"column":16},"end":{"line":95,"column":76}},"57":{"start":{"line":97,"column":4},"end":{"line":156,"column":5}},"58":{"start":{"line":97,"column":17},"end":{"line":97,"column":18}},"59":{"start":{"line":98,"column":20},"end":{"line":98,"column":34}},"60":{"start":{"line":99,"column":6},"end":{"line":155,"column":7}},"61":{"start":{"line":100,"column":25},"end":{"line":100,"column":59}},"62":{"start":{"line":101,"column":8},"end":{"line":101,"column":32}},"63":{"start":{"line":101,"column":23},"end":{"line":101,"column":32}},"64":{"start":{"line":103,"column":23},"end":{"line":103,"column":51}},"65":{"start":{"line":105,"column":8},"end":{"line":152,"column":9}},"66":{"start":{"line":105,"column":21},"end":{"line":105,"column":22}},"67":{"start":{"line":106,"column":10},"end":{"line":106,"column":31}},"68":{"start":{"line":108,"column":21},"end":{"line":108,"column":30}},"69":{"start":{"line":110,"column":10},"end":{"line":116,"column":11}},"70":{"start":{"line":114,"column":12},"end":{"line":114,"column":28}},"71":{"start":{"line":115,"column":12},"end":{"line":115,"column":21}},"72":{"start":{"line":118,"column":33},"end":{"line":118,"column":74}},"73":{"start":{"line":119,"column":31},"end":{"line":119,"column":76}},"74":{"start":{"line":121,"column":10},"end":{"line":143,"column":11}},"75":{"start":{"line":122,"column":36},"end":{"line":122,"column":96}},"76":{"start":{"line":123,"column":33},"end":{"line":123,"column":76}},"77":{"start":{"line":124,"column":34},"end":{"line":124,"column":97}},"78":{"start":{"line":125,"column":32},"end":{"line":125,"column":93}},"79":{"start":{"line":126,"column":48},"end":{"line":126,"column":117}},"80":{"start":{"line":127,"column":33},"end":{"line":127,"column":104}},"81":{"start":{"line":128,"column":31},"end":{"line":128,"column":96}},"82":{"start":{"line":129,"column":38},"end":{"line":129,"column":112}},"83":{"start":{"line":131,"column":12},"end":{"line":141,"column":13}},"84":{"start":{"line":132,"column":14},"end":{"line":132,"column":88}},"85":{"start":{"line":133,"column":14},"end":{"line":138,"column":15}},"86":{"start":{"line":134,"column":16},"end":{"line":134,"column":70}},"87":{"start":{"line":135,"column":16},"end":{"line":135,"column":34}},"88":{"start":{"line":137,"column":16},"end":{"line":137,"column":31}},"89":{"start":{"line":140,"column":14},"end":{"line":140,"column":30}},"90":{"start":{"line":142,"column":12},"end":{"line":142,"column":21}},"91":{"start":{"line":145,"column":10},"end":{"line":151,"column":11}},"92":{"start":{"line":146,"column":12},"end":{"line":146,"column":66}},"93":{"start":{"line":147,"column":12},"end":{"line":147,"column":30}},"94":{"start":{"line":149,"column":12},"end":{"line":149,"column":47}},"95":{"start":{"line":150,"column":12},"end":{"line":150,"column":27}},"96":{"start":{"line":154,"column":8},"end":{"line":154,"column":51}},"97":{"start":{"line":157,"column":4},"end":{"line":157,"column":17}}},"fnMap":{"0":{"name":"(anonymous_0)","decl":{"start":{"line":5,"column":2},"end":{"line":5,"column":3}},"loc":{"start":{"line":5,"column":39},"end":{"line":8,"column":3}},"line":5},"1":{"name":"(anonymous_1)","decl":{"start":{"line":10,"column":2},"end":{"line":10,"column":3}},"loc":{"start":{"line":10,"column":24},"end":{"line":16,"column":3}},"line":10},"2":{"name":"(anonymous_2)","decl":{"start":{"line":18,"column":2},"end":{"line":18,"column":3}},"loc":{"start":{"line":18,"column":22},"end":{"line":24,"column":3}},"line":18},"3":{"name":"(anonymous_3)","decl":{"start":{"line":26,"column":2},"end":{"line":26,"column":3}},"loc":{"start":{"line":26,"column":33},"end":{"line":38,"column":3}},"line":26},"4":{"name":"(anonymous_4)","decl":{"start":{"line":40,"column":2},"end":{"line":40,"column":3}},"loc":{"start":{"line":40,"column":32},"end":{"line":48,"column":3}},"line":40},"5":{"name":"(anonymous_5)","decl":{"start":{"line":50,"column":2},"end":{"line":50,"column":3}},"loc":{"start":{"line":50,"column":25},"end":{"line":87,"column":3}},"line":50},"6":{"name":"(anonymous_6)","decl":{"start":{"line":89,"column":2},"end":{"line":89,"column":3}},"loc":{"start":{"line":89,"column":29},"end":{"line":158,"column":3}},"line":89}},"branchMap":{"0":{"loc":{"start":{"line":13,"column":6},"end":{"line":13,"column":75}},"type":"if","locations":[{"start":{"line":13,"column":6},"end":{"line":13,"column":75}},{"start":{},"end":{}}],"line":13},"1":{"loc":{"start":{"line":20,"column":4},"end":{"line":23,"column":5}},"type":"if","locations":[{"start":{"line":20,"column":4},"end":{"line":23,"column":5}},{"start":{},"end":{}}],"line":20},"2":{"loc":{"start":{"line":27,"column":4},"end":{"line":27,"column":40}},"type":"if","locations":[{"start":{"line":27,"column":4},"end":{"line":27,"column":40}},{"start":{},"end":{}}],"line":27},"3":{"loc":{"start":{"line":27,"column":8},"end":{"line":27,"column":26}},"type":"binary-expr","locations":[{"start":{"line":27,"column":8},"end":{"line":27,"column":14}},{"start":{"line":27,"column":18},"end":{"line":27,"column":26}}],"line":27},"4":{"loc":{"start":{"line":31,"column":6},"end":{"line":31,"column":60}},"type":"if","locations":[{"start":{"line":31,"column":6},"end":{"line":31,"column":60}},{"start":{},"end":{}}],"line":31},"5":{"loc":{"start":{"line":31,"column":10},"end":{"line":31,"column":46}},"type":"binary-expr","locations":[{"start":{"line":31,"column":10},"end":{"line":31,"column":27}},{"start":{"line":31,"column":31},"end":{"line":31,"column":46}}],"line":31},"6":{"loc":{"start":{"line":34,"column":13},"end":{"line":34,"column":52}},"type":"cond-expr","locations":[{"start":{"line":34,"column":34},"end":{"line":34,"column":38}},{"start":{"line":34,"column":41},"end":{"line":34,"column":52}}],"line":34},"7":{"loc":{"start":{"line":41,"column":4},"end":{"line":41,"column":38}},"type":"if","locations":[{"start":{"line":41,"column":4},"end":{"line":41,"column":38}},{"start":{},"end":{}}],"line":41},"8":{"loc":{"start":{"line":41,"column":8},"end":{"line":41,"column":26}},"type":"binary-expr","locations":[{"start":{"line":41,"column":8},"end":{"line":41,"column":14}},{"start":{"line":41,"column":18},"end":{"line":41,"column":26}}],"line":41},"9":{"loc":{"start":{"line":44,"column":13},"end":{"line":44,"column":40}},"type":"binary-expr","locations":[{"start":{"line":44,"column":13},"end":{"line":44,"column":34}},{"start":{"line":44,"column":38},"end":{"line":44,"column":40}}],"line":44},"10":{"loc":{"start":{"line":65,"column":6},"end":{"line":65,"column":46}},"type":"if","locations":[{"start":{"line":65,"column":6},"end":{"line":65,"column":46}},{"start":{},"end":{}}],"line":65},"11":{"loc":{"start":{"line":65,"column":10},"end":{"line":65,"column":35}},"type":"binary-expr","locations":[{"start":{"line":65,"column":10},"end":{"line":65,"column":19}},{"start":{"line":65,"column":23},"end":{"line":65,"column":35}}],"line":65},"12":{"loc":{"start":{"line":70,"column":6},"end":{"line":77,"column":7}},"type":"if","locations":[{"start":{"line":70,"column":6},"end":{"line":77,"column":7}},{"start":{"line":72,"column":13},"end":{"line":77,"column":7}}],"line":70},"13":{"loc":{"start":{"line":74,"column":8},"end":{"line":76,"column":9}},"type":"if","locations":[{"start":{"line":74,"column":8},"end":{"line":76,"column":9}},{"start":{},"end":{}}],"line":74},"14":{"loc":{"start":{"line":79,"column":6},"end":{"line":84,"column":7}},"type":"if","locations":[{"start":{"line":79,"column":6},"end":{"line":84,"column":7}},{"start":{},"end":{}}],"line":79},"15":{"loc":{"start":{"line":101,"column":8},"end":{"line":101,"column":32}},"type":"if","locations":[{"start":{"line":101,"column":8},"end":{"line":101,"column":32}},{"start":{},"end":{}}],"line":101},"16":{"loc":{"start":{"line":110,"column":10},"end":{"line":116,"column":11}},"type":"if","locations":[{"start":{"line":110,"column":10},"end":{"line":116,"column":11}},{"start":{},"end":{}}],"line":110},"17":{"loc":{"start":{"line":110,"column":14},"end":{"line":113,"column":55}},"type":"binary-expr","locations":[{"start":{"line":110,"column":14},"end":{"line":110,"column":32}},{"start":{"line":111,"column":14},"end":{"line":111,"column":61}},{"start":{"line":112,"column":14},"end":{"line":112,"column":69}},{"start":{"line":113,"column":14},"end":{"line":113,"column":55}}],"line":110},"18":{"loc":{"start":{"line":121,"column":10},"end":{"line":143,"column":11}},"type":"if","locations":[{"start":{"line":121,"column":10},"end":{"line":143,"column":11}},{"start":{},"end":{}}],"line":121},"19":{"loc":{"start":{"line":127,"column":33},"end":{"line":127,"column":104}},"type":"binary-expr","locations":[{"start":{"line":127,"column":33},"end":{"line":127,"column":55}},{"start":{"line":127,"column":59},"end":{"line":127,"column":104}}],"line":127},"20":{"loc":{"start":{"line":128,"column":31},"end":{"line":128,"column":96}},"type":"binary-expr","locations":[{"start":{"line":128,"column":31},"end":{"line":128,"column":51}},{"start":{"line":128,"column":55},"end":{"line":128,"column":96}}],"line":128},"21":{"loc":{"start":{"line":129,"column":71},"end":{"line":129,"column":111}},"type":"binary-expr","locations":[{"start":{"line":129,"column":71},"end":{"line":129,"column":105}},{"start":{"line":129,"column":109},"end":{"line":129,"column":111}}],"line":129},"22":{"loc":{"start":{"line":131,"column":12},"end":{"line":141,"column":13}},"type":"if","locations":[{"start":{"line":131,"column":12},"end":{"line":141,"column":13}},{"start":{"line":139,"column":19},"end":{"line":141,"column":13}}],"line":131},"23":{"loc":{"start":{"line":131,"column":16},"end":{"line":131,"column":98}},"type":"binary-expr","locations":[{"start":{"line":131,"column":16},"end":{"line":131,"column":31}},{"start":{"line":131,"column":35},"end":{"line":131,"column":47}},{"start":{"line":131,"column":51},"end":{"line":131,"column":63}},{"start":{"line":131,"column":67},"end":{"line":131,"column":77}},{"start":{"line":131,"column":81},"end":{"line":131,"column":98}}],"line":131}},"s":{"0":15,"1":15,"2":2,"3":2,"4":2,"5":2,"6":1,"7":1,"8":2,"9":2,"10":1,"11":1,"12":11,"13":1,"14":10,"15":10,"16":9,"17":4,"18":5,"19":5,"20":1,"21":6,"22":1,"23":5,"24":5,"25":1,"26":3,"27":3,"28":3,"29":3,"30":3,"31":3,"32":3,"33":3,"34":5,"35":5,"36":5,"37":5,"38":1,"39":4,"40":4,"41":4,"42":2,"43":2,"44":2,"45":1,"46":4,"47":3,"48":3,"49":2,"50":1,"51":3,"52":7,"53":7,"54":7,"55":7,"56":7,"57":7,"58":7,"59":8,"60":8,"61":8,"62":7,"63":1,"64":6,"65":6,"66":6,"67":9,"68":9,"69":9,"70":3,"71":3,"72":6,"73":6,"74":6,"75":4,"76":4,"77":4,"78":4,"79":4,"80":4,"81":4,"82":4,"83":4,"84":3,"85":3,"86":3,"87":2,"88":1,"89":1,"90":4,"91":2,"92":2,"93":1,"94":1,"95":1,"96":1,"97":7},"f":{"0":15,"1":2,"2":2,"3":11,"4":6,"5":3,"6":7},"b":{"0":[1,1],"1":[1,1],"2":[1,10],"3":[11,10],"4":[4,5],"5":[9,5],"6":[1,4],"7":[1,5],"8":[6,5],"9":[5,2],"10":[1,4],"11":[5,4],"12":[2,2],"13":[1,1],"14":[3,1],"15":[1,6],"16":[3,6],"17":[9,8,7,6],"18":[4,2],"19":[4,2],"20":[4,2],"21":[4,2],"22":[3,1],"23":[4,3,3,2,2]},"_coverageSchema":"1a1c01bbd47fc00a2c39e90264f33305004495a9","hash":"193d41dfc70caa7fb885d14184229b26cf68fc86"}
,"/Users/folademiladeoyeleke/headstart-local/bufferDecisionService.js": {"path":"/Users/folademiladeoyeleke/headstart-local/bufferDecisionService.js","statementMap":{"0":{"start":{"line":3,"column":4},"end":{"line":3,"column":29}},"1":{"start":{"line":4,"column":4},"end":{"line":4,"column":37}},"2":{"start":{"line":8,"column":28},"end":{"line":8,"column":41}},"3":{"start":{"line":10,"column":4},"end":{"line":19,"column":5}},"4":{"start":{"line":11,"column":6},"end":{"line":13,"column":7}},"5":{"start":{"line":12,"column":8},"end":{"line":12,"column":88}},"6":{"start":{"line":15,"column":20},"end":{"line":15,"column":64}},"7":{"start":{"line":16,"column":6},"end":{"line":16,"column":39}},"8":{"start":{"line":16,"column":26},"end":{"line":16,"column":39}},"9":{"start":{"line":18,"column":6},"end":{"line":18,"column":93}},"10":{"start":{"line":21,"column":4},"end":{"line":23,"column":5}},"11":{"start":{"line":22,"column":6},"end":{"line":22,"column":88}},"12":{"start":{"line":25,"column":4},"end":{"line":27,"column":5}},"13":{"start":{"line":26,"column":6},"end":{"line":26,"column":87}},"14":{"start":{"line":29,"column":29},"end":{"line":29,"column":108}},"15":{"start":{"line":30,"column":25},"end":{"line":35,"column":5}},"16":{"start":{"line":37,"column":4},"end":{"line":41,"column":6}}},"fnMap":{"0":{"name":"(anonymous_0)","decl":{"start":{"line":2,"column":2},"end":{"line":2,"column":3}},"loc":{"start":{"line":2,"column":38},"end":{"line":5,"column":3}},"line":2},"1":{"name":"(anonymous_1)","decl":{"start":{"line":7,"column":2},"end":{"line":7,"column":3}},"loc":{"start":{"line":7,"column":74},"end":{"line":42,"column":3}},"line":7}},"branchMap":{"0":{"loc":{"start":{"line":8,"column":28},"end":{"line":8,"column":41}},"type":"binary-expr","locations":[{"start":{"line":8,"column":28},"end":{"line":8,"column":35}},{"start":{"line":8,"column":39},"end":{"line":8,"column":41}}],"line":8},"1":{"loc":{"start":{"line":10,"column":4},"end":{"line":19,"column":5}},"type":"if","locations":[{"start":{"line":10,"column":4},"end":{"line":19,"column":5}},{"start":{},"end":{}}],"line":10},"2":{"loc":{"start":{"line":11,"column":6},"end":{"line":13,"column":7}},"type":"if","locations":[{"start":{"line":11,"column":6},"end":{"line":13,"column":7}},{"start":{},"end":{}}],"line":11},"3":{"loc":{"start":{"line":11,"column":10},"end":{"line":11,"column":85}},"type":"binary-expr","locations":[{"start":{"line":11,"column":10},"end":{"line":11,"column":47}},{"start":{"line":11,"column":51},"end":{"line":11,"column":85}}],"line":11},"4":{"loc":{"start":{"line":15,"column":29},"end":{"line":15,"column":63}},"type":"binary-expr","locations":[{"start":{"line":15,"column":29},"end":{"line":15,"column":55}},{"start":{"line":15,"column":59},"end":{"line":15,"column":63}}],"line":15},"5":{"loc":{"start":{"line":16,"column":6},"end":{"line":16,"column":39}},"type":"if","locations":[{"start":{"line":16,"column":6},"end":{"line":16,"column":39}},{"start":{},"end":{}}],"line":16},"6":{"loc":{"start":{"line":21,"column":4},"end":{"line":23,"column":5}},"type":"if","locations":[{"start":{"line":21,"column":4},"end":{"line":23,"column":5}},{"start":{},"end":{}}],"line":21},"7":{"loc":{"start":{"line":25,"column":4},"end":{"line":27,"column":5}},"type":"if","locations":[{"start":{"line":25,"column":4},"end":{"line":27,"column":5}},{"start":{},"end":{}}],"line":25}},"s":{"0":9,"1":9,"2":7,"3":7,"4":4,"5":1,"6":3,"7":3,"8":1,"9":3,"10":3,"11":1,"12":2,"13":1,"14":1,"15":1,"16":1},"f":{"0":9,"1":7},"b":{"0":[7,7],"1":[4,3],"2":[1,3],"3":[4,1],"4":[3,1],"5":[1,2],"6":[1,2],"7":[1,1]},"_coverageSchema":"1a1c01bbd47fc00a2c39e90264f33305004495a9","hash":"f5de8c29b092b9c16bcff3711ccadcaac9a532b8"}
,"/Users/folademiladeoyeleke/headstart-local/calendarApiWrapper.js": {"path":"/Users/folademiladeoyeleke/headstart-local/calendarApiWrapper.js","statementMap":{"0":{"start":{"line":51,"column":4},"end":{"line":51,"column":29}},"1":{"start":{"line":52,"column":4},"end":{"line":52,"column":37}},"2":{"start":{"line":53,"column":21},"end":{"line":53,"column":39}},"3":{"start":{"line":54,"column":4},"end":{"line":54,"column":106}},"4":{"start":{"line":55,"column":4},"end":{"line":55,"column":91}},"5":{"start":{"line":56,"column":4},"end":{"line":56,"column":106}},"6":{"start":{"line":57,"column":4},"end":{"line":57,"column":119}},"7":{"start":{"line":103,"column":21},"end":{"line":103,"column":37}},"8":{"start":{"line":104,"column":4},"end":{"line":112,"column":6}},"9":{"start":{"line":116,"column":4},"end":{"line":116,"column":76}},"10":{"start":{"line":116,"column":64},"end":{"line":116,"column":76}},"11":{"start":{"line":117,"column":4},"end":{"line":118,"column":68}},"12":{"start":{"line":262,"column":4},"end":{"line":262,"column":63}},"13":{"start":{"line":262,"column":56},"end":{"line":262,"column":63}},"14":{"start":{"line":264,"column":4},"end":{"line":269,"column":20}},"15":{"start":{"line":265,"column":6},"end":{"line":268,"column":21}},"16":{"start":{"line":278,"column":4},"end":{"line":292,"column":5}},"17":{"start":{"line":278,"column":23},"end":{"line":278,"column":24}},"18":{"start":{"line":279,"column":29},"end":{"line":283,"column":8}},"19":{"start":{"line":285,"column":6},"end":{"line":287,"column":7}},"20":{"start":{"line":286,"column":8},"end":{"line":286,"column":30}},"21":{"start":{"line":289,"column":6},"end":{"line":291,"column":7}},"22":{"start":{"line":290,"column":8},"end":{"line":290,"column":29}},"23":{"start":{"line":294,"column":4},"end":{"line":294,"column":16}},"24":{"start":{"line":398,"column":4},"end":{"line":398,"column":80}},"25":{"start":{"line":398,"column":10},"end":{"line":398,"column":52}},"26":{"start":{"line":398,"column":66},"end":{"line":398,"column":78}}},"fnMap":{"0":{"name":"(anonymous_0)","decl":{"start":{"line":50,"column":2},"end":{"line":50,"column":3}},"loc":{"start":{"line":50,"column":52},"end":{"line":58,"column":3}},"line":50},"1":{"name":"(anonymous_1)","decl":{"start":{"line":102,"column":2},"end":{"line":102,"column":3}},"loc":{"start":{"line":102,"column":35},"end":{"line":113,"column":3}},"line":102},"2":{"name":"(anonymous_2)","decl":{"start":{"line":115,"column":2},"end":{"line":115,"column":3}},"loc":{"start":{"line":115,"column":44},"end":{"line":119,"column":3}},"line":115},"3":{"name":"(anonymous_3)","decl":{"start":{"line":261,"column":2},"end":{"line":261,"column":3}},"loc":{"start":{"line":261,"column":45},"end":{"line":270,"column":3}},"line":261},"4":{"name":"(anonymous_4)","decl":{"start":{"line":277,"column":2},"end":{"line":277,"column":3}},"loc":{"start":{"line":277,"column":58},"end":{"line":295,"column":3}},"line":277},"5":{"name":"(anonymous_5)","decl":{"start":{"line":397,"column":2},"end":{"line":397,"column":3}},"loc":{"start":{"line":397,"column":31},"end":{"line":399,"column":3}},"line":397}},"branchMap":{"0":{"loc":{"start":{"line":53,"column":21},"end":{"line":53,"column":39}},"type":"binary-expr","locations":[{"start":{"line":53,"column":21},"end":{"line":53,"column":33}},{"start":{"line":53,"column":37},"end":{"line":53,"column":39}}],"line":53},"1":{"loc":{"start":{"line":54,"column":36},"end":{"line":54,"column":105}},"type":"binary-expr","locations":[{"start":{"line":54,"column":36},"end":{"line":54,"column":69}},{"start":{"line":54,"column":73},"end":{"line":54,"column":105}}],"line":54},"2":{"loc":{"start":{"line":55,"column":31},"end":{"line":55,"column":90}},"type":"binary-expr","locations":[{"start":{"line":55,"column":31},"end":{"line":55,"column":59}},{"start":{"line":55,"column":63},"end":{"line":55,"column":90}}],"line":55},"3":{"loc":{"start":{"line":56,"column":36},"end":{"line":56,"column":105}},"type":"binary-expr","locations":[{"start":{"line":56,"column":36},"end":{"line":56,"column":69}},{"start":{"line":56,"column":73},"end":{"line":56,"column":105}}],"line":56},"4":{"loc":{"start":{"line":57,"column":33},"end":{"line":57,"column":118}},"type":"binary-expr","locations":[{"start":{"line":57,"column":33},"end":{"line":57,"column":63}},{"start":{"line":57,"column":67},"end":{"line":57,"column":118}}],"line":57},"5":{"loc":{"start":{"line":103,"column":21},"end":{"line":103,"column":37}},"type":"binary-expr","locations":[{"start":{"line":103,"column":21},"end":{"line":103,"column":31}},{"start":{"line":103,"column":35},"end":{"line":103,"column":37}}],"line":103},"6":{"loc":{"start":{"line":105,"column":18},"end":{"line":105,"column":63}},"type":"binary-expr","locations":[{"start":{"line":105,"column":18},"end":{"line":105,"column":37}},{"start":{"line":105,"column":41},"end":{"line":105,"column":57}},{"start":{"line":105,"column":61},"end":{"line":105,"column":63}}],"line":105},"7":{"loc":{"start":{"line":106,"column":15},"end":{"line":106,"column":57}},"type":"binary-expr","locations":[{"start":{"line":106,"column":15},"end":{"line":106,"column":31}},{"start":{"line":106,"column":35},"end":{"line":106,"column":51}},{"start":{"line":106,"column":55},"end":{"line":106,"column":57}}],"line":106},"8":{"loc":{"start":{"line":107,"column":24},"end":{"line":107,"column":55}},"type":"binary-expr","locations":[{"start":{"line":107,"column":24},"end":{"line":107,"column":49}},{"start":{"line":107,"column":53},"end":{"line":107,"column":55}}],"line":107},"9":{"loc":{"start":{"line":110,"column":22},"end":{"line":110,"column":53}},"type":"binary-expr","locations":[{"start":{"line":110,"column":22},"end":{"line":110,"column":45}},{"start":{"line":110,"column":49},"end":{"line":110,"column":53}}],"line":110},"10":{"loc":{"start":{"line":111,"column":19},"end":{"line":111,"column":45}},"type":"binary-expr","locations":[{"start":{"line":111,"column":19},"end":{"line":111,"column":39}},{"start":{"line":111,"column":43},"end":{"line":111,"column":45}}],"line":111},"11":{"loc":{"start":{"line":116,"column":4},"end":{"line":116,"column":76}},"type":"if","locations":[{"start":{"line":116,"column":4},"end":{"line":116,"column":76}},{"start":{},"end":{}}],"line":116},"12":{"loc":{"start":{"line":116,"column":8},"end":{"line":116,"column":62}},"type":"binary-expr","locations":[{"start":{"line":116,"column":8},"end":{"line":116,"column":14}},{"start":{"line":116,"column":18},"end":{"line":116,"column":39}},{"start":{"line":116,"column":43},"end":{"line":116,"column":62}}],"line":116},"13":{"loc":{"start":{"line":117,"column":11},"end":{"line":118,"column":67}},"type":"binary-expr","locations":[{"start":{"line":117,"column":11},"end":{"line":117,"column":76}},{"start":{"line":118,"column":6},"end":{"line":118,"column":67}}],"line":117},"14":{"loc":{"start":{"line":262,"column":4},"end":{"line":262,"column":63}},"type":"if","locations":[{"start":{"line":262,"column":4},"end":{"line":262,"column":63}},{"start":{},"end":{}}],"line":262},"15":{"loc":{"start":{"line":262,"column":8},"end":{"line":262,"column":54}},"type":"binary-expr","locations":[{"start":{"line":262,"column":8},"end":{"line":262,"column":39}},{"start":{"line":262,"column":43},"end":{"line":262,"column":54}}],"line":262},"16":{"loc":{"start":{"line":285,"column":6},"end":{"line":287,"column":7}},"type":"if","locations":[{"start":{"line":285,"column":6},"end":{"line":287,"column":7}},{"start":{},"end":{}}],"line":285},"17":{"loc":{"start":{"line":285,"column":10},"end":{"line":285,"column":45}},"type":"binary-expr","locations":[{"start":{"line":285,"column":10},"end":{"line":285,"column":24}},{"start":{"line":285,"column":28},"end":{"line":285,"column":45}}],"line":285},"18":{"loc":{"start":{"line":289,"column":6},"end":{"line":291,"column":7}},"type":"if","locations":[{"start":{"line":289,"column":6},"end":{"line":291,"column":7}},{"start":{},"end":{}}],"line":289},"19":{"loc":{"start":{"line":289,"column":10},"end":{"line":289,"column":53}},"type":"binary-expr","locations":[{"start":{"line":289,"column":10},"end":{"line":289,"column":21}},{"start":{"line":289,"column":25},"end":{"line":289,"column":34}},{"start":{"line":289,"column":38},"end":{"line":289,"column":53}}],"line":289}},"s":{"0":19,"1":19,"2":19,"3":19,"4":19,"5":19,"6":19,"7":10,"8":10,"9":8,"10":2,"11":6,"12":9,"13":1,"14":8,"15":8,"16":4,"17":4,"18":8,"19":8,"20":3,"21":5,"22":4,"23":1,"24":1,"25":1,"26":1},"f":{"0":19,"1":10,"2":8,"3":9,"4":4,"5":1},"b":{"0":[19,2],"1":[19,3],"2":[19,2],"3":[19,2],"4":[19,2],"5":[10,2],"6":[10,9,9],"7":[10,7,7],"8":[10,10],"9":[10,10],"10":[10,10],"11":[2,6],"12":[8,8,6],"13":[6,4],"14":[1,8],"15":[9,9],"16":[3,5],"17":[8,4],"18":[4,1],"19":[5,4,4]},"_coverageSchema":"1a1c01bbd47fc00a2c39e90264f33305004495a9","hash":"8855608e4d6ebf42306b191ed9526b919725a62b"}
,"/Users/folademiladeoyeleke/headstart-local/conferenceDetailsService.js": {"path":"/Users/folademiladeoyeleke/headstart-local/conferenceDetailsService.js","statementMap":{"0":{"start":{"line":57,"column":4},"end":{"line":57,"column":26}},"1":{"start":{"line":57,"column":16},"end":{"line":57,"column":26}},"2":{"start":{"line":58,"column":4},"end":{"line":58,"column":58}},"3":{"start":{"line":62,"column":4},"end":{"line":69,"column":6}},"4":{"start":{"line":73,"column":4},"end":{"line":73,"column":106}},"5":{"start":{"line":122,"column":4},"end":{"line":122,"column":58}},"6":{"start":{"line":126,"column":4},"end":{"line":126,"column":30}},"7":{"start":{"line":126,"column":18},"end":{"line":126,"column":30}},"8":{"start":{"line":128,"column":4},"end":{"line":134,"column":5}},"9":{"start":{"line":129,"column":6},"end":{"line":131,"column":9}},"10":{"start":{"line":133,"column":6},"end":{"line":133,"column":18}},"11":{"start":{"line":138,"column":4},"end":{"line":138,"column":75}},"12":{"start":{"line":138,"column":63},"end":{"line":138,"column":75}},"13":{"start":{"line":140,"column":4},"end":{"line":156,"column":5}},"14":{"start":{"line":141,"column":25},"end":{"line":141,"column":57}},"15":{"start":{"line":142,"column":23},"end":{"line":148,"column":8}},"16":{"start":{"line":149,"column":20},"end":{"line":149,"column":68}},"17":{"start":{"line":150,"column":6},"end":{"line":150,"column":37}},"18":{"start":{"line":150,"column":25},"end":{"line":150,"column":37}},"19":{"start":{"line":152,"column":27},"end":{"line":152,"column":65}},"20":{"start":{"line":153,"column":6},"end":{"line":153,"column":38}},"21":{"start":{"line":155,"column":6},"end":{"line":155,"column":18}},"22":{"start":{"line":160,"column":4},"end":{"line":160,"column":89}},"23":{"start":{"line":160,"column":77},"end":{"line":160,"column":89}},"24":{"start":{"line":162,"column":4},"end":{"line":176,"column":5}},"25":{"start":{"line":163,"column":25},"end":{"line":163,"column":57}},"26":{"start":{"line":164,"column":23},"end":{"line":168,"column":8}},"27":{"start":{"line":169,"column":20},"end":{"line":169,"column":68}},"28":{"start":{"line":170,"column":6},"end":{"line":170,"column":37}},"29":{"start":{"line":170,"column":25},"end":{"line":170,"column":37}},"30":{"start":{"line":172,"column":27},"end":{"line":172,"column":65}},"31":{"start":{"line":173,"column":6},"end":{"line":173,"column":38}},"32":{"start":{"line":175,"column":6},"end":{"line":175,"column":18}},"33":{"start":{"line":180,"column":24},"end":{"line":180,"column":71}},"34":{"start":{"line":181,"column":22},"end":{"line":181,"column":67}},"35":{"start":{"line":182,"column":4},"end":{"line":182,"column":48}},"36":{"start":{"line":182,"column":36},"end":{"line":182,"column":48}},"37":{"start":{"line":184,"column":26},"end":{"line":184,"column":47}},"38":{"start":{"line":185,"column":24},"end":{"line":185,"column":43}},"39":{"start":{"line":187,"column":4},"end":{"line":195,"column":5}},"40":{"start":{"line":187,"column":17},"end":{"line":187,"column":18}},"41":{"start":{"line":188,"column":19},"end":{"line":188,"column":27}},"42":{"start":{"line":189,"column":26},"end":{"line":189,"column":59}},"43":{"start":{"line":190,"column":24},"end":{"line":190,"column":55}},"44":{"start":{"line":192,"column":6},"end":{"line":194,"column":7}},"45":{"start":{"line":193,"column":8},"end":{"line":193,"column":20}},"46":{"start":{"line":197,"column":4},"end":{"line":197,"column":16}},"47":{"start":{"line":201,"column":22},"end":{"line":201,"column":69}},"48":{"start":{"line":202,"column":20},"end":{"line":202,"column":65}},"49":{"start":{"line":203,"column":4},"end":{"line":208,"column":5}},"50":{"start":{"line":204,"column":6},"end":{"line":207,"column":8}},"51":{"start":{"line":210,"column":4},"end":{"line":213,"column":6}},"52":{"start":{"line":217,"column":4},"end":{"line":217,"column":28}},"53":{"start":{"line":217,"column":16},"end":{"line":217,"column":28}},"54":{"start":{"line":218,"column":4},"end":{"line":218,"column":44}},"55":{"start":{"line":218,"column":31},"end":{"line":218,"column":44}},"56":{"start":{"line":219,"column":4},"end":{"line":222,"column":5}},"57":{"start":{"line":220,"column":21},"end":{"line":220,"column":36}},"58":{"start":{"line":221,"column":6},"end":{"line":221,"column":53}},"59":{"start":{"line":223,"column":4},"end":{"line":225,"column":5}},"60":{"start":{"line":224,"column":6},"end":{"line":224,"column":63}},"61":{"start":{"line":226,"column":4},"end":{"line":226,"column":16}},"62":{"start":{"line":272,"column":4},"end":{"line":272,"column":54}},"63":{"start":{"line":276,"column":4},"end":{"line":276,"column":61}},"64":{"start":{"line":276,"column":47},"end":{"line":276,"column":61}},"65":{"start":{"line":277,"column":4},"end":{"line":279,"column":5}},"66":{"start":{"line":278,"column":6},"end":{"line":278,"column":84}},"67":{"start":{"line":278,"column":39},"end":{"line":278,"column":66}},"68":{"start":{"line":280,"column":4},"end":{"line":287,"column":5}},"69":{"start":{"line":281,"column":19},"end":{"line":281,"column":44}},"70":{"start":{"line":282,"column":20},"end":{"line":282,"column":22}},"71":{"start":{"line":283,"column":6},"end":{"line":285,"column":7}},"72":{"start":{"line":283,"column":19},"end":{"line":283,"column":20}},"73":{"start":{"line":284,"column":8},"end":{"line":284,"column":90}},"74":{"start":{"line":286,"column":6},"end":{"line":286,"column":41}},"75":{"start":{"line":288,"column":4},"end":{"line":288,"column":33}},"76":{"start":{"line":292,"column":15},"end":{"line":292,"column":16}},"77":{"start":{"line":293,"column":4},"end":{"line":296,"column":5}},"78":{"start":{"line":293,"column":17},"end":{"line":293,"column":18}},"79":{"start":{"line":294,"column":6},"end":{"line":294,"column":56}},"80":{"start":{"line":295,"column":6},"end":{"line":295,"column":16}},"81":{"start":{"line":297,"column":4},"end":{"line":297,"column":24}},"82":{"start":{"line":311,"column":4},"end":{"line":315,"column":5}},"83":{"start":{"line":311,"column":17},"end":{"line":311,"column":18}},"84":{"start":{"line":312,"column":6},"end":{"line":314,"column":7}},"85":{"start":{"line":313,"column":8},"end":{"line":313,"column":34}},"86":{"start":{"line":316,"column":4},"end":{"line":316,"column":14}},"87":{"start":{"line":342,"column":4},"end":{"line":342,"column":51}},"88":{"start":{"line":342,"column":36},"end":{"line":342,"column":51}},"89":{"start":{"line":343,"column":4},"end":{"line":343,"column":51}},"90":{"start":{"line":343,"column":36},"end":{"line":343,"column":51}},"91":{"start":{"line":344,"column":4},"end":{"line":344,"column":47}},"92":{"start":{"line":344,"column":34},"end":{"line":344,"column":47}},"93":{"start":{"line":345,"column":4},"end":{"line":345,"column":49}},"94":{"start":{"line":345,"column":35},"end":{"line":345,"column":49}},"95":{"start":{"line":346,"column":4},"end":{"line":346,"column":24}}},"fnMap":{"0":{"name":"(anonymous_0)","decl":{"start":{"line":56,"column":2},"end":{"line":56,"column":3}},"loc":{"start":{"line":56,"column":36},"end":{"line":59,"column":3}},"line":56},"1":{"name":"(anonymous_1)","decl":{"start":{"line":61,"column":2},"end":{"line":61,"column":3}},"loc":{"start":{"line":61,"column":28},"end":{"line":70,"column":3}},"line":61},"2":{"name":"(anonymous_2)","decl":{"start":{"line":72,"column":2},"end":{"line":72,"column":3}},"loc":{"start":{"line":72,"column":33},"end":{"line":74,"column":3}},"line":72},"3":{"name":"(anonymous_3)","decl":{"start":{"line":121,"column":2},"end":{"line":121,"column":3}},"loc":{"start":{"line":121,"column":44},"end":{"line":123,"column":3}},"line":121},"4":{"name":"(anonymous_4)","decl":{"start":{"line":125,"column":2},"end":{"line":125,"column":3}},"loc":{"start":{"line":125,"column":45},"end":{"line":135,"column":3}},"line":125},"5":{"name":"(anonymous_5)","decl":{"start":{"line":137,"column":2},"end":{"line":137,"column":3}},"loc":{"start":{"line":137,"column":51},"end":{"line":157,"column":3}},"line":137},"6":{"name":"(anonymous_6)","decl":{"start":{"line":159,"column":2},"end":{"line":159,"column":3}},"loc":{"start":{"line":159,"column":63},"end":{"line":177,"column":3}},"line":159},"7":{"name":"(anonymous_7)","decl":{"start":{"line":179,"column":2},"end":{"line":179,"column":3}},"loc":{"start":{"line":179,"column":36},"end":{"line":198,"column":3}},"line":179},"8":{"name":"(anonymous_8)","decl":{"start":{"line":200,"column":2},"end":{"line":200,"column":3}},"loc":{"start":{"line":200,"column":30},"end":{"line":214,"column":3}},"line":200},"9":{"name":"(anonymous_9)","decl":{"start":{"line":216,"column":2},"end":{"line":216,"column":3}},"loc":{"start":{"line":216,"column":24},"end":{"line":227,"column":3}},"line":216},"10":{"name":"(anonymous_10)","decl":{"start":{"line":271,"column":2},"end":{"line":271,"column":3}},"loc":{"start":{"line":271,"column":39},"end":{"line":273,"column":3}},"line":271},"11":{"name":"(anonymous_11)","decl":{"start":{"line":275,"column":2},"end":{"line":275,"column":3}},"loc":{"start":{"line":275,"column":26},"end":{"line":289,"column":3}},"line":275},"12":{"name":"(anonymous_12)","decl":{"start":{"line":278,"column":29},"end":{"line":278,"column":30}},"loc":{"start":{"line":278,"column":39},"end":{"line":278,"column":66}},"line":278},"13":{"name":"(anonymous_13)","decl":{"start":{"line":291,"column":2},"end":{"line":291,"column":3}},"loc":{"start":{"line":291,"column":21},"end":{"line":298,"column":3}},"line":291},"14":{"name":"(anonymous_14)","decl":{"start":{"line":310,"column":2},"end":{"line":310,"column":3}},"loc":{"start":{"line":310,"column":29},"end":{"line":317,"column":3}},"line":310},"15":{"name":"(anonymous_15)","decl":{"start":{"line":341,"column":2},"end":{"line":341,"column":3}},"loc":{"start":{"line":341,"column":38},"end":{"line":347,"column":3}},"line":341}},"branchMap":{"0":{"loc":{"start":{"line":57,"column":4},"end":{"line":57,"column":26}},"type":"if","locations":[{"start":{"line":57,"column":4},"end":{"line":57,"column":26}},{"start":{},"end":{}}],"line":57},"1":{"loc":{"start":{"line":73,"column":14},"end":{"line":73,"column":104}},"type":"binary-expr","locations":[{"start":{"line":73,"column":14},"end":{"line":73,"column":21}},{"start":{"line":73,"column":26},"end":{"line":73,"column":45}},{"start":{"line":73,"column":49},"end":{"line":73,"column":68}},{"start":{"line":73,"column":72},"end":{"line":73,"column":103}}],"line":73},"2":{"loc":{"start":{"line":122,"column":14},"end":{"line":122,"column":56}},"type":"binary-expr","locations":[{"start":{"line":122,"column":14},"end":{"line":122,"column":28}},{"start":{"line":122,"column":32},"end":{"line":122,"column":56}}],"line":122},"3":{"loc":{"start":{"line":126,"column":4},"end":{"line":126,"column":30}},"type":"if","locations":[{"start":{"line":126,"column":4},"end":{"line":126,"column":30}},{"start":{},"end":{}}],"line":126},"4":{"loc":{"start":{"line":138,"column":4},"end":{"line":138,"column":75}},"type":"if","locations":[{"start":{"line":138,"column":4},"end":{"line":138,"column":75}},{"start":{},"end":{}}],"line":138},"5":{"loc":{"start":{"line":138,"column":8},"end":{"line":138,"column":61}},"type":"binary-expr","locations":[{"start":{"line":138,"column":8},"end":{"line":138,"column":16}},{"start":{"line":138,"column":20},"end":{"line":138,"column":36}},{"start":{"line":138,"column":40},"end":{"line":138,"column":61}}],"line":138},"6":{"loc":{"start":{"line":149,"column":20},"end":{"line":149,"column":68}},"type":"cond-expr","locations":[{"start":{"line":149,"column":49},"end":{"line":149,"column":63}},{"start":{"line":149,"column":66},"end":{"line":149,"column":68}}],"line":149},"7":{"loc":{"start":{"line":149,"column":20},"end":{"line":149,"column":46}},"type":"binary-expr","locations":[{"start":{"line":149,"column":20},"end":{"line":149,"column":28}},{"start":{"line":149,"column":32},"end":{"line":149,"column":46}}],"line":149},"8":{"loc":{"start":{"line":150,"column":6},"end":{"line":150,"column":37}},"type":"if","locations":[{"start":{"line":150,"column":6},"end":{"line":150,"column":37}},{"start":{},"end":{}}],"line":150},"9":{"loc":{"start":{"line":153,"column":13},"end":{"line":153,"column":37}},"type":"binary-expr","locations":[{"start":{"line":153,"column":13},"end":{"line":153,"column":25}},{"start":{"line":153,"column":29},"end":{"line":153,"column":37}}],"line":153},"10":{"loc":{"start":{"line":160,"column":4},"end":{"line":160,"column":89}},"type":"if","locations":[{"start":{"line":160,"column":4},"end":{"line":160,"column":89}},{"start":{},"end":{}}],"line":160},"11":{"loc":{"start":{"line":160,"column":8},"end":{"line":160,"column":75}},"type":"binary-expr","locations":[{"start":{"line":160,"column":8},"end":{"line":160,"column":25}},{"start":{"line":160,"column":29},"end":{"line":160,"column":45}},{"start":{"line":160,"column":49},"end":{"line":160,"column":75}}],"line":160},"12":{"loc":{"start":{"line":169,"column":20},"end":{"line":169,"column":68}},"type":"cond-expr","locations":[{"start":{"line":169,"column":49},"end":{"line":169,"column":63}},{"start":{"line":169,"column":66},"end":{"line":169,"column":68}}],"line":169},"13":{"loc":{"start":{"line":169,"column":20},"end":{"line":169,"column":46}},"type":"binary-expr","locations":[{"start":{"line":169,"column":20},"end":{"line":169,"column":28}},{"start":{"line":169,"column":32},"end":{"line":169,"column":46}}],"line":169},"14":{"loc":{"start":{"line":170,"column":6},"end":{"line":170,"column":37}},"type":"if","locations":[{"start":{"line":170,"column":6},"end":{"line":170,"column":37}},{"start":{},"end":{}}],"line":170},"15":{"loc":{"start":{"line":173,"column":13},"end":{"line":173,"column":37}},"type":"binary-expr","locations":[{"start":{"line":173,"column":13},"end":{"line":173,"column":25}},{"start":{"line":173,"column":29},"end":{"line":173,"column":37}}],"line":173},"16":{"loc":{"start":{"line":180,"column":44},"end":{"line":180,"column":70}},"type":"binary-expr","locations":[{"start":{"line":180,"column":44},"end":{"line":180,"column":50}},{"start":{"line":180,"column":54},"end":{"line":180,"column":70}}],"line":180},"17":{"loc":{"start":{"line":181,"column":42},"end":{"line":181,"column":66}},"type":"binary-expr","locations":[{"start":{"line":181,"column":42},"end":{"line":181,"column":48}},{"start":{"line":181,"column":52},"end":{"line":181,"column":66}}],"line":181},"18":{"loc":{"start":{"line":182,"column":4},"end":{"line":182,"column":48}},"type":"if","locations":[{"start":{"line":182,"column":4},"end":{"line":182,"column":48}},{"start":{},"end":{}}],"line":182},"19":{"loc":{"start":{"line":182,"column":8},"end":{"line":182,"column":34}},"type":"binary-expr","locations":[{"start":{"line":182,"column":8},"end":{"line":182,"column":20}},{"start":{"line":182,"column":24},"end":{"line":182,"column":34}}],"line":182},"20":{"loc":{"start":{"line":192,"column":6},"end":{"line":194,"column":7}},"type":"if","locations":[{"start":{"line":192,"column":6},"end":{"line":194,"column":7}},{"start":{},"end":{}}],"line":192},"21":{"loc":{"start":{"line":192,"column":10},"end":{"line":192,"column":68}},"type":"binary-expr","locations":[{"start":{"line":192,"column":10},"end":{"line":192,"column":39}},{"start":{"line":192,"column":43},"end":{"line":192,"column":68}}],"line":192},"22":{"loc":{"start":{"line":201,"column":42},"end":{"line":201,"column":68}},"type":"binary-expr","locations":[{"start":{"line":201,"column":42},"end":{"line":201,"column":48}},{"start":{"line":201,"column":52},"end":{"line":201,"column":68}}],"line":201},"23":{"loc":{"start":{"line":202,"column":40},"end":{"line":202,"column":64}},"type":"binary-expr","locations":[{"start":{"line":202,"column":40},"end":{"line":202,"column":46}},{"start":{"line":202,"column":50},"end":{"line":202,"column":64}}],"line":202},"24":{"loc":{"start":{"line":203,"column":4},"end":{"line":208,"column":5}},"type":"if","locations":[{"start":{"line":203,"column":4},"end":{"line":208,"column":5}},{"start":{},"end":{}}],"line":203},"25":{"loc":{"start":{"line":203,"column":8},"end":{"line":203,"column":30}},"type":"binary-expr","locations":[{"start":{"line":203,"column":8},"end":{"line":203,"column":18}},{"start":{"line":203,"column":22},"end":{"line":203,"column":30}}],"line":203},"26":{"loc":{"start":{"line":217,"column":4},"end":{"line":217,"column":28}},"type":"if","locations":[{"start":{"line":217,"column":4},"end":{"line":217,"column":28}},{"start":{},"end":{}}],"line":217},"27":{"loc":{"start":{"line":218,"column":4},"end":{"line":218,"column":44}},"type":"if","locations":[{"start":{"line":218,"column":4},"end":{"line":218,"column":44}},{"start":{},"end":{}}],"line":218},"28":{"loc":{"start":{"line":219,"column":4},"end":{"line":222,"column":5}},"type":"if","locations":[{"start":{"line":219,"column":4},"end":{"line":222,"column":5}},{"start":{},"end":{}}],"line":219},"29":{"loc":{"start":{"line":221,"column":13},"end":{"line":221,"column":52}},"type":"cond-expr","locations":[{"start":{"line":221,"column":39},"end":{"line":221,"column":43}},{"start":{"line":221,"column":46},"end":{"line":221,"column":52}}],"line":221},"30":{"loc":{"start":{"line":223,"column":4},"end":{"line":225,"column":5}},"type":"if","locations":[{"start":{"line":223,"column":4},"end":{"line":225,"column":5}},{"start":{},"end":{}}],"line":223},"31":{"loc":{"start":{"line":223,"column":8},"end":{"line":223,"column":36}},"type":"binary-expr","locations":[{"start":{"line":223,"column":8},"end":{"line":223,"column":22}},{"start":{"line":223,"column":26},"end":{"line":223,"column":36}}],"line":223},"32":{"loc":{"start":{"line":224,"column":33},"end":{"line":224,"column":61}},"type":"binary-expr","locations":[{"start":{"line":224,"column":33},"end":{"line":224,"column":47}},{"start":{"line":224,"column":51},"end":{"line":224,"column":61}}],"line":224},"33":{"loc":{"start":{"line":276,"column":4},"end":{"line":276,"column":61}},"type":"if","locations":[{"start":{"line":276,"column":4},"end":{"line":276,"column":61}},{"start":{},"end":{}}],"line":276},"34":{"loc":{"start":{"line":276,"column":8},"end":{"line":276,"column":45}},"type":"binary-expr","locations":[{"start":{"line":276,"column":8},"end":{"line":276,"column":22}},{"start":{"line":276,"column":26},"end":{"line":276,"column":45}}],"line":276},"35":{"loc":{"start":{"line":277,"column":4},"end":{"line":279,"column":5}},"type":"if","locations":[{"start":{"line":277,"column":4},"end":{"line":279,"column":5}},{"start":{},"end":{}}],"line":277},"36":{"loc":{"start":{"line":280,"column":4},"end":{"line":287,"column":5}},"type":"if","locations":[{"start":{"line":280,"column":4},"end":{"line":287,"column":5}},{"start":{},"end":{}}],"line":280},"37":{"loc":{"start":{"line":312,"column":6},"end":{"line":314,"column":7}},"type":"if","locations":[{"start":{"line":312,"column":6},"end":{"line":314,"column":7}},{"start":{},"end":{}}],"line":312},"38":{"loc":{"start":{"line":342,"column":4},"end":{"line":342,"column":51}},"type":"if","locations":[{"start":{"line":342,"column":4},"end":{"line":342,"column":51}},{"start":{},"end":{}}],"line":342},"39":{"loc":{"start":{"line":343,"column":4},"end":{"line":343,"column":51}},"type":"if","locations":[{"start":{"line":343,"column":4},"end":{"line":343,"column":51}},{"start":{},"end":{}}],"line":343},"40":{"loc":{"start":{"line":344,"column":4},"end":{"line":344,"column":47}},"type":"if","locations":[{"start":{"line":344,"column":4},"end":{"line":344,"column":47}},{"start":{},"end":{}}],"line":344},"41":{"loc":{"start":{"line":345,"column":4},"end":{"line":345,"column":49}},"type":"if","locations":[{"start":{"line":345,"column":4},"end":{"line":345,"column":49}},{"start":{},"end":{}}],"line":345}},"s":{"0":8,"1":2,"2":6,"3":2,"4":3,"5":4,"6":6,"7":4,"8":2,"9":2,"10":1,"11":8,"12":2,"13":6,"14":6,"15":6,"16":5,"17":5,"18":2,"19":3,"20":3,"21":1,"22":7,"23":2,"24":5,"25":5,"26":5,"27":4,"28":4,"29":1,"30":3,"31":3,"32":1,"33":8,"34":8,"35":8,"36":1,"37":7,"38":7,"39":7,"40":7,"41":7,"42":7,"43":7,"44":7,"45":5,"46":2,"47":13,"48":13,"49":13,"50":5,"51":8,"52":83,"53":14,"54":69,"55":10,"56":59,"57":43,"58":43,"59":16,"60":15,"61":1,"62":4,"63":45,"64":1,"65":44,"66":4,"67":7,"68":40,"69":17,"70":17,"71":17,"72":17,"73":31,"74":17,"75":23,"76":6,"77":6,"78":6,"79":784,"80":784,"81":6,"82":4,"83":4,"84":3,"85":2,"86":2,"87":8,"88":4,"89":4,"90":1,"91":3,"92":1,"93":2,"94":1,"95":1},"f":{"0":8,"1":2,"2":3,"3":4,"4":6,"5":8,"6":7,"7":8,"8":13,"9":83,"10":4,"11":45,"12":7,"13":6,"14":4,"15":8},"b":{"0":[2,6],"1":[3,3,2,1],"2":[4,2],"3":[4,2],"4":[2,6],"5":[8,6,6],"6":[4,1],"7":[5,4],"8":[2,3],"9":[3,1],"10":[2,5],"11":[7,5,5],"12":[3,1],"13":[4,3],"14":[1,3],"15":[3,1],"16":[8,8],"17":[8,8],"18":[1,7],"19":[8,7],"20":[5,2],"21":[7,5],"22":[13,13],"23":[13,13],"24":[5,8],"25":[13,8],"26":[14,69],"27":[10,59],"28":[43,16],"29":[2,41],"30":[15,1],"31":[16,2],"32":[15,1],"33":[1,44],"34":[45,45],"35":[4,40],"36":[17,23],"37":[2,1],"38":[4,4],"39":[1,3],"40":[1,2],"41":[1,1]},"_coverageSchema":"1a1c01bbd47fc00a2c39e90264f33305004495a9","hash":"62031c9eed5f035db0b86d41edb73c95c37f2d44"}
,"/Users/folademiladeoyeleke/headstart-local/controller.js": {"path":"/Users/folademiladeoyeleke/headstart-local/controller.js","statementMap":{"0":{"start":{"line":7,"column":2},"end":{"line":7,"column":26}},"1":{"start":{"line":7,"column":14},"end":{"line":7,"column":26}},"2":{"start":{"line":8,"column":2},"end":{"line":8,"column":42}},"3":{"start":{"line":8,"column":29},"end":{"line":8,"column":42}},"4":{"start":{"line":9,"column":2},"end":{"line":12,"column":3}},"5":{"start":{"line":10,"column":19},"end":{"line":10,"column":34}},"6":{"start":{"line":11,"column":4},"end":{"line":11,"column":51}},"7":{"start":{"line":13,"column":2},"end":{"line":15,"column":3}},"8":{"start":{"line":14,"column":4},"end":{"line":14,"column":60}},"9":{"start":{"line":16,"column":2},"end":{"line":16,"column":14}},"10":{"start":{"line":20,"column":2},"end":{"line":20,"column":24}},"11":{"start":{"line":20,"column":14},"end":{"line":20,"column":24}},"12":{"start":{"line":22,"column":2},"end":{"line":30,"column":3}},"13":{"start":{"line":23,"column":17},"end":{"line":23,"column":38}},"14":{"start":{"line":24,"column":4},"end":{"line":26,"column":5}},"15":{"start":{"line":25,"column":6},"end":{"line":25,"column":42}},"16":{"start":{"line":27,"column":4},"end":{"line":27,"column":16}},"17":{"start":{"line":29,"column":4},"end":{"line":29,"column":14}},"18":{"start":{"line":34,"column":2},"end":{"line":34,"column":26}},"19":{"start":{"line":34,"column":14},"end":{"line":34,"column":26}},"20":{"start":{"line":35,"column":2},"end":{"line":35,"column":46}},"21":{"start":{"line":35,"column":33},"end":{"line":35,"column":46}},"22":{"start":{"line":37,"column":2},"end":{"line":42,"column":18}},"23":{"start":{"line":38,"column":4},"end":{"line":41,"column":5}},"24":{"start":{"line":39,"column":22},"end":{"line":39,"column":88}},"25":{"start":{"line":40,"column":6},"end":{"line":40,"column":33}},"26":{"start":{"line":44,"column":2},"end":{"line":48,"column":3}},"27":{"start":{"line":45,"column":4},"end":{"line":45,"column":29}},"28":{"start":{"line":47,"column":4},"end":{"line":47,"column":16}},"29":{"start":{"line":52,"column":24},"end":{"line":52,"column":40}},"30":{"start":{"line":53,"column":27},"end":{"line":53,"column":46}},"31":{"start":{"line":55,"column":25},"end":{"line":55,"column":96}},"32":{"start":{"line":56,"column":23},"end":{"line":56,"column":90}},"33":{"start":{"line":57,"column":24},"end":{"line":57,"column":66}},"34":{"start":{"line":58,"column":22},"end":{"line":58,"column":62}},"35":{"start":{"line":59,"column":34},"end":{"line":59,"column":117}},"36":{"start":{"line":61,"column":2},"end":{"line":68,"column":4}},"37":{"start":{"line":72,"column":2},"end":{"line":72,"column":24}},"38":{"start":{"line":72,"column":14},"end":{"line":72,"column":24}},"39":{"start":{"line":73,"column":2},"end":{"line":73,"column":54}},"40":{"start":{"line":77,"column":2},"end":{"line":77,"column":42}},"41":{"start":{"line":77,"column":32},"end":{"line":77,"column":42}},"42":{"start":{"line":78,"column":19},"end":{"line":78,"column":39}},"43":{"start":{"line":79,"column":2},"end":{"line":81,"column":3}},"44":{"start":{"line":80,"column":4},"end":{"line":80,"column":61}},"45":{"start":{"line":82,"column":2},"end":{"line":82,"column":49}},"46":{"start":{"line":86,"column":16},"end":{"line":86,"column":32}},"47":{"start":{"line":87,"column":28},"end":{"line":87,"column":46}},"48":{"start":{"line":88,"column":20},"end":{"line":88,"column":98}},"49":{"start":{"line":89,"column":18},"end":{"line":89,"column":90}},"50":{"start":{"line":91,"column":2},"end":{"line":98,"column":4}},"51":{"start":{"line":102,"column":14},"end":{"line":102,"column":74}},"52":{"start":{"line":103,"column":2},"end":{"line":103,"column":51}},"53":{"start":{"line":103,"column":13},"end":{"line":103,"column":51}},"54":{"start":{"line":105,"column":20},"end":{"line":105,"column":49}},"55":{"start":{"line":106,"column":2},"end":{"line":109,"column":3}},"56":{"start":{"line":106,"column":15},"end":{"line":106,"column":16}},"57":{"start":{"line":107,"column":4},"end":{"line":107,"column":81}},"58":{"start":{"line":108,"column":4},"end":{"line":108,"column":61}},"59":{"start":{"line":108,"column":15},"end":{"line":108,"column":61}},"60":{"start":{"line":110,"column":2},"end":{"line":110,"column":46}},"61":{"start":{"line":114,"column":22},"end":{"line":114,"column":39}},"62":{"start":{"line":115,"column":13},"end":{"line":115,"column":45}},"63":{"start":{"line":117,"column":2},"end":{"line":119,"column":3}},"64":{"start":{"line":118,"column":4},"end":{"line":118,"column":42}},"65":{"start":{"line":120,"column":2},"end":{"line":120,"column":45}},"66":{"start":{"line":124,"column":21},"end":{"line":124,"column":42}},"67":{"start":{"line":125,"column":18},"end":{"line":125,"column":31}},"68":{"start":{"line":126,"column":21},"end":{"line":126,"column":58}},"69":{"start":{"line":127,"column":2},"end":{"line":133,"column":4}},"70":{"start":{"line":134,"column":19},"end":{"line":134,"column":42}},"71":{"start":{"line":135,"column":23},"end":{"line":135,"column":49}},"72":{"start":{"line":136,"column":21},"end":{"line":136,"column":64}},"73":{"start":{"line":137,"column":13},"end":{"line":137,"column":36}},"74":{"start":{"line":139,"column":2},"end":{"line":139,"column":66}},"75":{"start":{"line":139,"column":31},"end":{"line":139,"column":66}},"76":{"start":{"line":141,"column":25},"end":{"line":141,"column":35}},"77":{"start":{"line":142,"column":38},"end":{"line":142,"column":103}},"78":{"start":{"line":143,"column":2},"end":{"line":143,"column":52}},"79":{"start":{"line":143,"column":14},"end":{"line":143,"column":52}},"80":{"start":{"line":144,"column":2},"end":{"line":146,"column":3}},"81":{"start":{"line":145,"column":4},"end":{"line":145,"column":38}},"82":{"start":{"line":148,"column":14},"end":{"line":148,"column":24}},"83":{"start":{"line":149,"column":2},"end":{"line":151,"column":3}},"84":{"start":{"line":150,"column":4},"end":{"line":150,"column":36}},"85":{"start":{"line":153,"column":19},"end":{"line":153,"column":58}},"86":{"start":{"line":154,"column":2},"end":{"line":163,"column":3}},"87":{"start":{"line":155,"column":30},"end":{"line":155,"column":85}},"88":{"start":{"line":156,"column":4},"end":{"line":162,"column":5}},"89":{"start":{"line":157,"column":6},"end":{"line":157,"column":38}},"90":{"start":{"line":158,"column":6},"end":{"line":158,"column":44}},"91":{"start":{"line":159,"column":6},"end":{"line":159,"column":28}},"92":{"start":{"line":161,"column":6},"end":{"line":161,"column":44}},"93":{"start":{"line":165,"column":25},"end":{"line":165,"column":64}},"94":{"start":{"line":166,"column":23},"end":{"line":166,"column":90}},"95":{"start":{"line":167,"column":24},"end":{"line":167,"column":81}},"96":{"start":{"line":168,"column":29},"end":{"line":168,"column":83}},"97":{"start":{"line":169,"column":24},"end":{"line":173,"column":3}},"98":{"start":{"line":175,"column":2},"end":{"line":179,"column":3}},"99":{"start":{"line":176,"column":4},"end":{"line":178,"column":7}},"100":{"start":{"line":181,"column":2},"end":{"line":189,"column":3}},"101":{"start":{"line":182,"column":4},"end":{"line":188,"column":6}},"102":{"start":{"line":191,"column":2},"end":{"line":196,"column":5}},"103":{"start":{"line":201,"column":21},"end":{"line":201,"column":44}},"104":{"start":{"line":202,"column":18},"end":{"line":202,"column":38}},"105":{"start":{"line":203,"column":21},"end":{"line":203,"column":68}},"106":{"start":{"line":204,"column":2},"end":{"line":208,"column":4}},"107":{"start":{"line":210,"column":22},"end":{"line":210,"column":39}},"108":{"start":{"line":211,"column":19},"end":{"line":211,"column":36}},"109":{"start":{"line":212,"column":23},"end":{"line":212,"column":49}},"110":{"start":{"line":213,"column":21},"end":{"line":213,"column":64}},"111":{"start":{"line":214,"column":13},"end":{"line":214,"column":36}},"112":{"start":{"line":216,"column":53},"end":{"line":216,"column":118}},"113":{"start":{"line":217,"column":2},"end":{"line":221,"column":3}},"114":{"start":{"line":218,"column":4},"end":{"line":220,"column":15}},"115":{"start":{"line":222,"column":2},"end":{"line":226,"column":3}},"116":{"start":{"line":223,"column":4},"end":{"line":225,"column":15}},"117":{"start":{"line":227,"column":2},"end":{"line":231,"column":3}},"118":{"start":{"line":228,"column":4},"end":{"line":230,"column":15}},"119":{"start":{"line":233,"column":33},"end":{"line":233,"column":90}},"120":{"start":{"line":234,"column":28},"end":{"line":234,"column":80}},"121":{"start":{"line":239,"column":25},"end":{"line":239,"column":58}},"122":{"start":{"line":240,"column":24},"end":{"line":250,"column":3}},"123":{"start":{"line":253,"column":2},"end":{"line":260,"column":3}},"124":{"start":{"line":254,"column":4},"end":{"line":254,"column":94}},"125":{"start":{"line":256,"column":4},"end":{"line":256,"column":53}},"126":{"start":{"line":257,"column":4},"end":{"line":259,"column":15}},"127":{"start":{"line":262,"column":2},"end":{"line":267,"column":3}},"128":{"start":{"line":263,"column":4},"end":{"line":266,"column":15}},"129":{"start":{"line":269,"column":27},"end":{"line":271,"column":49}},"130":{"start":{"line":273,"column":2},"end":{"line":277,"column":13}},"131":{"start":{"line":281,"column":19},"end":{"line":281,"column":42}},"132":{"start":{"line":282,"column":13},"end":{"line":282,"column":36}},"133":{"start":{"line":283,"column":33},"end":{"line":283,"column":90}},"134":{"start":{"line":284,"column":28},"end":{"line":284,"column":80}},"135":{"start":{"line":286,"column":2},"end":{"line":290,"column":3}},"136":{"start":{"line":287,"column":4},"end":{"line":289,"column":15}},"137":{"start":{"line":292,"column":2},"end":{"line":311,"column":3}},"138":{"start":{"line":293,"column":4},"end":{"line":310,"column":15}},"139":{"start":{"line":313,"column":25},"end":{"line":316,"column":4}},"140":{"start":{"line":327,"column":19},"end":{"line":327,"column":42}},"141":{"start":{"line":328,"column":13},"end":{"line":328,"column":36}},"142":{"start":{"line":330,"column":2},"end":{"line":347,"column":13}},"143":{"start":{"line":351,"column":22},"end":{"line":351,"column":39}},"144":{"start":{"line":352,"column":19},"end":{"line":352,"column":36}},"145":{"start":{"line":353,"column":23},"end":{"line":353,"column":49}},"146":{"start":{"line":354,"column":21},"end":{"line":354,"column":64}},"147":{"start":{"line":355,"column":21},"end":{"line":355,"column":60}},"148":{"start":{"line":356,"column":13},"end":{"line":356,"column":36}},"149":{"start":{"line":358,"column":23},"end":{"line":358,"column":52}},"150":{"start":{"line":360,"column":2},"end":{"line":362,"column":3}},"151":{"start":{"line":361,"column":4},"end":{"line":361,"column":142}},"152":{"start":{"line":364,"column":2},"end":{"line":364,"column":72}},"153":{"start":{"line":364,"column":38},"end":{"line":364,"column":72}},"154":{"start":{"line":366,"column":2},"end":{"line":366,"column":44}},"155":{"start":{"line":367,"column":2},"end":{"line":367,"column":35}},"156":{"start":{"line":369,"column":16},"end":{"line":369,"column":56}},"157":{"start":{"line":370,"column":2},"end":{"line":370,"column":36}},"158":{"start":{"line":372,"column":2},"end":{"line":372,"column":42}},"159":{"start":{"line":376,"column":2},"end":{"line":376,"column":45}},"160":{"start":{"line":377,"column":22},"end":{"line":377,"column":39}},"161":{"start":{"line":378,"column":19},"end":{"line":378,"column":36}},"162":{"start":{"line":379,"column":23},"end":{"line":379,"column":49}},"163":{"start":{"line":380,"column":21},"end":{"line":380,"column":64}},"164":{"start":{"line":381,"column":21},"end":{"line":381,"column":60}},"165":{"start":{"line":383,"column":2},"end":{"line":383,"column":33}},"166":{"start":{"line":387,"column":22},"end":{"line":387,"column":39}},"167":{"start":{"line":388,"column":2},"end":{"line":388,"column":36}},"168":{"start":{"line":389,"column":13},"end":{"line":389,"column":45}},"169":{"start":{"line":390,"column":2},"end":{"line":390,"column":147}},"170":{"start":{"line":394,"column":22},"end":{"line":394,"column":39}},"171":{"start":{"line":395,"column":2},"end":{"line":395,"column":82}},"172":{"start":{"line":396,"column":13},"end":{"line":396,"column":45}},"173":{"start":{"line":397,"column":2},"end":{"line":397,"column":133}},"174":{"start":{"line":401,"column":22},"end":{"line":401,"column":39}},"175":{"start":{"line":402,"column":2},"end":{"line":402,"column":82}},"176":{"start":{"line":403,"column":13},"end":{"line":403,"column":45}},"177":{"start":{"line":404,"column":2},"end":{"line":404,"column":139}},"178":{"start":{"line":408,"column":22},"end":{"line":408,"column":39}},"179":{"start":{"line":409,"column":2},"end":{"line":409,"column":32}},"180":{"start":{"line":411,"column":21},"end":{"line":411,"column":65}},"181":{"start":{"line":412,"column":2},"end":{"line":412,"column":44}},"182":{"start":{"line":414,"column":2},"end":{"line":417,"column":13}}},"fnMap":{"0":{"name":"normalizeEventTime","decl":{"start":{"line":6,"column":9},"end":{"line":6,"column":27}},"loc":{"start":{"line":6,"column":35},"end":{"line":17,"column":1}},"line":6},"1":{"name":"encodeActionJson","decl":{"start":{"line":19,"column":9},"end":{"line":19,"column":25}},"loc":{"start":{"line":19,"column":33},"end":{"line":31,"column":1}},"line":19},"2":{"name":"decodeActionJson","decl":{"start":{"line":33,"column":9},"end":{"line":33,"column":25}},"loc":{"start":{"line":33,"column":33},"end":{"line":49,"column":1}},"line":33},"3":{"name":"buildEventLookupHints","decl":{"start":{"line":51,"column":9},"end":{"line":51,"column":30}},"loc":{"start":{"line":51,"column":58},"end":{"line":69,"column":1}},"line":51},"4":{"name":"serializeEventTime","decl":{"start":{"line":71,"column":9},"end":{"line":71,"column":27}},"loc":{"start":{"line":71,"column":35},"end":{"line":74,"column":1}},"line":71},"5":{"name":"readFormInputValue","decl":{"start":{"line":76,"column":9},"end":{"line":76,"column":27}},"loc":{"start":{"line":76,"column":50},"end":{"line":83,"column":1}},"line":76},"6":{"name":"buildActionContext","decl":{"start":{"line":85,"column":9},"end":{"line":85,"column":27}},"loc":{"start":{"line":85,"column":61},"end":{"line":99,"column":1}},"line":85},"7":{"name":"findEventAndCalendar","decl":{"start":{"line":101,"column":9},"end":{"line":101,"column":29}},"loc":{"start":{"line":101,"column":77},"end":{"line":111,"column":1}},"line":101},"8":{"name":"onHomepage","decl":{"start":{"line":113,"column":9},"end":{"line":113,"column":19}},"loc":{"start":{"line":113,"column":23},"end":{"line":121,"column":1}},"line":113},"9":{"name":"onEventOpen","decl":{"start":{"line":123,"column":9},"end":{"line":123,"column":20}},"loc":{"start":{"line":123,"column":24},"end":{"line":197,"column":1}},"line":123},"10":{"name":"handleCreateBuffer","decl":{"start":{"line":200,"column":9},"end":{"line":200,"column":27}},"loc":{"start":{"line":200,"column":31},"end":{"line":278,"column":1}},"line":200},"11":{"name":"onContinueBufferSetup","decl":{"start":{"line":280,"column":9},"end":{"line":280,"column":30}},"loc":{"start":{"line":280,"column":34},"end":{"line":324,"column":1}},"line":280},"12":{"name":"onShowBufferModeSelection","decl":{"start":{"line":326,"column":9},"end":{"line":326,"column":34}},"loc":{"start":{"line":326,"column":38},"end":{"line":348,"column":1}},"line":326},"13":{"name":"handleBatchSync","decl":{"start":{"line":350,"column":9},"end":{"line":350,"column":24}},"loc":{"start":{"line":350,"column":28},"end":{"line":373,"column":1}},"line":350},"14":{"name":"runBackgroundSync","decl":{"start":{"line":375,"column":9},"end":{"line":375,"column":26}},"loc":{"start":{"line":375,"column":29},"end":{"line":384,"column":1}},"line":375},"15":{"name":"handleFinishOnboarding","decl":{"start":{"line":386,"column":9},"end":{"line":386,"column":31}},"loc":{"start":{"line":386,"column":35},"end":{"line":391,"column":1}},"line":386},"16":{"name":"onNavigateToSettings","decl":{"start":{"line":393,"column":9},"end":{"line":393,"column":29}},"loc":{"start":{"line":393,"column":33},"end":{"line":398,"column":1}},"line":393},"17":{"name":"onNavigateToTutorial","decl":{"start":{"line":400,"column":9},"end":{"line":400,"column":29}},"loc":{"start":{"line":400,"column":33},"end":{"line":405,"column":1}},"line":400},"18":{"name":"handleSaveSettings","decl":{"start":{"line":407,"column":9},"end":{"line":407,"column":27}},"loc":{"start":{"line":407,"column":31},"end":{"line":418,"column":1}},"line":407}},"branchMap":{"0":{"loc":{"start":{"line":7,"column":2},"end":{"line":7,"column":26}},"type":"if","locations":[{"start":{"line":7,"column":2},"end":{"line":7,"column":26}},{"start":{},"end":{}}],"line":7},"1":{"loc":{"start":{"line":8,"column":2},"end":{"line":8,"column":42}},"type":"if","locations":[{"start":{"line":8,"column":2},"end":{"line":8,"column":42}},{"start":{},"end":{}}],"line":8},"2":{"loc":{"start":{"line":9,"column":2},"end":{"line":12,"column":3}},"type":"if","locations":[{"start":{"line":9,"column":2},"end":{"line":12,"column":3}},{"start":{},"end":{}}],"line":9},"3":{"loc":{"start":{"line":11,"column":11},"end":{"line":11,"column":50}},"type":"cond-expr","locations":[{"start":{"line":11,"column":37},"end":{"line":11,"column":41}},{"start":{"line":11,"column":44},"end":{"line":11,"column":50}}],"line":11},"4":{"loc":{"start":{"line":13,"column":2},"end":{"line":15,"column":3}},"type":"if","locations":[{"start":{"line":13,"column":2},"end":{"line":15,"column":3}},{"start":{},"end":{}}],"line":13},"5":{"loc":{"start":{"line":13,"column":6},"end":{"line":13,"column":34}},"type":"binary-expr","locations":[{"start":{"line":13,"column":6},"end":{"line":13,"column":20}},{"start":{"line":13,"column":24},"end":{"line":13,"column":34}}],"line":13},"6":{"loc":{"start":{"line":14,"column":30},"end":{"line":14,"column":58}},"type":"binary-expr","locations":[{"start":{"line":14,"column":30},"end":{"line":14,"column":44}},{"start":{"line":14,"column":48},"end":{"line":14,"column":58}}],"line":14},"7":{"loc":{"start":{"line":20,"column":2},"end":{"line":20,"column":24}},"type":"if","locations":[{"start":{"line":20,"column":2},"end":{"line":20,"column":24}},{"start":{},"end":{}}],"line":20},"8":{"loc":{"start":{"line":24,"column":4},"end":{"line":26,"column":5}},"type":"if","locations":[{"start":{"line":24,"column":4},"end":{"line":26,"column":5}},{"start":{},"end":{}}],"line":24},"9":{"loc":{"start":{"line":24,"column":8},"end":{"line":24,"column":66}},"type":"binary-expr","locations":[{"start":{"line":24,"column":8},"end":{"line":24,"column":40}},{"start":{"line":24,"column":44},"end":{"line":24,"column":66}}],"line":24},"10":{"loc":{"start":{"line":34,"column":2},"end":{"line":34,"column":26}},"type":"if","locations":[{"start":{"line":34,"column":2},"end":{"line":34,"column":26}},{"start":{},"end":{}}],"line":34},"11":{"loc":{"start":{"line":35,"column":2},"end":{"line":35,"column":46}},"type":"if","locations":[{"start":{"line":35,"column":2},"end":{"line":35,"column":46}},{"start":{},"end":{}}],"line":35},"12":{"loc":{"start":{"line":38,"column":4},"end":{"line":41,"column":5}},"type":"if","locations":[{"start":{"line":38,"column":4},"end":{"line":41,"column":5}},{"start":{},"end":{}}],"line":38},"13":{"loc":{"start":{"line":38,"column":8},"end":{"line":38,"column":87}},"type":"binary-expr","locations":[{"start":{"line":38,"column":8},"end":{"line":38,"column":40}},{"start":{"line":38,"column":44},"end":{"line":38,"column":66}},{"start":{"line":38,"column":70},"end":{"line":38,"column":87}}],"line":38},"14":{"loc":{"start":{"line":52,"column":24},"end":{"line":52,"column":40}},"type":"binary-expr","locations":[{"start":{"line":52,"column":24},"end":{"line":52,"column":34}},{"start":{"line":52,"column":38},"end":{"line":52,"column":40}}],"line":52},"15":{"loc":{"start":{"line":53,"column":27},"end":{"line":53,"column":46}},"type":"binary-expr","locations":[{"start":{"line":53,"column":27},"end":{"line":53,"column":40}},{"start":{"line":53,"column":44},"end":{"line":53,"column":46}}],"line":53},"16":{"loc":{"start":{"line":55,"column":44},"end":{"line":55,"column":95}},"type":"binary-expr","locations":[{"start":{"line":55,"column":44},"end":{"line":55,"column":68}},{"start":{"line":55,"column":72},"end":{"line":55,"column":95}}],"line":55},"17":{"loc":{"start":{"line":56,"column":42},"end":{"line":56,"column":89}},"type":"binary-expr","locations":[{"start":{"line":56,"column":42},"end":{"line":56,"column":64}},{"start":{"line":56,"column":68},"end":{"line":56,"column":89}}],"line":56},"18":{"loc":{"start":{"line":59,"column":51},"end":{"line":59,"column":116}},"type":"binary-expr","locations":[{"start":{"line":59,"column":51},"end":{"line":59,"column":84}},{"start":{"line":59,"column":88},"end":{"line":59,"column":116}}],"line":59},"19":{"loc":{"start":{"line":62,"column":16},"end":{"line":62,"column":97}},"type":"binary-expr","locations":[{"start":{"line":62,"column":16},"end":{"line":62,"column":40}},{"start":{"line":62,"column":44},"end":{"line":62,"column":68}},{"start":{"line":62,"column":72},"end":{"line":62,"column":91}},{"start":{"line":62,"column":95},"end":{"line":62,"column":97}}],"line":62},"20":{"loc":{"start":{"line":63,"column":22},"end":{"line":63,"column":95}},"type":"binary-expr","locations":[{"start":{"line":63,"column":22},"end":{"line":63,"column":52}},{"start":{"line":63,"column":56},"end":{"line":63,"column":89}},{"start":{"line":63,"column":93},"end":{"line":63,"column":95}}],"line":63},"21":{"loc":{"start":{"line":64,"column":15},"end":{"line":64,"column":46}},"type":"binary-expr","locations":[{"start":{"line":64,"column":15},"end":{"line":64,"column":29}},{"start":{"line":64,"column":33},"end":{"line":64,"column":46}}],"line":64},"22":{"loc":{"start":{"line":65,"column":13},"end":{"line":65,"column":40}},"type":"binary-expr","locations":[{"start":{"line":65,"column":13},"end":{"line":65,"column":25}},{"start":{"line":65,"column":29},"end":{"line":65,"column":40}}],"line":65},"23":{"loc":{"start":{"line":66,"column":20},"end":{"line":66,"column":86}},"type":"binary-expr","locations":[{"start":{"line":66,"column":20},"end":{"line":66,"column":43}},{"start":{"line":66,"column":47},"end":{"line":66,"column":78}},{"start":{"line":66,"column":82},"end":{"line":66,"column":86}}],"line":66},"24":{"loc":{"start":{"line":67,"column":17},"end":{"line":67,"column":114}},"type":"binary-expr","locations":[{"start":{"line":67,"column":17},"end":{"line":67,"column":47}},{"start":{"line":67,"column":51},"end":{"line":67,"column":76}},{"start":{"line":67,"column":80},"end":{"line":67,"column":108}},{"start":{"line":67,"column":112},"end":{"line":67,"column":114}}],"line":67},"25":{"loc":{"start":{"line":72,"column":2},"end":{"line":72,"column":24}},"type":"if","locations":[{"start":{"line":72,"column":2},"end":{"line":72,"column":24}},{"start":{},"end":{}}],"line":72},"26":{"loc":{"start":{"line":73,"column":9},"end":{"line":73,"column":53}},"type":"cond-expr","locations":[{"start":{"line":73,"column":29},"end":{"line":73,"column":48}},{"start":{"line":73,"column":51},"end":{"line":73,"column":53}}],"line":73},"27":{"loc":{"start":{"line":77,"column":2},"end":{"line":77,"column":42}},"type":"if","locations":[{"start":{"line":77,"column":2},"end":{"line":77,"column":42}},{"start":{},"end":{}}],"line":77},"28":{"loc":{"start":{"line":77,"column":6},"end":{"line":77,"column":30}},"type":"binary-expr","locations":[{"start":{"line":77,"column":6},"end":{"line":77,"column":16}},{"start":{"line":77,"column":20},"end":{"line":77,"column":30}}],"line":77},"29":{"loc":{"start":{"line":79,"column":2},"end":{"line":81,"column":3}},"type":"if","locations":[{"start":{"line":79,"column":2},"end":{"line":81,"column":3}},{"start":{},"end":{}}],"line":79},"30":{"loc":{"start":{"line":80,"column":11},"end":{"line":80,"column":60}},"type":"cond-expr","locations":[{"start":{"line":80,"column":29},"end":{"line":80,"column":55}},{"start":{"line":80,"column":58},"end":{"line":80,"column":60}}],"line":80},"31":{"loc":{"start":{"line":82,"column":9},"end":{"line":82,"column":48}},"type":"cond-expr","locations":[{"start":{"line":82,"column":20},"end":{"line":82,"column":43}},{"start":{"line":82,"column":46},"end":{"line":82,"column":48}}],"line":82},"32":{"loc":{"start":{"line":86,"column":16},"end":{"line":86,"column":32}},"type":"binary-expr","locations":[{"start":{"line":86,"column":16},"end":{"line":86,"column":26}},{"start":{"line":86,"column":30},"end":{"line":86,"column":32}}],"line":86},"33":{"loc":{"start":{"line":87,"column":28},"end":{"line":87,"column":46}},"type":"binary-expr","locations":[{"start":{"line":87,"column":28},"end":{"line":87,"column":40}},{"start":{"line":87,"column":44},"end":{"line":87,"column":46}}],"line":87},"34":{"loc":{"start":{"line":88,"column":20},"end":{"line":88,"column":98}},"type":"binary-expr","locations":[{"start":{"line":88,"column":20},"end":{"line":88,"column":35}},{"start":{"line":88,"column":40},"end":{"line":88,"column":97}}],"line":88},"35":{"loc":{"start":{"line":88,"column":40},"end":{"line":88,"column":97}},"type":"cond-expr","locations":[{"start":{"line":88,"column":70},"end":{"line":88,"column":90}},{"start":{"line":88,"column":93},"end":{"line":88,"column":97}}],"line":88},"36":{"loc":{"start":{"line":88,"column":40},"end":{"line":88,"column":67}},"type":"binary-expr","locations":[{"start":{"line":88,"column":40},"end":{"line":88,"column":45}},{"start":{"line":88,"column":49},"end":{"line":88,"column":67}}],"line":88},"37":{"loc":{"start":{"line":89,"column":18},"end":{"line":89,"column":90}},"type":"binary-expr","locations":[{"start":{"line":89,"column":18},"end":{"line":89,"column":31}},{"start":{"line":89,"column":36},"end":{"line":89,"column":89}}],"line":89},"38":{"loc":{"start":{"line":89,"column":36},"end":{"line":89,"column":89}},"type":"cond-expr","locations":[{"start":{"line":89,"column":64},"end":{"line":89,"column":82}},{"start":{"line":89,"column":85},"end":{"line":89,"column":89}}],"line":89},"39":{"loc":{"start":{"line":89,"column":36},"end":{"line":89,"column":61}},"type":"binary-expr","locations":[{"start":{"line":89,"column":36},"end":{"line":89,"column":41}},{"start":{"line":89,"column":45},"end":{"line":89,"column":61}}],"line":89},"40":{"loc":{"start":{"line":92,"column":16},"end":{"line":92,"column":38}},"type":"binary-expr","locations":[{"start":{"line":92,"column":16},"end":{"line":92,"column":32}},{"start":{"line":92,"column":36},"end":{"line":92,"column":38}}],"line":92},"41":{"loc":{"start":{"line":93,"column":22},"end":{"line":93,"column":50}},"type":"binary-expr","locations":[{"start":{"line":93,"column":22},"end":{"line":93,"column":44}},{"start":{"line":93,"column":48},"end":{"line":93,"column":50}}],"line":93},"42":{"loc":{"start":{"line":96,"column":42},"end":{"line":96,"column":112}},"type":"binary-expr","locations":[{"start":{"line":96,"column":42},"end":{"line":96,"column":80}},{"start":{"line":96,"column":84},"end":{"line":96,"column":104}},{"start":{"line":96,"column":108},"end":{"line":96,"column":112}}],"line":96},"43":{"loc":{"start":{"line":97,"column":22},"end":{"line":97,"column":78}},"type":"binary-expr","locations":[{"start":{"line":97,"column":22},"end":{"line":97,"column":51}},{"start":{"line":97,"column":55},"end":{"line":97,"column":72}},{"start":{"line":97,"column":76},"end":{"line":97,"column":78}}],"line":97},"44":{"loc":{"start":{"line":103,"column":2},"end":{"line":103,"column":51}},"type":"if","locations":[{"start":{"line":103,"column":2},"end":{"line":103,"column":51}},{"start":{},"end":{}}],"line":103},"45":{"loc":{"start":{"line":108,"column":4},"end":{"line":108,"column":61}},"type":"if","locations":[{"start":{"line":108,"column":4},"end":{"line":108,"column":61}},{"start":{},"end":{}}],"line":108},"46":{"loc":{"start":{"line":117,"column":2},"end":{"line":119,"column":3}},"type":"if","locations":[{"start":{"line":117,"column":2},"end":{"line":119,"column":3}},{"start":{},"end":{}}],"line":117},"47":{"loc":{"start":{"line":128,"column":62},"end":{"line":128,"column":133}},"type":"binary-expr","locations":[{"start":{"line":128,"column":62},"end":{"line":128,"column":85}},{"start":{"line":128,"column":89},"end":{"line":128,"column":133}}],"line":128},"48":{"loc":{"start":{"line":129,"column":35},"end":{"line":129,"column":106}},"type":"binary-expr","locations":[{"start":{"line":129,"column":35},"end":{"line":129,"column":58}},{"start":{"line":129,"column":62},"end":{"line":129,"column":106}}],"line":129},"49":{"loc":{"start":{"line":131,"column":37},"end":{"line":131,"column":101}},"type":"binary-expr","locations":[{"start":{"line":131,"column":37},"end":{"line":131,"column":62}},{"start":{"line":131,"column":66},"end":{"line":131,"column":101}}],"line":131},"50":{"loc":{"start":{"line":132,"column":24},"end":{"line":132,"column":56}},"type":"binary-expr","locations":[{"start":{"line":132,"column":24},"end":{"line":132,"column":46}},{"start":{"line":132,"column":50},"end":{"line":132,"column":56}}],"line":132},"51":{"loc":{"start":{"line":139,"column":2},"end":{"line":139,"column":66}},"type":"if","locations":[{"start":{"line":139,"column":2},"end":{"line":139,"column":66}},{"start":{},"end":{}}],"line":139},"52":{"loc":{"start":{"line":139,"column":6},"end":{"line":139,"column":29}},"type":"binary-expr","locations":[{"start":{"line":139,"column":6},"end":{"line":139,"column":17}},{"start":{"line":139,"column":21},"end":{"line":139,"column":29}}],"line":139},"53":{"loc":{"start":{"line":143,"column":2},"end":{"line":143,"column":52}},"type":"if","locations":[{"start":{"line":143,"column":2},"end":{"line":143,"column":52}},{"start":{},"end":{}}],"line":143},"54":{"loc":{"start":{"line":144,"column":2},"end":{"line":146,"column":3}},"type":"if","locations":[{"start":{"line":144,"column":2},"end":{"line":146,"column":3}},{"start":{},"end":{}}],"line":144},"55":{"loc":{"start":{"line":144,"column":6},"end":{"line":144,"column":50}},"type":"binary-expr","locations":[{"start":{"line":144,"column":6},"end":{"line":144,"column":25}},{"start":{"line":144,"column":29},"end":{"line":144,"column":50}}],"line":144},"56":{"loc":{"start":{"line":149,"column":2},"end":{"line":151,"column":3}},"type":"if","locations":[{"start":{"line":149,"column":2},"end":{"line":151,"column":3}},{"start":{},"end":{}}],"line":149},"57":{"loc":{"start":{"line":154,"column":2},"end":{"line":163,"column":3}},"type":"if","locations":[{"start":{"line":154,"column":2},"end":{"line":163,"column":3}},{"start":{},"end":{}}],"line":154},"58":{"loc":{"start":{"line":156,"column":4},"end":{"line":162,"column":5}},"type":"if","locations":[{"start":{"line":156,"column":4},"end":{"line":162,"column":5}},{"start":{"line":160,"column":11},"end":{"line":162,"column":5}}],"line":156},"59":{"loc":{"start":{"line":168,"column":29},"end":{"line":168,"column":83}},"type":"binary-expr","locations":[{"start":{"line":168,"column":29},"end":{"line":168,"column":54}},{"start":{"line":168,"column":58},"end":{"line":168,"column":83}}],"line":168},"60":{"loc":{"start":{"line":170,"column":4},"end":{"line":172,"column":57}},"type":"binary-expr","locations":[{"start":{"line":170,"colu
[...]
{"line":38,"column":87}}],"line":38},"12":{"loc":{"start":{"line":39,"column":24},"end":{"line":39,"column":64}},"type":"binary-expr","locations":[{"start":{"line":39,"column":24},"end":{"line":39,"column":41}},{"start":{"line":39,"column":45},"end":{"line":39,"column":64}}],"line":39},"13":{"loc":{"start":{"line":42,"column":32},"end":{"line":42,"column":71}},"type":"binary-expr","locations":[{"start":{"line":42,"column":32},"end":{"line":42,"column":45}},{"start":{"line":42,"column":49},"end":{"line":42,"column":71}}],"line":42},"14":{"loc":{"start":{"line":52,"column":21},"end":{"line":54,"column":63}},"type":"cond-expr","locations":[{"start":{"line":53,"column":8},"end":{"line":53,"column":13}},{"start":{"line":54,"column":9},"end":{"line":54,"column":62}}],"line":52},"15":{"loc":{"start":{"line":54,"column":9},"end":{"line":54,"column":62}},"type":"cond-expr","locations":[{"start":{"line":54,"column":39},"end":{"line":54,"column":43}},{"start":{"line":54,"column":46},"end":{"line":54,"column":62}}],"line":54},"16":{"loc":{"start":{"line":56,"column":27},"end":{"line":58,"column":63}},"type":"cond-expr","locations":[{"start":{"line":57,"column":9},"end":{"line":57,"column":36}},{"start":{"line":58,"column":9},"end":{"line":58,"column":62}}],"line":56},"17":{"loc":{"start":{"line":57,"column":9},"end":{"line":57,"column":36}},"type":"cond-expr","locations":[{"start":{"line":57,"column":20},"end":{"line":57,"column":22}},{"start":{"line":57,"column":25},"end":{"line":57,"column":36}}],"line":57},"18":{"loc":{"start":{"line":58,"column":9},"end":{"line":58,"column":62}},"type":"cond-expr","locations":[{"start":{"line":58,"column":37},"end":{"line":58,"column":48}},{"start":{"line":58,"column":51},"end":{"line":58,"column":62}}],"line":58},"19":{"loc":{"start":{"line":58,"column":10},"end":{"line":58,"column":33}},"type":"binary-expr","locations":[{"start":{"line":58,"column":10},"end":{"line":58,"column":18}},{"start":{"line":58,"column":22},"end":{"line":58,"column":33}}],"line":58},"20":{"loc":{"start":{"line":59,"column":34},"end":{"line":62,"column":30}},"type":"binary-expr","locations":[{"start":{"line":59,"column":34},"end":{"line":59,"column":81}},{"start":{"line":60,"column":7},"end":{"line":62,"column":29}}],"line":59},"21":{"loc":{"start":{"line":60,"column":7},"end":{"line":62,"column":29}},"type":"cond-expr","locations":[{"start":{"line":61,"column":10},"end":{"line":61,"column":96}},{"start":{"line":62,"column":11},"end":{"line":62,"column":28}}],"line":60},"22":{"loc":{"start":{"line":60,"column":7},"end":{"line":60,"column":78}},"type":"binary-expr","locations":[{"start":{"line":60,"column":7},"end":{"line":60,"column":18}},{"start":{"line":60,"column":22},"end":{"line":60,"column":78}}],"line":60},"23":{"loc":{"start":{"line":62,"column":11},"end":{"line":62,"column":28}},"type":"binary-expr","locations":[{"start":{"line":62,"column":11},"end":{"line":62,"column":22}},{"start":{"line":62,"column":26},"end":{"line":62,"column":28}}],"line":62},"24":{"loc":{"start":{"line":65,"column":58},"end":{"line":65,"column":79}},"type":"binary-expr","locations":[{"start":{"line":65,"column":58},"end":{"line":65,"column":69}},{"start":{"line":65,"column":73},"end":{"line":65,"column":79}}],"line":65},"25":{"loc":{"start":{"line":66,"column":26},"end":{"line":66,"column":47}},"type":"binary-expr","locations":[{"start":{"line":66,"column":26},"end":{"line":66,"column":37}},{"start":{"line":66,"column":41},"end":{"line":66,"column":47}}],"line":66},"26":{"loc":{"start":{"line":88,"column":4},"end":{"line":88,"column":47}},"type":"if","locations":[{"start":{"line":88,"column":4},"end":{"line":88,"column":47}},{"start":{},"end":{}}],"line":88},"27":{"loc":{"start":{"line":91,"column":4},"end":{"line":91,"column":53}},"type":"if","locations":[{"start":{"line":91,"column":4},"end":{"line":91,"column":53}},{"start":{},"end":{}}],"line":91},"28":{"loc":{"start":{"line":97,"column":4},"end":{"line":97,"column":29}},"type":"if","locations":[{"start":{"line":97,"column":4},"end":{"line":97,"column":29}},{"start":{},"end":{}}],"line":97}},"s":{"0":10,"1":10,"2":10,"3":10,"4":10,"5":10,"6":10,"7":10,"8":10,"9":10,"10":1,"11":9,"12":1,"13":10,"14":10,"15":10,"16":10,"17":10,"18":10,"19":10,"20":10,"21":10,"22":10,"23":10,"24":10,"25":8,"26":8,"27":2,"28":6,"29":6,"30":1,"31":5,"32":10,"33":2,"34":8},"f":{"0":10,"1":10,"2":8,"3":10},"b":{"0":[10,2],"1":[10,7],"2":[10,8],"3":[10,3],"4":[10,5],"5":[10,7],"6":[1,9],"7":[10,1],"8":[1,8],"9":[9,3],"10":[10,7],"11":[1,9],"12":[10,9],"13":[10,8],"14":[1,9],"15":[1,8],"16":[3,7],"17":[1,2],"18":[3,4],"19":[7,3],"20":[10,7],"21":[1,6],"22":[7,3],"23":[6,4],"24":[10,2],"25":[10,4],"26":[2,6],"27":[1,5],"28":[2,8]},"_coverageSchema":"1a1c01bbd47fc00a2c39e90264f33305004495a9","hash":"6a96e88bd7ba1cf0ddd19e5649c7bf6ebd22c4b0"}
,"/Users/folademiladeoyeleke/headstart-local/settingsManager.js": {"path":"/Users/folademiladeoyeleke/headstart-local/settingsManager.js","statementMap":{"0":{"start":{"line":6,"column":4},"end":{"line":6,"column":55}},"1":{"start":{"line":10,"column":16},"end":{"line":10,"column":42}},"2":{"start":{"line":11,"column":4},"end":{"line":21,"column":6}},"3":{"start":{"line":25,"column":30},"end":{"line":25,"column":76}},"4":{"start":{"line":27,"column":4},"end":{"line":37,"column":7}},"5":{"start":{"line":41,"column":4},"end":{"line":41,"column":68}},"6":{"start":{"line":45,"column":4},"end":{"line":45,"column":58}},"7":{"start":{"line":49,"column":4},"end":{"line":49,"column":45}},"8":{"start":{"line":49,"column":25},"end":{"line":49,"column":45}},"9":{"start":{"line":50,"column":4},"end":{"line":50,"column":74}},"10":{"start":{"line":50,"column":40},"end":{"line":50,"column":74}},"11":{"start":{"line":51,"column":4},"end":{"line":51,"column":80}},"12":{"start":{"line":55,"column":4},"end":{"line":55,"column":43}},"13":{"start":{"line":59,"column":19},"end":{"line":59,"column":62}},"14":{"start":{"line":60,"column":4},"end":{"line":63,"column":6}},"15":{"start":{"line":67,"column":16},"end":{"line":67,"column":26}},"16":{"start":{"line":68,"column":23},"end":{"line":68,"column":119}},"17":{"start":{"line":69,"column":20},"end":{"line":69,"column":99}},"18":{"start":{"line":70,"column":4},"end":{"line":70,"column":68}},"19":{"start":{"line":70,"column":26},"end":{"line":70,"column":68}},"20":{"start":{"line":71,"column":4},"end":{"line":71,"column":58}}},"fnMap":{"0":{"name":"(anonymous_0)","decl":{"start":{"line":5,"column":2},"end":{"line":5,"column":3}},"loc":{"start":{"line":5,"column":16},"end":{"line":7,"column":3}},"line":5},"1":{"name":"(anonymous_1)","decl":{"start":{"line":9,"column":2},"end":{"line":9,"column":3}},"loc":{"start":{"line":9,"column":8},"end":{"line":22,"column":3}},"line":9},"2":{"name":"(anonymous_2)","decl":{"start":{"line":24,"column":2},"end":{"line":24,"column":3}},"loc":{"start":{"line":24,"column":18},"end":{"line":38,"column":3}},"line":24},"3":{"name":"(anonymous_3)","decl":{"start":{"line":40,"column":2},"end":{"line":40,"column":3}},"loc":{"start":{"line":40,"column":20},"end":{"line":42,"column":3}},"line":40},"4":{"name":"(anonymous_4)","decl":{"start":{"line":44,"column":2},"end":{"line":44,"column":3}},"loc":{"start":{"line":44,"column":24},"end":{"line":46,"column":3}},"line":44},"5":{"name":"(anonymous_5)","decl":{"start":{"line":48,"column":2},"end":{"line":48,"column":3}},"loc":{"start":{"line":48,"column":36},"end":{"line":52,"column":3}},"line":48},"6":{"name":"(anonymous_6)","decl":{"start":{"line":54,"column":2},"end":{"line":54,"column":3}},"loc":{"start":{"line":54,"column":32},"end":{"line":56,"column":3}},"line":54},"7":{"name":"(anonymous_7)","decl":{"start":{"line":58,"column":2},"end":{"line":58,"column":3}},"loc":{"start":{"line":58,"column":17},"end":{"line":64,"column":3}},"line":58},"8":{"name":"(anonymous_8)","decl":{"start":{"line":66,"column":2},"end":{"line":66,"column":3}},"loc":{"start":{"line":66,"column":24},"end":{"line":72,"column":3}},"line":66}},"branchMap":{"0":{"loc":{"start":{"line":12,"column":20},"end":{"line":12,"column":50}},"type":"binary-expr","locations":[{"start":{"line":12,"column":20},"end":{"line":12,"column":40}},{"start":{"line":12,"column":44},"end":{"line":12,"column":50}}],"line":12},"1":{"loc":{"start":{"line":13,"column":20},"end":{"line":13,"column":48}},"type":"binary-expr","locations":[{"start":{"line":13,"column":20},"end":{"line":13,"column":40}},{"start":{"line":13,"column":44},"end":{"line":13,"column":48}}],"line":13},"2":{"loc":{"start":{"line":14,"column":19},"end":{"line":14,"column":44}},"type":"binary-expr","locations":[{"start":{"line":14,"column":19},"end":{"line":14,"column":38}},{"start":{"line":14,"column":42},"end":{"line":14,"column":44}}],"line":14},"3":{"loc":{"start":{"line":15,"column":19},"end":{"line":15,"column":45}},"type":"binary-expr","locations":[{"start":{"line":15,"column":19},"end":{"line":15,"column":38}},{"start":{"line":15,"column":42},"end":{"line":15,"column":45}}],"line":15},"4":{"loc":{"start":{"line":16,"column":15},"end":{"line":16,"column":36}},"type":"binary-expr","locations":[{"start":{"line":16,"column":15},"end":{"line":16,"column":30}},{"start":{"line":16,"column":34},"end":{"line":16,"column":36}}],"line":16},"5":{"loc":{"start":{"line":17,"column":16},"end":{"line":17,"column":39}},"type":"binary-expr","locations":[{"start":{"line":17,"column":16},"end":{"line":17,"column":33}},{"start":{"line":17,"column":37},"end":{"line":17,"column":39}}],"line":17},"6":{"loc":{"start":{"line":18,"column":16},"end":{"line":18,"column":60}},"type":"binary-expr","locations":[{"start":{"line":18,"column":16},"end":{"line":18,"column":32}},{"start":{"line":18,"column":36},"end":{"line":18,"column":60}}],"line":18},"7":{"loc":{"start":{"line":19,"column":21},"end":{"line":19,"column":55}},"type":"binary-expr","locations":[{"start":{"line":19,"column":21},"end":{"line":19,"column":42}},{"start":{"line":19,"column":46},"end":{"line":19,"column":55}}],"line":19},"8":{"loc":{"start":{"line":20,"column":17},"end":{"line":20,"column":43}},"type":"binary-expr","locations":[{"start":{"line":20,"column":17},"end":{"line":20,"column":34}},{"start":{"line":20,"column":38},"end":{"line":20,"column":43}}],"line":20},"9":{"loc":{"start":{"line":25,"column":31},"end":{"line":25,"column":68}},"type":"binary-expr","locations":[{"start":{"line":25,"column":31},"end":{"line":25,"column":62}},{"start":{"line":25,"column":66},"end":{"line":25,"column":68}}],"line":25},"10":{"loc":{"start":{"line":28,"column":23},"end":{"line":28,"column":65}},"type":"binary-expr","locations":[{"start":{"line":28,"column":23},"end":{"line":28,"column":54}},{"start":{"line":28,"column":58},"end":{"line":28,"column":65}}],"line":28},"11":{"loc":{"start":{"line":29,"column":23},"end":{"line":29,"column":48}},"type":"binary-expr","locations":[{"start":{"line":29,"column":23},"end":{"line":29,"column":40}},{"start":{"line":29,"column":44},"end":{"line":29,"column":48}}],"line":29},"12":{"loc":{"start":{"line":30,"column":22},"end":{"line":30,"column":50}},"type":"binary-expr","locations":[{"start":{"line":30,"column":22},"end":{"line":30,"column":44}},{"start":{"line":30,"column":48},"end":{"line":30,"column":50}}],"line":30},"13":{"loc":{"start":{"line":31,"column":22},"end":{"line":31,"column":52}},"type":"binary-expr","locations":[{"start":{"line":31,"column":22},"end":{"line":31,"column":45}},{"start":{"line":31,"column":49},"end":{"line":31,"column":52}}],"line":31},"14":{"loc":{"start":{"line":32,"column":18},"end":{"line":32,"column":50}},"type":"binary-expr","locations":[{"start":{"line":32,"column":18},"end":{"line":32,"column":44}},{"start":{"line":32,"column":48},"end":{"line":32,"column":50}}],"line":32},"15":{"loc":{"start":{"line":33,"column":20},"end":{"line":33,"column":51}},"type":"binary-expr","locations":[{"start":{"line":33,"column":20},"end":{"line":33,"column":45}},{"start":{"line":33,"column":49},"end":{"line":33,"column":51}}],"line":33},"16":{"loc":{"start":{"line":34,"column":19},"end":{"line":34,"column":74}},"type":"binary-expr","locations":[{"start":{"line":34,"column":19},"end":{"line":34,"column":46}},{"start":{"line":34,"column":50},"end":{"line":34,"column":74}}],"line":34},"17":{"loc":{"start":{"line":35,"column":24},"end":{"line":35,"column":64}},"type":"binary-expr","locations":[{"start":{"line":35,"column":24},"end":{"line":35,"column":51}},{"start":{"line":35,"column":55},"end":{"line":35,"column":64}}],"line":35},"18":{"loc":{"start":{"line":36,"column":20},"end":{"line":36,"column":57}},"type":"binary-expr","locations":[{"start":{"line":36,"column":20},"end":{"line":36,"column":48}},{"start":{"line":36,"column":52},"end":{"line":36,"column":57}}],"line":36},"19":{"loc":{"start":{"line":49,"column":4},"end":{"line":49,"column":45}},"type":"if","locations":[{"start":{"line":49,"column":4},"end":{"line":49,"column":45}},{"start":{},"end":{}}],"line":49},"20":{"loc":{"start":{"line":50,"column":4},"end":{"line":50,"column":74}},"type":"if","locations":[{"start":{"line":50,"column":4},"end":{"line":50,"column":74}},{"start":{},"end":{}}],"line":50},"21":{"loc":{"start":{"line":61,"column":16},"end":{"line":61,"column":50}},"type":"cond-expr","locations":[{"start":{"line":61,"column":25},"end":{"line":61,"column":43}},{"start":{"line":61,"column":46},"end":{"line":61,"column":50}}],"line":61},"22":{"loc":{"start":{"line":70,"column":4},"end":{"line":70,"column":68}},"type":"if","locations":[{"start":{"line":70,"column":4},"end":{"line":70,"column":68}},{"start":{},"end":{}}],"line":70}},"s":{"0":13,"1":2,"2":2,"3":2,"4":2,"5":1,"6":1,"7":3,"8":1,"9":3,"10":1,"11":3,"12":1,"13":2,"14":2,"15":2,"16":2,"17":2,"18":2,"19":1,"20":2},"f":{"0":13,"1":2,"2":2,"3":1,"4":1,"5":3,"6":1,"7":2,"8":2},"b":{"0":[2,2],"1":[2,2],"2":[2,1],"3":[2,2],"4":[2,2],"5":[2,2],"6":[2,2],"7":[2,2],"8":[2,1],"9":[2,1],"10":[2,1],"11":[2,2],"12":[2,1],"13":[2,2],"14":[2,2],"15":[2,2],"16":[2,2],"17":[2,2],"18":[2,1],"19":[1,2],"20":[1,2],"21":[1,1],"22":[1,1]},"_coverageSchema":"1a1c01bbd47fc00a2c39e90264f33305004495a9","hash":"24adacb88314fb8c9a3f963ecc4a81176d4ba7c5"}
,"/Users/folademiladeoyeleke/headstart-local/shadowDescriptionBuilder.js": {"path":"/Users/folademiladeoyeleke/headstart-local/shadowDescriptionBuilder.js","statementMap":{"0":{"start":{"line":3,"column":4},"end":{"line":7,"column":20}},"1":{"start":{"line":4,"column":6},"end":{"line":6,"column":7}},"2":{"start":{"line":5,"column":8},"end":{"line":5,"column":56}},"3":{"start":{"line":9,"column":4},"end":{"line":9,"column":21}},"4":{"start":{"line":13,"column":4},"end":{"line":13,"column":38}},"5":{"start":{"line":13,"column":28},"end":{"line":13,"column":38}},"6":{"start":{"line":15,"column":22},"end":{"line":17,"column":35}},"7":{"start":{"line":19,"column":4},"end":{"line":19,"column":46}},"8":{"start":{"line":19,"column":36},"end":{"line":19,"column":46}},"9":{"start":{"line":21,"column":4},"end":{"line":24,"column":5}},"10":{"start":{"line":22,"column":23},"end":{"line":22,"column":42}},"11":{"start":{"line":23,"column":6},"end":{"line":23,"column":86}},"12":{"start":{"line":26,"column":20},"end":{"line":26,"column":96}},"13":{"start":{"line":27,"column":21},"end":{"line":32,"column":6}},"14":{"start":{"line":33,"column":21},"end":{"line":37,"column":6}},"15":{"start":{"line":39,"column":4},"end":{"line":39,"column":57}},"16":{"start":{"line":43,"column":35},"end":{"line":43,"column":79}},"17":{"start":{"line":44,"column":22},"end":{"line":46,"column":89}},"18":{"start":{"line":48,"column":4},"end":{"line":50,"column":5}},"19":{"start":{"line":49,"column":6},"end":{"line":49,"column":85}},"20":{"start":{"line":52,"column":4},"end":{"line":56,"column":5}},"21":{"start":{"line":53,"column":6},"end":{"line":53,"column":88}},"22":{"start":{"line":54,"column":11},"end":{"line":56,"column":5}},"23":{"start":{"line":55,"column":6},"end":{"line":55,"column":109}},"24":{"start":{"line":58,"column":4},"end":{"line":60,"column":5}},"25":{"start":{"line":59,"column":6},"end":{"line":59,"column":86}},"26":{"start":{"line":62,"column":4},"end":{"line":62,"column":23}}},"fnMap":{"0":{"name":"(anonymous_0)","decl":{"start":{"line":2,"column":2},"end":{"line":2,"column":3}},"loc":{"start":{"line":2,"column":17},"end":{"line":10,"column":3}},"line":2},"1":{"name":"(anonymous_1)","decl":{"start":{"line":12,"column":2},"end":{"line":12,"column":3}},"loc":{"start":{"line":12,"column":42},"end":{"line":40,"column":3}},"line":12},"2":{"name":"(anonymous_2)","decl":{"start":{"line":42,"column":2},"end":{"line":42,"column":3}},"loc":{"start":{"line":42,"column":84},"end":{"line":63,"column":3}},"line":42}},"branchMap":{"0":{"loc":{"start":{"line":4,"column":6},"end":{"line":6,"column":7}},"type":"if","locations":[{"start":{"line":4,"column":6},"end":{"line":6,"column":7}},{"start":{},"end":{}}],"line":4},"1":{"loc":{"start":{"line":4,"column":10},"end":{"line":4,"column":69}},"type":"binary-expr","locations":[{"start":{"line":4,"column":10},"end":{"line":4,"column":40}},{"start":{"line":4,"column":44},"end":{"line":4,"column":69}}],"line":4},"2":{"loc":{"start":{"line":5,"column":15},"end":{"line":5,"column":55}},"type":"binary-expr","locations":[{"start":{"line":5,"column":15},"end":{"line":5,"column":42}},{"start":{"line":5,"column":46},"end":{"line":5,"column":55}}],"line":5},"3":{"loc":{"start":{"line":13,"column":4},"end":{"line":13,"column":38}},"type":"if","locations":[{"start":{"line":13,"column":4},"end":{"line":13,"column":38}},{"start":{},"end":{}}],"line":13},"4":{"loc":{"start":{"line":15,"column":22},"end":{"line":17,"column":35}},"type":"cond-expr","locations":[{"start":{"line":16,"column":8},"end":{"line":16,"column":25}},{"start":{"line":17,"column":8},"end":{"line":17,"column":35}}],"line":15},"5":{"loc":{"start":{"line":19,"column":4},"end":{"line":19,"column":46}},"type":"if","locations":[{"start":{"line":19,"column":4},"end":{"line":19,"column":46}},{"start":{},"end":{}}],"line":19},"6":{"loc":{"start":{"line":21,"column":4},"end":{"line":24,"column":5}},"type":"if","locations":[{"start":{"line":21,"column":4},"end":{"line":24,"column":5}},{"start":{},"end":{}}],"line":21},"7":{"loc":{"start":{"line":21,"column":8},"end":{"line":21,"column":64}},"type":"binary-expr","locations":[{"start":{"line":21,"column":8},"end":{"line":21,"column":40}},{"start":{"line":21,"column":44},"end":{"line":21,"column":64}}],"line":21},"8":{"loc":{"start":{"line":48,"column":4},"end":{"line":50,"column":5}},"type":"if","locations":[{"start":{"line":48,"column":4},"end":{"line":50,"column":5}},{"start":{},"end":{}}],"line":48},"9":{"loc":{"start":{"line":52,"column":4},"end":{"line":56,"column":5}},"type":"if","locations":[{"start":{"line":52,"column":4},"end":{"line":56,"column":5}},{"start":{"line":54,"column":11},"end":{"line":56,"column":5}}],"line":52},"10":{"loc":{"start":{"line":54,"column":11},"end":{"line":56,"column":5}},"type":"if","locations":[{"start":{"line":54,"column":11},"end":{"line":56,"column":5}},{"start":{},"end":{}}],"line":54},"11":{"loc":{"start":{"line":58,"column":4},"end":{"line":60,"column":5}},"type":"if","locations":[{"start":{"line":58,"column":4},"end":{"line":60,"column":5}},{"start":{},"end":{}}],"line":58},"12":{"loc":{"start":{"line":58,"column":8},"end":{"line":58,"column":57}},"type":"binary-expr","locations":[{"start":{"line":58,"column":8},"end":{"line":58,"column":27}},{"start":{"line":58,"column":31},"end":{"line":58,"column":57}}],"line":58}},"s":{"0":6,"1":6,"2":5,"3":2,"4":6,"5":2,"6":4,"7":4,"8":1,"9":3,"10":2,"11":2,"12":1,"13":1,"14":1,"15":1,"16":3,"17":3,"18":3,"19":2,"20":3,"21":1,"22":2,"23":1,"24":3,"25":2,"26":3},"f":{"0":6,"1":6,"2":3},"b":{"0":[5,1],"1":[6,5],"2":[5,1],"3":[2,4],"4":[3,1],"5":[1,3],"6":[2,1],"7":[3,3],"8":[2,1],"9":[1,2],"10":[1,1],"11":[2,1],"12":[3,2]},"_coverageSchema":"1a1c01bbd47fc00a2c39e90264f33305004495a9","hash":"2a7ea043766075e7005c01720b8d14c6e9871cc7"}
}
