{"/Users/folademiladeoyeleke/headstart-local/backgroundProcessing.js": {"path":"/Users/folademiladeoyeleke/headstart-local/backgroundProcessing.js","statementMap":{"0":{"start":{"line":6,"column":4},"end":{"line":6,"column":35}},"1":{"start":{"line":7,"column":4},"end":{"line":7,"column":33}},"2":{"start":{"line":11,"column":21},"end":{"line":11,"column":51}},"3":{"start":{"line":12,"column":4},"end":{"line":14,"column":5}},"4":{"start":{"line":12,"column":17},"end":{"line":12,"column":18}},"5":{"start":{"line":13,"column":6},"end":{"line":13,"column":75}},"6":{"start":{"line":13,"column":68},"end":{"line":13,"column":75}},"7":{"start":{"line":15,"column":4},"end":{"line":15,"column":80}},"8":{"start":{"line":19,"column":22},"end":{"line":19,"column":53}},"9":{"start":{"line":20,"column":4},"end":{"line":23,"column":5}},"10":{"start":{"line":21,"column":20},"end":{"line":21,"column":58}},"11":{"start":{"line":22,"column":6},"end":{"line":22,"column":45}},"12":{"start":{"line":27,"column":4},"end":{"line":27,"column":40}},"13":{"start":{"line":27,"column":28},"end":{"line":27,"column":40}},"14":{"start":{"line":29,"column":4},"end":{"line":37,"column":5}},"15":{"start":{"line":30,"column":23},"end":{"line":30,"column":44}},"16":{"start":{"line":31,"column":6},"end":{"line":31,"column":60}},"17":{"start":{"line":31,"column":48},"end":{"line":31,"column":60}},"18":{"start":{"line":33,"column":26},"end":{"line":33,"column":48}},"19":{"start":{"line":34,"column":6},"end":{"line":34,"column":53}},"20":{"start":{"line":36,"column":6},"end":{"line":36,"column":18}},"21":{"start":{"line":41,"column":4},"end":{"line":41,"column":38}},"22":{"start":{"line":41,"column":28},"end":{"line":41,"column":38}},"23":{"start":{"line":43,"column":4},"end":{"line":47,"column":5}},"24":{"start":{"line":44,"column":6},"end":{"line":44,"column":41}},"25":{"start":{"line":46,"column":6},"end":{"line":46,"column":16}},"26":{"start":{"line":51,"column":22},"end":{"line":51,"column":68}},"27":{"start":{"line":52,"column":16},"end":{"line":52,"column":26}},"28":{"start":{"line":54,"column":24},"end":{"line":54,"column":75}},"29":{"start":{"line":55,"column":22},"end":{"line":55,"column":74}},"30":{"start":{"line":57,"column":20},"end":{"line":57,"column":63}},"31":{"start":{"line":58,"column":17},"end":{"line":58,"column":18}},"32":{"start":{"line":60,"column":4},"end":{"line":85,"column":5}},"33":{"start":{"line":60,"column":17},"end":{"line":60,"column":18}},"34":{"start":{"line":61,"column":21},"end":{"line":61,"column":31}},"35":{"start":{"line":62,"column":23},"end":{"line":62,"column":68}},"36":{"start":{"line":63,"column":26},"end":{"line":63,"column":65}},"37":{"start":{"line":65,"column":6},"end":{"line":65,"column":46}},"38":{"start":{"line":65,"column":37},"end":{"line":65,"column":46}},"39":{"start":{"line":67,"column":26},"end":{"line":67,"column":79}},"40":{"start":{"line":68,"column":25},"end":{"line":68,"column":30}},"41":{"start":{"line":70,"column":6},"end":{"line":77,"column":7}},"42":{"start":{"line":71,"column":8},"end":{"line":71,"column":28}},"43":{"start":{"line":73,"column":30},"end":{"line":73,"column":129}},"44":{"start":{"line":74,"column":8},"end":{"line":76,"column":9}},"45":{"start":{"line":75,"column":10},"end":{"line":75,"column":30}},"46":{"start":{"line":79,"column":6},"end":{"line":84,"column":7}},"47":{"start":{"line":80,"column":8},"end":{"line":83,"column":67}},"48":{"start":{"line":81,"column":10},"end":{"line":81,"column":31}},"49":{"start":{"line":82,"column":10},"end":{"line":82,"column":19}},"50":{"start":{"line":83,"column":21},"end":{"line":83,"column":65}},"51":{"start":{"line":86,"column":4},"end":{"line":86,"column":18}},"52":{"start":{"line":90,"column":24},"end":{"line":90,"column":51}},"53":{"start":{"line":91,"column":4},"end":{"line":91,"column":85}},"54":{"start":{"line":93,"column":16},"end":{"line":93,"column":26}},"55":{"start":{"line":94,"column":16},"end":{"line":94,"column":83}},"56":{"start":{"line":95,"column":16},"end":{"line":95,"column":76}},"57":{"start":{"line":97,"column":4},"end":{"line":156,"column":5}},"58":{"start":{"line":97,"column":17},"end":{"line":97,"column":18}},"59":{"start":{"line":98,"column":20},"end":{"line":98,"column":34}},"60":{"start":{"line":99,"column":6},"end":{"line":155,"column":7}},"61":{"start":{"line":100,"column":25},"end":{"line":100,"column":59}},"62":{"start":{"line":101,"column":8},"end":{"line":101,"column":32}},"63":{"start":{"line":101,"column":23},"end":{"line":101,"column":32}},"64":{"start":{"line":103,"column":23},"end":{"line":103,"column":51}},"65":{"start":{"line":105,"column":8},"end":{"line":152,"column":9}},"66":{"start":{"line":105,"column":21},"end":{"line":105,"column":22}},"67":{"start":{"line":106,"column":10},"end":{"line":106,"column":31}},"68":{"start":{"line":108,"column":21},"end":{"line":108,"column":30}},"69":{"start":{"line":110,"column":10},"end":{"line":116,"column":11}},"70":{"start":{"line":114,"column":12},"end":{"line":114,"column":28}},"71":{"start":{"line":115,"column":12},"end":{"line":115,"column":21}},"72":{"start":{"line":118,"column":33},"end":{"line":118,"column":74}},"73":{"start":{"line":119,"column":31},"end":{"line":119,"column":76}},"74":{"start":{"line":121,"column":10},"end":{"line":143,"column":11}},"75":{"start":{"line":122,"column":36},"end":{"line":122,"column":96}},"76":{"start":{"line":123,"column":33},"end":{"line":123,"column":76}},"77":{"start":{"line":124,"column":34},"end":{"line":124,"column":97}},"78":{"start":{"line":125,"column":32},"end":{"line":125,"column":93}},"79":{"start":{"line":126,"column":48},"end":{"line":126,"column":117}},"80":{"start":{"line":127,"column":33},"end":{"line":127,"column":104}},"81":{"start":{"line":128,"column":31},"end":{"line":128,"column":96}},"82":{"start":{"line":129,"column":38},"end":{"line":129,"column":112}},"83":{"start":{"line":131,"column":12},"end":{"line":141,"column":13}},"84":{"start":{"line":132,"column":14},"end":{"line":132,"column":88}},"85":{"start":{"line":133,"column":14},"end":{"line":138,"column":15}},"86":{"start":{"line":134,"column":16},"end":{"line":134,"column":70}},"87":{"start":{"line":135,"column":16},"end":{"line":135,"column":34}},"88":{"start":{"line":137,"column":16},"end":{"line":137,"column":31}},"89":{"start":{"line":140,"column":14},"end":{"line":140,"column":30}},"90":{"start":{"line":142,"column":12},"end":{"line":142,"column":21}},"91":{"start":{"line":145,"column":10},"end":{"line":151,"column":11}},"92":{"start":{"line":146,"column":12},"end":{"line":146,"column":66}},"93":{"start":{"line":147,"column":12},"end":{"line":147,"column":30}},"94":{"start":{"line":149,"column":12},"end":{"line":149,"column":47}},"95":{"start":{"line":150,"column":12},"end":{"line":150,"column":27}},"96":{"start":{"line":154,"column":8},"end":{"line":154,"column":51}},"97":{"start":{"line":157,"column":4},"end":{"line":157,"column":17}}},"fnMap":{"0":{"name":"(anonymous_0)","decl":{"start":{"line":5,"column":2},"end":{"line":5,"column":3}},"loc":{"start":{"line":5,"column":39},"end":{"line":8,"column":3}},"line":5},"1":{"name":"(anonymous_1)","decl":{"start":{"line":10,"column":2},"end":{"line":10,"column":3}},"loc":{"start":{"line":10,"column":24},"end":{"line":16,"column":3}},"line":10},"2":{"name":"(anonymous_2)","decl":{"start":{"line":18,"column":2},"end":{"line":18,"column":3}},"loc":{"start":{"line":18,"column":22},"end":{"line":24,"column":3}},"line":18},"3":{"name":"(anonymous_3)","decl":{"start":{"line":26,"column":2},"end":{"line":26,"column":3}},"loc":{"start":{"line":26,"column":33},"end":{"line":38,"column":3}},"line":26},"4":{"name":"(anonymous_4)","decl":{"start":{"line":40,"column":2},"end":{"line":40,"column":3}},"loc":{"start":{"line":40,"column":32},"end":{"line":48,"column":3}},"line":40},"5":{"name":"(anonymous_5)","decl":{"start":{"line":50,"column":2},"end":{"line":50,"column":3}},"loc":{"start":{"line":50,"column":25},"end":{"line":87,"column":3}},"line":50},"6":{"name":"(anonymous_6)","decl":{"start":{"line":89,"column":2},"end":{"line":89,"column":3}},"loc":{"start":{"line":89,"column":29},"end":{"line":158,"column":3}},"line":89}},"branchMap":{"0":{"loc":{"start":{"line":13,"column":6},"end":{"line":13,"column":75}},"type":"if","locations":[{"start":{"line":13,"column":6},"end":{"line":13,"column":75}},{"start":{},"end":{}}],"line":13},"1":{"loc":{"start":{"line":20,"column":4},"end":{"line":23,"column":5}},"type":"if","locations":[{"start":{"line":20,"column":4},"end":{"line":23,"column":5}},{"start":{},"end":{}}],"line":20},"2":{"loc":{"start":{"line":27,"column":4},"end":{"line":27,"column":40}},"type":"if","locations":[{"start":{"line":27,"column":4},"end":{"line":27,"column":40}},{"start":{},"end":{}}],"line":27},"3":{"loc":{"start":{"line":27,"column":8},"end":{"line":27,"column":26}},"type":"binary-expr","locations":[{"start":{"line":27,"column":8},"end":{"line":27,"column":14}},{"start":{"line":27,"column":18},"end":{"line":27,"column":26}}],"line":27},"4":{"loc":{"start":{"line":31,"column":6},"end":{"line":31,"column":60}},"type":"if","locations":[{"start":{"line":31,"column":6},"end":{"line":31,"column":60}},{"start":{},"end":{}}],"line":31},"5":{"loc":{"start":{"line":31,"column":10},"end":{"line":31,"column":46}},"type":"binary-expr","locations":[{"start":{"line":31,"column":10},"end":{"line":31,"column":27}},{"start":{"line":31,"column":31},"end":{"line":31,"column":46}}],"line":31},"6":{"loc":{"start":{"line":34,"column":13},"end":{"line":34,"column":52}},"type":"cond-expr","locations":[{"start":{"line":34,"column":34},"end":{"line":34,"column":38}},{"start":{"line":34,"column":41},"end":{"line":34,"column":52}}],"line":34},"7":{"loc":{"start":{"line":41,"column":4},"end":{"line":41,"column":38}},"type":"if","locations":[{"start":{"line":41,"column":4},"end":{"line":41,"column":38}},{"start":{},"end":{}}],"line":41},"8":{"loc":{"start":{"line":41,"column":8},"end":{"line":41,"column":26}},"type":"binary-expr","locations":[{"start":{"line":41,"column":8},"end":{"line":41,"column":14}},{"start":{"line":41,"column":18},"end":{"line":41,"column":26}}],"line":41},"9":{"loc":{"start":{"line":44,"column":13},"end":{"line":44,"column":40}},"type":"binary-expr","locations":[{"start":{"line":44,"column":13},"end":{"line":44,"column":34}},{"start":{"line":44,"column":38},"end":{"line":44,"column":40}}],"line":44},"10":{"loc":{"start":{"line":65,"column":6},"end":{"line":65,"column":46}},"type":"if","locations":[{"start":{"line":65,"column":6},"end":{"line":65,"column":46}},{"start":{},"end":{}}],"line":65},"11":{"loc":{"start":{"line":65,"column":10},"end":{"line":65,"column":35}},"type":"binary-expr","locations":[{"start":{"line":65,"column":10},"end":{"line":65,"column":19}},{"start":{"line":65,"column":23},"end":{"line":65,"column":35}}],"line":65},"12":{"loc":{"start":{"line":70,"column":6},"end":{"line":77,"column":7}},"type":"if","locations":[{"start":{"line":70,"column":6},"end":{"line":77,"column":7}},{"start":{"line":72,"column":13},"end":{"line":77,"column":7}}],"line":70},"13":{"loc":{"start":{"line":74,"column":8},"end":{"line":76,"column":9}},"type":"if","locations":[{"start":{"line":74,"column":8},"end":{"line":76,"column":9}},{"start":{},"end":{}}],"line":74},"14":{"loc":{"start":{"line":79,"column":6},"end":{"line":84,"column":7}},"type":"if","locations":[{"start":{"line":79,"column":6},"end":{"line":84,"column":7}},{"start":{},"end":{}}],"line":79},"15":{"loc":{"start":{"line":101,"column":8},"end":{"line":101,"column":32}},"type":"if","locations":[{"start":{"line":101,"column":8},"end":{"line":101,"column":32}},{"start":{},"end":{}}],"line":101},"16":{"loc":{"start":{"line":110,"column":10},"end":{"line":116,"column":11}},"type":"if","locations":[{"start":{"line":110,"column":10},"end":{"line":116,"column":11}},{"start":{},"end":{}}],"line":110},"17":{"loc":{"start":{"line":110,"column":14},"end":{"line":113,"column":55}},"type":"binary-expr","locations":[{"start":{"line":110,"column":14},"end":{"line":110,"column":32}},{"start":{"line":111,"column":14},"end":{"line":111,"column":61}},{"start":{"line":112,"column":14},"end":{"line":112,"column":69}},{"start":{"line":113,"column":14},"end":{"line":113,"column":55}}],"line":110},"18":{"loc":{"start":{"line":121,"column":10},"end":{"line":143,"column":11}},"type":"if","locations":[{"start":{"line":121,"column":10},"end":{"line":143,"column":11}},{"start":{},"end":{}}],"line":121},"19":{"loc":{"start":{"line":127,"column":33},"end":{"line":127,"column":104}},"type":"binary-expr","locations":[{"start":{"line":127,"column":33},"end":{"line":127,"column":55}},{"start":{"line":127,"column":59},"end":{"line":127,"column":104}}],"line":127},"20":{"loc":{"start":{"line":128,"column":31},"end":{"line":128,"column":96}},"type":"binary-expr","locations":[{"start":{"line":128,"column":31},"end":{"line":128,"column":51}},{"start":{"line":128,"column":55},"end":{"line":128,"column":96}}],"line":128},"21":{"loc":{"start":{"line":129,"column":71},"end":{"line":129,"column":111}},"type":"binary-expr","locations":[{"start":{"line":129,"column":71},"end":{"line":129,"column":105}},{"start":{"line":129,"column":109},"end":{"line":129,"column":111}}],"line":129},"22":{"loc":{"start":{"line":131,"column":12},"end":{"line":141,"column":13}},"type":"if","locations":[{"start":{"line":131,"column":12},"end":{"line":141,"column":13}},{"start":{"line":139,"column":19},"end":{"line":141,"column":13}}],"line":131},"23":{"loc":{"start":{"line":131,"column":16},"end":{"line":131,"column":98}},"type":"binary-expr","locations":[{"start":{"line":131,"column":16},"end":{"line":131,"column":31}},{"start":{"line":131,"column":35},"end":{"line":131,"column":47}},{"start":{"line":131,"column":51},"end":{"line":131,"column":63}},{"start":{"line":131,"column":67},"end":{"line":131,"column":77}},{"start":{"line":131,"column":81},"end":{"line":131,"column":98}}],"line":131}},"s":{"0":15,"1":15,"2":2,"3":2,"4":2,"5":2,"6":1,"7":1,"8":2,"9":2,"10":1,"11":1,"12":11,"13":1,"14":10,"15":10,"16":9,"17":4,"18":5,"19":5,"20":1,"21":6,"22":1,"23":5,"24":5,"25":1,"26":3,"27":3,"28":3,"29":3,"30":3,"31":3,"32":3,"33":3,"34":5,"35":5,"36":5,"37":5,"38":1,"39":4,"40":4,"41":4,"42":2,"43":2,"44":2,"45":1,"46":4,"47":3,"48":3,"49":2,"50":1,"51":3,"52":7,"53":7,"54":7,"55":7,"56":7,"57":7,"58":7,"59":8,"60":8,"61":8,"62":7,"63":1,"64":6,"65":6,"66":6,"67":9,"68":9,"69":9,"70":3,"71":3,"72":6,"73":6,"74":6,"75":4,"76":4,"77":4,"78":4,"79":4,"80":4,"81":4,"82":4,"83":4,"84":3,"85":3,"86":3,"87":2,"88":1,"89":1,"90":4,"91":2,"92":2,"93":1,"94":1,"95":1,"96":1,"97":7},"f":{"0":15,"1":2,"2":2,"3":11,"4":6,"5":3,"6":7},"b":{"0":[1,1],"1":[1,1],"2":[1,10],"3":[11,10],"4":[4,5],"5":[9,5],"6":[1,4],"7":[1,5],"8":[6,5],"9":[5,2],"10":[1,4],"11":[5,4],"12":[2,2],"13":[1,1],"14":[3,1],"15":[1,6],"16":[3,6],"17":[9,8,7,6],"18":[4,2],"19":[4,2],"20":[4,2],"21":[4,2],"22":[3,1],"23":[4,3,3,2,2]},"_coverageSchema":"1a1c01bbd47fc00a2c39e90264f33305004495a9","hash":"193d41dfc70caa7fb885d14184229b26cf68fc86"}
,"/Users/folademiladeoyeleke/headstart-local/bufferDecisionService.js": {"path":"/Users/folademiladeoyeleke/headstart-local/bufferDecisionService.js","statementMap":{"0":{"start":{"line":3,"column":4},"end":{"line":3,"column":29}},"1":{"start":{"line":4,"column":4},"end":{"line":4,"column":37}},"2":{"start":{"line":8,"column":28},"end":{"line":8,"column":41}},"3":{"start":{"line":10,"column":4},"end":{"line":19,"column":5}},"4":{"start":{"line":11,"column":6},"end":{"line":13,"column":7}},"5":{"start":{"line":12,"column":8},"end":{"line":12,"column":88}},"6":{"start":{"line":15,"column":20},"end":{"line":15,"column":64}},"7":{"start":{"line":16,"column":6},"end":{"line":16,"column":39}},"8":{"start":{"line":16,"column":26},"end":{"line":16,"column":39}},"9":{"start":{"line":18,"column":6},"end":{"line":18,"column":93}},"10":{"start":{"line":21,"column":4},"end":{"line":23,"column":5}},"11":{"start":{"line":22,"column":6},"end":{"line":22,"column":88}},"12":{"start":{"line":25,"column":4},"end":{"line":27,"column":5}},"13":{"start":{"line":26,"column":6},"end":{"line":26,"column":87}},"14":{"start":{"line":29,"column":29},"end":{"line":29,"column":108}},"15":{"start":{"line":30,"column":25},"end":{"line":35,"column":5}},"16":{"start":{"line":37,"column":4},"end":{"line":41,"column":6}}},"fnMap":{"0":{"name":"(anonymous_0)","decl":{"start":{"line":2,"column":2},"end":{"line":2,"column":3}},"loc":{"start":{"line":2,"column":38},"end":{"line":5,"column":3}},"line":2},"1":{"name":"(anonymous_1)","decl":{"start":{"line":7,"column":2},"end":{"line":7,"column":3}},"loc":{"start":{"line":7,"column":74},"end":{"line":42,"column":3}},"line":7}},"branchMap":{"0":{"loc":{"start":{"line":8,"column":28},"end":{"line":8,"column":41}},"type":"binary-expr","locations":[{"start":{"line":8,"column":28},"end":{"line":8,"column":35}},{"start":{"line":8,"column":39},"end":{"line":8,"column":41}}],"line":8},"1":{"loc":{"start":{"line":10,"column":4},"end":{"line":19,"column":5}},"type":"if","locations":[{"start":{"line":10,"column":4},"end":{"line":19,"column":5}},{"start":{},"end":{}}],"line":10},"2":{"loc":{"start":{"line":11,"column":6},"end":{"line":13,"column":7}},"type":"if","locations":[{"start":{"line":11,"column":6},"end":{"line":13,"column":7}},{"start":{},"end":{}}],"line":11},"3":{"loc":{"start":{"line":11,"column":10},"end":{"line":11,"column":85}},"type":"binary-expr","locations":[{"start":{"line":11,"column":10},"end":{"line":11,"column":47}},{"start":{"line":11,"column":51},"end":{"line":11,"column":85}}],"line":11},"4":{"loc":{"start":{"line":15,"column":29},"end":{"line":15,"column":63}},"type":"binary-expr","locations":[{"start":{"line":15,"column":29},"end":{"line":15,"column":55}},{"start":{"line":15,"column":59},"end":{"line":15,"column":63}}],"line":15},"5":{"loc":{"start":{"line":16,"column":6},"end":{"line":16,"column":39}},"type":"if","locations":[{"start":{"line":16,"column":6},"end":{"line":16,"column":39}},{"start":{},"end":{}}],"line":16},"6":{"loc":{"start":{"line":21,"column":4},"end":{"line":23,"column":5}},"type":"if","locations":[{"start":{"line":21,"column":4},"end":{"line":23,"column":5}},{"start":{},"end":{}}],"line":21},"7":{"loc":{"start":{"line":25,"column":4},"end":{"line":27,"column":5}},"type":"if","locations":[{"start":{"line":25,"column":4},"end":{"line":27,"column":5}},{"start":{},"end":{}}],"line":25}},"s":{"0":9,"1":9,"2":7,"3":7,"4":4,"5":1,"6":3,"7":3,"8":1,"9":3,"10":3,"11":1,"12":2,"13":1,"14":1,"15":1,"16":1},"f":{"0":9,"1":7},"b":{"0":[7,7],"1":[4,3],"2":[1,3],"3":[4,1],"4":[3,1],"5":[1,2],"6":[1,2],"7":[1,1]},"_coverageSchema":"1a1c01bbd47fc00a2c39e90264f33305004495a9","hash":"f5de8c29b092b9c16bcff3711ccadcaac9a532b8"}
,"/Users/folademiladeoyeleke/headstart-local/calendarApiWrapper.js": {"path":"/Users/folademiladeoyeleke/headstart-local/calendarApiWrapper.js","statementMap":{"0":{"start":{"line":51,"column":4},"end":{"line":51,"column":29}},"1":{"start":{"line":52,"column":4},"end":{"line":52,"column":37}},"2":{"start":{"line":53,"column":21},"end":{"line":53,"column":39}},"3":{"start":{"line":54,"column":4},"end":{"line":54,"column":106}},"4":{"start":{"line":55,"column":4},"end":{"line":55,"column":91}},"5":{"start":{"line":56,"column":4},"end":{"line":56,"column":106}},"6":{"start":{"line":57,"column":4},"end":{"line":57,"column":119}},"7":{"start":{"line":61,"column":4},"end":{"line":61,"column":33}},"8":{"start":{"line":61,"column":16},"end":{"line":61,"column":33}},"9":{"start":{"line":62,"column":18},"end":{"line":62,"column":48}},"10":{"start":{"line":63,"column":22},"end":{"line":63,"column":79}},"11":{"start":{"line":64,"column":22},"end":{"line":64,"column":45}},"12":{"start":{"line":65,"column":4},"end":{"line":65,"column":45}},"13":{"start":{"line":69,"column":4},"end":{"line":69,"column":28}},"14":{"start":{"line":69,"column":16},"end":{"line":69,"column":28}},"15":{"start":{"line":70,"column":4},"end":{"line":70,"column":44}},"16":{"start":{"line":70,"column":31},"end":{"line":70,"column":44}},"17":{"start":{"line":71,"column":4},"end":{"line":74,"column":5}},"18":{"start":{"line":72,"column":21},"end":{"line":72,"column":36}},"19":{"start":{"line":73,"column":6},"end":{"line":73,"column":53}},"20":{"start":{"line":75,"column":4},"end":{"line":77,"column":5}},"21":{"start":{"line":76,"column":6},"end":{"line":76,"column":67}},"22":{"start":{"line":78,"column":4},"end":{"line":78,"column":16}},"23":{"start":{"line":82,"column":4},"end":{"line":82,"column":28}},"24":{"start":{"line":82,"column":16},"end":{"line":82,"column":28}},"25":{"start":{"line":83,"column":4},"end":{"line":83,"column":48}},"26":{"start":{"line":83,"column":35},"end":{"line":83,"column":48}},"27":{"start":{"line":85,"column":4},"end":{"line":90,"column":20}},"28":{"start":{"line":86,"column":6},"end":{"line":89,"column":7}},"29":{"start":{"line":87,"column":24},"end":{"line":87,"column":90}},"30":{"start":{"line":88,"column":8},"end":{"line":88,"column":35}},"31":{"start":{"line":92,"column":4},"end":{"line":96,"column":5}},"32":{"start":{"line":93,"column":6},"end":{"line":93,"column":31}},"33":{"start":{"line":95,"column":6},"end":{"line":95,"column":18}},"34":{"start":{"line":100,"column":21},"end":{"line":100,"column":37}},"35":{"start":{"line":101,"column":4},"end":{"line":109,"column":6}},"36":{"start":{"line":113,"column":4},"end":{"line":113,"column":76}},"37":{"start":{"line":113,"column":64},"end":{"line":113,"column":76}},"38":{"start":{"line":114,"column":4},"end":{"line":115,"column":68}},"39":{"start":{"line":119,"column":4},"end":{"line":119,"column":79}},"40":{"start":{"line":119,"column":67},"end":{"line":119,"column":79}},"41":{"start":{"line":121,"column":20},"end":{"line":121,"column":38}},"42":{"start":{"line":122,"column":24},"end":{"line":122,"column":74}},"43":{"start":{"line":123,"column":22},"end":{"line":123,"column":70}},"44":{"start":{"line":125,"column":4},"end":{"line":133,"column":20}},"45":{"start":{"line":126,"column":21},"end":{"line":126,"column":63}},"46":{"start":{"line":127,"column":6},"end":{"line":132,"column":7}},"47":{"start":{"line":127,"column":19},"end":{"line":127,"column":20}},"48":{"start":{"line":128,"column":26},"end":{"line":128,"column":35}},"49":{"start":{"line":129,"column":8},"end":{"line":129,"column":63}},"50":{"start":{"line":129,"column":54},"end":{"line":129,"column":63}},"51":{"start":{"line":130,"column":8},"end":{"line":130,"column":74}},"52":{"start":{"line":130,"column":65},"end":{"line":130,"column":74}},"53":{"start":{"line":131,"column":8},"end":{"line":131,"column":25}},"54":{"start":{"line":135,"column":4},"end":{"line":135,"column":16}},"55":{"start":{"line":139,"column":4},"end":{"line":139,"column":49}},"56":{"start":{"line":139,"column":37},"end":{"line":139,"column":49}},"57":{"start":{"line":141,"column":26},"end":{"line":145,"column":6}},"58":{"start":{"line":147,"column":26},"end":{"line":147,"column":105}},"59":{"start":{"line":148,"column":4},"end":{"line":148,"column":44}},"60":{"start":{"line":148,"column":23},"end":{"line":148,"column":44}},"61":{"start":{"line":150,"column":4},"end":{"line":156,"column":5}},"62":{"start":{"line":151,"column":6},"end":{"line":155,"column":22}},"63":{"start":{"line":152,"column":22},"end":{"line":152,"column":66}},"64":{"start":{"line":153,"column":8},"end":{"line":153,"column":85}},"65":{"start":{"line":153,"column":72},"end":{"line":153,"column":85}},"66":{"start":{"line":154,"column":8},"end":{"line":154,"column":60}},"67":{"start":{"line":154,"column":47},"end":{"line":154,"column":60}},"68":{"start":{"line":158,"column":4},"end":{"line":158,"column":72}},"69":{"start":{"line":158,"column":60},"end":{"line":158,"column":72}},"70":{"start":{"line":160,"column":4},"end":{"line":170,"column":20}},"71":{"start":{"line":161,"column":26},"end":{"line":161,"column":93}},"72":{"start":{"line":162,"column":24},"end":{"line":162,"column":89}},"73":{"start":{"line":163,"column":21},"end":{"line":163,"column":63}},"74":{"start":{"line":164,"column":6},"end":{"line":169,"column":7}},"75":{"start":{"line":164,"column":19},"end":{"line":164,"column":20}},"76":{"start":{"line":165,"column":26},"end":{"line":165,"column":35}},"77":{"start":{"line":166,"column":8},"end":{"line":166,"column":77}},"78":{"start":{"line":166,"column":68},"end":{"line":166,"column":77}},"79":{"start":{"line":167,"column":8},"end":{"line":167,"column":94}},"80":{"start":{"line":167,"column":85},"end":{"line":167,"column":94}},"81":{"start":{"line":168,"column":8},"end":{"line":168,"column":25}},"82":{"start":{"line":172,"column":4},"end":{"line":172,"column":16}},"83":{"start":{"line":176,"column":4},"end":{"line":176,"column":52}},"84":{"start":{"line":176,"column":40},"end":{"line":176,"column":52}},"85":{"start":{"line":178,"column":26},"end":{"line":184,"column":6}},"86":{"start":{"line":185,"column":4},"end":{"line":185,"column":36}},"87":{"start":{"line":185,"column":24},"end":{"line":185,"column":36}},"88":{"start":{"line":187,"column":21},"end":{"line":187,"column":60}},"89":{"start":{"line":188,"column":4},"end":{"line":188,"column":76}},"90":{"start":{"line":192,"column":21},"end":{"line":192,"column":60}},"91":{"start":{"line":193,"column":4},"end":{"line":193,"column":31}},"92":{"start":{"line":193,"column":19},"end":{"line":193,"column":31}},"93":{"start":{"line":194,"column":28},"end":{"line":194,"column":65}},"94":{"start":{"line":196,"column":26},"end":{"line":196,"column":93}},"95":{"start":{"line":197,"column":4},"end":{"line":197,"column":44}},"96":{"start":{"line":197,"column":23},"end":{"line":197,"column":44}},"97":{"start":{"line":199,"column":16},"end":{"line":199,"column":20}},"98":{"start":{"line":200,"column":4},"end":{"line":200,"column":63}},"99":{"start":{"line":200,"column":10},"end":{"line":200,"column":49}},"100":{"start":{"line":201,"column":4},"end":{"line":201,"column":83}},"101":{"start":{"line":201,"column":70},"end":{"line":201,"column":83}},"102":{"start":{"line":202,"column":4},"end":{"line":202,"column":58}},"103":{"start":{"line":202,"column":45},"end":{"line":202,"column":58}},"104":{"start":{"line":203,"column":4},"end":{"line":203,"column":79}},"105":{"start":{"line":203,"column":10},"end":{"line":203,"column":65}},"106":{"start":{"line":204,"column":4},"end":{"line":204,"column":83}},"107":{"start":{"line":204,"column":70},"end":{"line":204,"column":83}},"108":{"start":{"line":205,"column":4},"end":{"line":205,"column":58}},"109":{"start":{"line":205,"column":45},"end":{"line":205,"column":58}},"110":{"start":{"line":206,"column":4},"end":{"line":211,"column":17}},"111":{"start":{"line":207,"column":24},"end":{"line":207,"column":92}},"112":{"start":{"line":208,"column":6},"end":{"line":208,"column":47}},"113":{"start":{"line":209,"column":6},"end":{"line":209,"column":85}},"114":{"start":{"line":209,"column":72},"end":{"line":209,"column":85}},"115":{"start":{"line":210,"column":6},"end":{"line":210,"column":60}},"116":{"start":{"line":210,"column":47},"end":{"line":210,"column":60}},"117":{"start":{"line":212,"column":4},"end":{"line":212,"column":69}},"118":{"start":{"line":212,"column":10},"end":{"line":212,"column":55}},"119":{"start":{"line":213,"column":4},"end":{"line":213,"column":58}},"120":{"start":{"line":213,"column":45},"end":{"line":213,"column":58}},"121":{"start":{"line":215,"column":34},"end":{"line":215,"column":108}},"122":{"start":{"line":216,"column":4},"end":{"line":216,"column":60}},"123":{"start":{"line":216,"column":31},"end":{"line":216,"column":60}},"124":{"start":{"line":218,"column":4},"end":{"line":233,"column":17}},"125":{"start":{"line":219,"column":18},"end":{"line":219,"column":28}},"126":{"start":{"line":220,"column":19},"end":{"line":222,"column":62}},"127":{"start":{"line":223,"column":21},"end":{"line":225,"column":62}},"128":{"start":{"line":226,"column":21},"end":{"line":226,"column":53}},"129":{"start":{"line":227,"column":6},"end":{"line":232,"column":7}},"130":{"start":{"line":227,"column":19},"end":{"line":227,"column":20}},"131":{"start":{"line":228,"column":26},"end":{"line":228,"column":35}},"132":{"start":{"line":229,"column":8},"end":{"line":229,"column":119}},"133":{"start":{"line":229,"column":110},"end":{"line":229,"column":119}},"134":{"start":{"line":230,"column":8},"end":{"line":230,"column":79}},"135":{"start":{"line":230,"column":70},"end":{"line":230,"column":79}},"136":{"start":{"line":231,"column":8},"end":{"line":231,"column":25}},"137":{"start":{"line":235,"column":4},"end":{"line":235,"column":16}},"138":{"start":{"line":239,"column":22},"end":{"line":239,"column":51}},"139":{"start":{"line":240,"column":4},"end":{"line":246,"column":5}},"140":{"start":{"line":240,"column":17},"end":{"line":240,"column":18}},"141":{"start":{"line":241,"column":6},"end":{"line":245,"column":7}},"142":{"start":{"line":242,"column":8},"end":{"line":242,"column":73}},"143":{"start":{"line":242,"column":14},"end":{"line":242,"column":60}},"144":{"start":{"line":243,"column":8},"end":{"line":243,"column":66}},"145":{"start":{"line":244,"column":8},"end":{"line":244,"column":28}},"146":{"start":{"line":247,"column":19},"end":{"line":247,"column":67}},"147":{"start":{"line":248,"column":4},"end":{"line":248,"column":63}},"148":{"start":{"line":248,"column":10},"end":{"line":248,"column":50}},"149":{"start":{"line":249,"column":4},"end":{"line":249,"column":56}},"150":{"start":{"line":250,"column":4},"end":{"line":250,"column":18}},"151":{"start":{"line":254,"column":4},"end":{"line":254,"column":63}},"152":{"start":{"line":254,"column":56},"end":{"line":254,"column":63}},"153":{"start":{"line":256,"column":4},"end":{"line":261,"column":20}},"154":{"start":{"line":257,"column":6},"end":{"line":260,"column":21}},"155":{"start":{"line":265,"column":4},"end":{"line":265,"column":78}},"156":{"start":{"line":269,"column":4},"end":{"line":283,"column":5}},"157":{"start":{"line":269,"column":23},"end":{"line":269,"column":24}},"158":{"start":{"line":270,"column":29},"end":{"line":274,"column":8}},"159":{"start":{"line":276,"column":6},"end":{"line":278,"column":7}},"160":{"start":{"line":277,"column":8},"end":{"line":277,"column":30}},"161":{"start":{"line":280,"column":6},"end":{"line":282,"column":7}},"162":{"start":{"line":281,"column":8},"end":{"line":281,"column":29}},"163":{"start":{"line":285,"column":4},"end":{"line":285,"column":16}},"164":{"start":{"line":289,"column":21},"end":{"line":289,"column":73}},"165":{"start":{"line":290,"column":4},"end":{"line":290,"column":62}},"166":{"start":{"line":290,"column":53},"end":{"line":290,"column":62}},"167":{"start":{"line":292,"column":23},"end":{"line":292,"column":46}},"168":{"start":{"line":293,"column":4},"end":{"line":293,"column":39}},"169":{"start":{"line":293,"column":27},"end":{"line":293,"column":39}},"170":{"start":{"line":295,"column":4},"end":{"line":295,"column":71}},"171":{"start":{"line":299,"column":4},"end":{"line":299,"column":29}},"172":{"start":{"line":299,"column":22},"end":{"line":299,"column":29}},"173":{"start":{"line":301,"column":28},"end":{"line":301,"column":60}},"174":{"start":{"line":302,"column":4},"end":{"line":306,"column":5}},"175":{"start":{"line":303,"column":6},"end":{"line":303,"column":39}},"176":{"start":{"line":305,"column":6},"end":{"line":305,"column":58}},"177":{"start":{"line":308,"column":22},"end":{"line":311,"column":6}},"178":{"start":{"line":312,"column":27},"end":{"line":312,"column":113}},"179":{"start":{"line":314,"column":4},"end":{"line":328,"column":5}},"180":{"start":{"line":315,"column":6},"end":{"line":327,"column":7}},"181":{"start":{"line":316,"column":8},"end":{"line":323,"column":11}},"182":{"start":{"line":324,"column":8},"end":{"line":324,"column":15}},"183":{"start":{"line":326,"column":8},"end":{"line":326,"column":60}},"184":{"start":{"line":330,"column":4},"end":{"line":332,"column":5}},"185":{"start":{"line":331,"column":6},"end":{"line":331,"column":13}},"186":{"start":{"line":334,"column":4},"end":{"line":341,"column":5}},"187":{"start":{"line":335,"column":6},"end":{"line":339,"column":7}},"188":{"start":{"line":336,"column":8},"end":{"line":336,"column":54}},"189":{"start":{"line":338,"column":8},"end":{"line":338,"column":63}},"190":{"start":{"line":340,"column":6},"end":{"line":340,"column":13}},"191":{"start":{"line":343,"column":4},"end":{"line":345,"column":5}},"192":{"start":{"line":344,"column":6},"end":{"line":344,"column":125}},"193":{"start":{"line":349,"column":31},"end":{"line":349,"column":71}},"194":{"start":{"line":350,"column":4},"end":{"line":353,"column":5}},"195":{"start":{"line":351,"column":6},"end":{"line":351,"column":108}},"196":{"start":{"line":352,"column":6},"end":{"line":352,"column":32}},"197":{"start":{"line":355,"column":27},"end":{"line":355,"column":87}},"198":{"start":{"line":357,"column":4},"end":{"line":364,"column":5}},"199":{"start":{"line":358,"column":6},"end":{"line":362,"column":8}},"200":{"start":{"line":363,"column":6},"end":{"line":363,"column":83}},"201":{"start":{"line":366,"column":38},"end":{"line":366,"column":69}},"202":{"start":{"line":367,"column":33},"end":{"line":367,"column":74}},"203":{"start":{"line":368,"column":40},"end":{"line":368,"column":98}},"204":{"start":{"line":369,"column":4},"end":{"line":373,"column":6}},"205":{"start":{"line":375,"column":4},"end":{"line":378,"column":5}},"206":{"start":{"line":376,"column":6},"end":{"line":376,"column":106}},"207":{"start":{"line":377,"column":6},"end":{"line":377,"column":32}},"208":{"start":{"line":380,"column":4},"end":{"line":383,"column":5}},"209":{"start":{"line":381,"column":6},"end":{"line":381,"column":100}},"210":{"start":{"line":382,"column":6},"end":{"line":382,"column":32}},"211":{"start":{"line":385,"column":4},"end":{"line":424,"column":5}},"212":{"start":{"line":386,"column":6},"end":{"line":390,"column":8}},"213":{"start":{"line":391,"column":6},"end":{"line":398,"column":9}},"214":{"start":{"line":400,"column":37},"end":{"line":400,"column":41}},"215":{"start":{"line":401,"column":6},"end":{"line":407,"column":7}},"216":{"start":{"line":402,"column":8},"end":{"line":404,"column":11}},"217":{"start":{"line":406,"column":8},"end":{"line":406,"column":76}},"218":{"start":{"line":409,"column":38},"end":{"line":409,"column":105}},"219":{"start":{"line":410,"column":6},"end":{"line":413,"column":8}},"220":{"start":{"line":415,"column":6},"end":{"line":419,"column":7}},"221":{"start":{"line":416,"column":8},"end":{"line":416,"column":93}},"222":{"start":{"line":418,"column":8},"end":{"line":418,"column":105}},"223":{"start":{"line":420,"column":6},"end":{"line":420,"column":32}},"224":{"start":{"line":422,"column":6},"end":{"line":422,"column":53}},"225":{"start":{"line":423,"column":6},"end":{"line":423,"column":72}},"226":{"start":{"line":428,"column":20},"end":{"line":428,"column":34}},"227":{"start":{"line":429,"column":4},"end":{"line":443,"column":17}},"228":{"start":{"line":430,"column":6},"end":{"line":430,"column":70}},"229":{"start":{"line":431,"column":6},"end":{"line":431,"column":66}},"230":{"start":{"line":432,"column":6},"end":{"line":432,"column":92}},"231":{"start":{"line":433,"column":6},"end":{"line":433,"column":101}},"232":{"start":{"line":434,"column":6},"end":{"line":434,"column":97}},"233":{"start":{"line":436,"column":6},"end":{"line":438,"column":7}},"234":{"start":{"line":437,"column":8},"end":{"line":437,"column":79}},"235":{"start":{"line":440,"column":6},"end":{"line":442,"column":7}},"236":{"start":{"line":441,"column":8},"end":{"line":441,"column":99}},"237":{"start":{"line":447,"column":4},"end":{"line":447,"column":80}},"238":{"start":{"line":447,"column":10},"end":{"line":447,"column":52}},"239":{"start":{"line":447,"column":66},"end":{"line":447,"column":78}},"240":{"start":{"line":451,"column":4},"end":{"line":451,"column":36}},"241":{"start":{"line":451,"column":24},"end":{"line":451,"column":36}},"242":{"start":{"line":452,"column":22},"end":{"line":452,"column":57}},"243":{"start":{"line":453,"column":4},"end":{"line":453,"column":32}},"244":{"start":{"line":453,"column":20},"end":{"line":453,"column":32}},"245":{"start":{"line":455,"column":24},"end":{"line":455,"column":96}},"246":{"start":{"line":456,"column":22},"end":{"line":456,"column":92}},"247":{"start":{"line":457,"column":23},"end":{"line":457,"column":66}},"248":{"start":{"line":459,"column":24},"end":{"line":459,"column":63}},"249":{"start":{"line":460,"column":4},"end":{"line":462,"column":5}},"250":{"start":{"line":460,"column":17},"end":{"line":460,"column":18}},"251":{"start":{"line":461,"column":6},"end":{"line":461,"column":95}},"252":{"start":{"line":461,"column":74},"end":{"line":461,"column":95}},"253":{"start":{"line":464,"column":21},"end":{"line":464,"column":42}},"254":{"start":{"line":465,"column":4},"end":{"line":467,"column":5}},"255":{"start":{"line":465,"column":17},"end":{"line":465,"column":18}},"256":{"start":{"line":466,"column":6},"end":{"line":466,"column":88}},"257":{"start":{"line":466,"column":67},"end":{"line":466,"column":88}},"258":{"start":{"line":469,"column":4},"end":{"line":469,"column":16}},"259":{"start":{"line":473,"column":21},"end":{"line":473,"column":36}},"260":{"start":{"line":474,"column":4},"end":{"line":481,"column":6}},"261":{"start":{"line":485,"column":4},"end":{"line":490,"column":6}},"262":{"start":{"line":494,"column":4},"end":{"line":499,"column":6}},"263":{"start":{"line":503,"column":25},"end":{"line":503,"column":89}},"264":{"start":{"line":504,"column":21},"end":{"line":510,"column":5}},"265":{"start":{"line":512,"column":4},"end":{"line":516,"column":5}},"266":{"start":{"line":513,"column":30},"end":{"line":513,"column":71}},"267":{"start":{"line":514,"column":7},"end":{"line":514,"column":56}},"268":{"start":{"line":514,"column":27},"end":{"line":514,"column":56}},"269":{"start":{"line":515,"column":7},"end":{"line":515,"column":105}},"270":{"start":{"line":518,"column":26},"end":{"line":518,"column":42}},"271":{"start":{"line":519,"column":26},"end":{"line":519,"column":54}},"272":{"start":{"line":520,"column":24},"end":{"line":520,"column":87}},"273":{"start":{"line":521,"column":22},"end":{"line":521,"column":48}},"274":{"start":{"line":523,"column":24},"end":{"line":528,"column":5}},"275":{"start":{"line":530,"column":27},"end":{"line":530,"column":68}},"276":{"start":{"line":531,"column":27},"end":{"line":531,"column":62}},"277":{"start":{"line":532,"column":20},"end":{"line":532,"column":25}},"278":{"start":{"line":535,"column":4},"end":{"line":547,"column":5}},"279":{"start":{"line":536,"column":6},"end":{"line":536,"column":53}},"280":{"start":{"line":537,"column":6},"end":{"line":537,"column":56}},"281":{"start":{"line":538,"column":6},"end":{"line":538,"column":49}},"282":{"start":{"line":539,"column":6},"end":{"line":539,"column":57}},"283":{"start":{"line":540,"column":6},"end":{"line":540,"column":23}},"284":{"start":{"line":541,"column":6},"end":{"line":541,"column":40}},"285":{"start":{"line":543,"column":6},"end":{"line":546,"column":9}},"286":{"start":{"line":549,"column":4},"end":{"line":551,"column":5}},"287":{"start":{"line":550,"column":6},"end":{"line":550,"column":80}},"288":{"start":{"line":553,"column":28},"end":{"line":553,"column":97}},"289":{"start":{"line":554,"column":4},"end":{"line":556,"column":5}},"290":{"start":{"line":555,"column":6},"end":{"line":555,"column":82}},"291":{"start":{"line":558,"column":41},"end":{"line":562,"column":5}},"292":{"start":{"line":563,"column":4},"end":{"line":563,"column":77}},"293":{"start":{"line":565,"column":4},"end":{"line":568,"column":7}},"294":{"start":{"line":569,"column":4},"end":{"line":569,"column":62}},"295":{"start":{"line":569,"column":10},"end":{"line":569,"column":45}},"296":{"start":{"line":571,"column":4},"end":{"line":576,"column":6}},"297":{"start":{"line":581,"column":0},"end":{"line":583,"column":1}},"298":{"start":{"line":582,"column":2},"end":{"line":582,"column":39}}},"fnMap":{"0":{"name":"(anonymous_0)","decl":{"start":{"line":50,"column":2},"end":{"line":50,"column":3}},"loc":{"start":{"line":50,"column":52},"end":{"line":58,"column":3}},"line":50},"1":{"name":"(anonymous_1)","decl":{"start":{"line":60,"column":2},"end":{"line":60,"column":3}},"loc":{"start":{"line":60,"column":29},"end":{"line":66,"column":3}},"line":60},"2":{"name":"(anonymous_2)","decl":{"start":{"line":68,"column":2},"end":{"line":68,"column":3}},"loc":{"start":{"line":68,"column":28},"end":{"line":79,"column":3}},"line":68},"3":{"name":"(anonymous_3)","decl":{"start":{"line":81,"column":2},"end":{"line":81,"column":3}},"loc":{"start":{"line":81,"column":31},"end":{"line":97,"column":3}},"line":81},"4":{"name":"(anonymous_4)","decl":{"start":{"line":99,"column":2},"end":{"line":99,"column":3}},"loc":{"start":{"line":99,"column":35},"end":{"line":110,"column":3}},"line":99},"5":{"name":"(anonymous_5)","decl":{"start":{"line":112,"column":2},"end":{"line":112,"column":3}},"loc":{"start":{"line":112,"column":44},"end":{"line":116,"column":3}},"line":112},"6":{"name":"(anonymous_6)","decl":{"start":{"line":118,"column":2},"end":{"line":118,"column":3}},"loc":{"start":{"line":118,"column":63},"end":{"line":136,"column":3}},"line":118},"7":{"name":"(anonymous_7)","decl":{"start":{"line":138,"column":2},"end":{"line":138,"column":3}},"loc":{"start":{"line":138,"column":62},"end":{"line":173,"column":3}},"line":138},"8":{"name":"(anonymous_8)","decl":{"start":{"line":175,"column":2},"end":{"line":175,"column":3}},"loc":{"start":{"line":175,"column":67},"end":{"line":189,"column":3}},"line":175},"9":{"name":"(anonymous_9)","decl":{"start":{"line":191,"column":2},"end":{"line":191,"column":3}},"loc":{"start":{"line":191,"column":50},"end":{"line":236,"column":3}},"line":191},"10":{"name":"(anonymous_10)","decl":{"start":{"line":238,"column":2},"end":{"line":238,"column":3}},"loc":{"start":{"line":238,"column":33},"end":{"line":251,"column":3}},"line":238},"11":{"name":"(anonymous_11)","decl":{"start":{"line":253,"column":2},"end":{"line":253,"column":3}},"loc":{"start":{"line":253,"column":45},"end":{"line":262,"column":3}},"line":253},"12":{"name":"(anonymous_12)","decl":{"start":{"line":264,"column":2},"end":{"line":264,"column":3}},"loc":{"start":{"line":264,"column":39},"end":{"line":266,"column":3}},"line":264},"13":{"name":"(anonymous_13)","decl":{"start":{"line":268,"column":2},"end":{"line":268,"column":3}},"loc":{"start":{"line":268,"column":58},"end":{"line":286,"column":3}},"line":268},"14":{"name":"(anonymous_14)","decl":{"start":{"line":288,"column":2},"end":{"line":288,"column":3}},"loc":{"start":{"line":288,"column":30},"end":{"line":296,"column":3}},"line":288},"15":{"name":"(anonymous_15)","decl":{"start":{"line":298,"column":2},"end":{"line":298,"column":3}},"loc":{"start":{"line":298,"column":60},"end":{"line":346,"column":3}},"line":298},"16":{"name":"(anonymous_16)","decl":{"start":{"line":348,"column":2},"end":{"line":348,"column":3}},"loc":{"start":{"line":348,"column":80},"end":{"line":425,"column":3}},"line":348},"17":{"name":"(anonymous_17)","decl":{"start":{"line":427,"column":2},"end":{"line":427,"column":3}},"loc":{"start":{"line":427,"column":71},"end":{"line":444,"column":3}},"line":427},"18":{"name":"(anonymous_18)","decl":{"start":{"line":446,"column":2},"end":{"line":446,"column":3}},"loc":{"start":{"line":446,"column":31},"end":{"line":448,"column":3}},"line":446},"19":{"name":"(anonymous_19)","decl":{"start":{"line":450,"column":2},"end":{"line":450,"column":3}},"loc":{"start":{"line":450,"column":39},"end":{"line":470,"column":3}},"line":450},"20":{"name":"(anonymous_20)","decl":{"start":{"line":472,"column":2},"end":{"line":472,"column":3}},"loc":{"start":{"line":472,"column":33},"end":{"line":482,"column":3}},"line":472},"21":{"name":"(anonymous_21)","decl":{"start":{"line":484,"column":2},"end":{"line":484,"column":3}},"loc":{"start":{"line":484,"column":62},"end":{"line":491,"column":3}},"line":484},"22":{"name":"(anonymous_22)","decl":{"start":{"line":493,"column":2},"end":{"line":493,"column":3}},"loc":{"start":{"line":493,"column":101},"end":{"line":500,"column":3}},"line":493},"23":{"name":"(anonymous_23)","decl":{"start":{"line":502,"column":2},"end":{"line":502,"column":3}},"loc":{"start":{"line":502,"column":74},"end":{"line":577,"column":3}},"line":502}},"branchMap":{"0":{"loc":{"start":{"line":53,"column":21},"end":{"line":53,"column":39}},"type":"binary-expr","locations":[{"start":{"line":53,"column":21},"end":{"line":53,"column":33}},{"start":{"line":53,"column":37},"end":{"line":53,"column":39}}],"line":53},"1":{"loc":{"start":{"line":54,"column":36},"end":{"line":54,"column":105}},"type":"binary-expr","locations":[{"start":{"line":54,"column":36},"end":{"line":54,"column":69}},{"start":{"line":54,"column":73},"end":{"line":54,"column":105}}],"line":54},"2":{"loc":{"start":{"line":55,"column":31},"end":{"line":55,"column":90}},"type":"binary-expr","locations":[{"start":{"line":55,"column":31},"end":{"line":55,"column":59}},{"start":{"line":55,"column":63},"end":{"line":55,"column":90}}],"line":55},"3":{"loc":{"start":{"line":56,"column":36},"end":{"line":56,"column":105}},"type":"binary-expr","locations":[{"start":{"line":56,"column":36},"end":{"line":56,"column":69}},{"start":{"line":56,"column":73},"end":{"line":56,"column":105}}],"line":56},"4":{"loc":{"start":{"line":57,"column":33},"end":{"line":57,"column":118}},"type":"binary-expr","locations":[{"start":{"line":57,"column":33},"end":{"line":57,"column":63}},{"start":{"line":57,"column":67},"end":{"line":57,"column":118}}],"line":57},"5":{"loc":{"start":{"line":61,"column":4},"end":{"line":61,"column":33}},"type":"if","locations":[{"start":{"line":61,"column":4},"end":{"line":61,"column":33}},{"start":{},"end":{}}],"line":61},"6":{"loc":{"start":{"line":62,"column":18},"end":{"line":62,"column":48}},"type":"binary-expr","locations":[{"start":{"line":62,"column":18},"end":{"line":62,"column":34}},{"start":{"line":62,"column":38},"end":{"line":62,"column":48}}],"line":62},"7":{"loc":{"start":{"line":63,"column":22},"end":{"line":63,"column":79}},"type":"cond-expr","locations":[{"start":{"line":63,"column":45},"end":{"line":63,"column":75}},{"start":{"line":63,"column":78},"end":{"line":63,"column":79}}],"line":63},"8":{"loc":{"start":{"line":69,"column":4},"end":{"line":69,"column":28}},"type":"if","locations":[{"start":{"line":69,"column":4},"end":{"line":69,"column":28}},{"start":{},"end":{}}],"line":69},"9":{"loc":{"start":{"line":70,"column":4},"end":{"line":70,"column":44}},"type":"if","locations":[{"start":{"line":70,"column":4},"end":{"line":70,"column":44}},{"start":{},"end":{}}],"line":70},"10":{"loc":{"start":{"line":71,"column":4},"end":{"line":74,"column":5}},"type":"if","locations":[{"start":{"line":71,"column":4},"end":{"line":74,"column":5}},{"start":{},"end":{}}],"line":71},"11":{"loc":{"start":{"line":73,"column":13},"end":{"line":73,"column":52}},"type":"cond-expr","locations":[{"start":{"line":73,"column":39},"end":{"line":73,"column":43}},{"start":{"line":73,"column":46},"end":{"line":73,"column":52}}],"line":73},"12":{"loc":{"start":{"line":75,"column":4},"end":{"line":77,"column":5}},"type":"if","locations":[{"start":{"line":75,"column":4},"end":{"line":77,"column":5}},{"start":{},"end":{}}],"line":75},"13":{"loc":{"start":{"line":75,"column":8},"end":{"line":75,"column":36}},"type":"binary-expr","locations":[{"start":{"line":75,"column":8},"end":{"line":75,"column":22}},{"start":{"line":75,"column":26},"end":{"line":75,"column":36}}],"line":75},"14":{"loc":{"start":{"line":76,"column":37},"end":{"line":76,"column":65}},"type":"binary-expr","locations":[{"start":{"line":76,"column":37},"end":{"line":76,"column":51}},{"start":{"line":76,"column":55},"end":{"line":76,"column":65}}],"line":76},"15":{"loc":{"start":{"line":82,"column":4},"end":{"line":82,"column":28}},"type":"if","locations":[{"start":{"line":82,"column":4},"end":{"line":82,"column":28}},{"start":{},"end":{}}],"line":82},"16":{"loc":{"start":{"line":83,"column":4},"end":{"line":83,"column":48}},"type":"if","locations":[{"start":{"line":83,"column":4},"end":{"line":83,"column":48}},{"start":{},"end":{}}],"line":83},"17":{"loc":{"start":{"line":86,"column":6},"end":{"line":89,"column":7}},"type":"if","locations":[{"start":{"line":86,"column":6},"end":{"line":89,"column":7}},{"start":{},"end":{}}],"line":86},"18":{"loc":{"start":{"line":86,"column":10},"end":{"line":86,"column":89}},"type":"binary-expr","locations":[{"start":{"line":86,"column":10},"end":{"line":86,"column":42}},{"start":{"line":86,"column":46},"end":{"line":86,"column":68}},{"start":{"line":86,"column":72},"end":{"line":86,"column":89}}],"line":86},"19":{"loc":{"start":{"line":100,"column":21},"end":{"line":100,"column":37}},"type":"binary-expr","locations":[{"start":{"line":100,"column":21},"end":{"line":100,"column":31}},{"start":{"line":100,"column":35},"end":{"line":100,"column":37}}],"line":100},"20":{"loc":{"start":{"line":102,"column":18},"end":{"line":102,"column":63}},"type":"binary-expr","locations":[{"start":{"line":102,"column":18},"end":{"line":102,"column":37}},{"start":{"line":102,"column":41},"end":{"line":102,"column":57}},{"start":{"line":102,"column":61},"end":{"line":102,"column":63}}],"line":102},"21":{"loc":{"start":{"line":103,"column":15},"end":{"line":103,"column":57}},"type":"binary-expr","locations":[{"start":{"line":103,"column":15},"end":{"line":103,"column":31}},{"start":{"line":103,"column":35},"end":{"line":103,"column":51}},{"start":{"line":103,"column":55},"end":{"line":103,"column":57}}],"line":103},"22":{"loc":{"start":{"line":104,"column":24},"end":{"line":104,"column":55}},"type":"binary-expr","locations":[{"start":{"line":104,"column":24},"end":{"line":104,"column":49}},{"start":{"line":104,"column":53},"end":{"line":104,"column":55}}],"line":104},"23":{"loc":{"start":{"line":107,"column":22},"end":{"line":107,"column":53}},"type":"binary-expr","locations":[{"start":{"line":107,"column":22},"end":{"line":107,"column":45}},{"start":{"line":107,"column":49},"end":{"line":107,"column":53}}],"line":107},"24":{"loc":{"start":{"line":108,"column":19},"end":{"line":108,"column":45}},"type":"binary-expr","locations":[{"start":{"line":108,"column":19},"end":{"line":108,"column":39}},{"start":{"line":108,"column":43},"end":{"line":108,"column":45}}],"line":108},"25":{"loc":{"start":{"line":113,"column":4},"end":{"line":113,"column":76}},"type":"if","locations":[{"start":{"line":113,"column":4},"end":{"line":113,"column":76}},{"start":{},"end":{}}],"line":113},"26":{"loc":{"start":{"line":113,"column":8},"end":{"line":113,"column":62}},"type":"binary-expr","locations":[{"start":{"line":113,"column":8},"end":{"line":113,"column":14}},{"start":{"line":113,"column":18},"end":{"line":113,"column":39}},{"start":{"line":113,"column":43},"end":{"line":113,"column":62}}],"line":113},"27":{"loc":{"start":{"line":114,"column":11},"end":{"line":115,"column":67}},"type":"binary-expr","locations":[{"start":{"line":114,"column":11},"end":{"line":114,"column":76}},{"start":{"line":115,"column":6},"end":{"line":115,"column":67}}],"line":114},"28":{"loc":{"start":{"line":119,"column":4},"end":{"line":119,"column":79}},"type":"if","locations":[{"start":{"line":119,"column":4},"end":{"line":119,"column":79}},{"start":{},"end":{}}],"line":119},"29":{"loc":{"start":{"line":119,"column":8},"end":{"line":119,"column":65}},"type":"binary-expr","locations":[{"start":{"line":119,"column":8},"end":{"line":119,"column":17}},{"start":{"line":119,"column":21},"end":{"line":119,"column":42}},{"start":{"line":119,"column":46},"end":{"line":119,"column":65}}],"line":119},"30":{"loc":{"start":{"line":121,"column":20},"end":{"line":121,"column":38}},"type":"binary-expr","locations":[{"start":{"line":121,"column":20},"end":{"line":121,"column":29}},{"start":{"line":121,"column":33},"end":{"line":121,"column":38}}],"line":121},"31":{"loc":{"start":{"line":129,"column":8},"end":{"line":129,"column":63}},"type":"if","locations":[{"start":{"line":129,"column":8},"end":{"line":129,"column":63}},{"start":{},"end":{}}],"line":129},"32":{"loc":{"start":{"line":129,"column":12},"end":{"line":129,"column":52}},"type":"binary-expr","locations":[{"start":{"line":129,"column":12},"end":{"line":129,"column":19}},{"start":{"line":129,"column":23},"end":{"line":129,"column":52}}],"line":129},"33":{"loc":{"start":{"line":130,"column":8},"end":{"line":130,"column":74}},"type":"if","locations":[{"start":{"line":130,"column":8},"end":{"line":130,"column":74}},{"start":{},"end":{}}],"line":130},"34":{"loc":{"start":{"line":139,"column":4},"end":{"line":139,"column":49}},"type":"if","locations":[{"start":{"line":139,"column":4},"end":{"line":139,"column":49}},{"start":{},"end":{}}],"line":139},"35":{"loc":{"start":{"line":139,"column":8},"end":{"line":139,"column":35}},"type":"binary-expr","locations":[{"start":{"line":139,"column":8},"end":{"line":139,"column":17}},{"start":{"line":139,"column":21},"end":{"line":139,"column":35}}],"line":139},"36":{"loc":{"start":{"line":142,"column":15},"end":{"line":142,"column":42}},"type":"binary-expr","locations":[{"start":{"line":142,"column":15},"end":{"line":142,"column":36}},{"start":{"line":142,"column":40},"end":{"line":142,"column":42}}],"line":142},"37":{"loc":{"start":{"line":148,"column":4},"end":{"line":148,"column":44}},"type":"if","locations":[{"start":{"line":148,"column":4},"end":{"line":148,"column":44}},{"start":{},"end":{}}],"line":148},"38":{"loc":{"start":{"line":150,"column":4},"end":{"line":156,"column":5}},"type":"if","locations":[{"start":{"line":150,"column":4},"end":{"line":156,"column":5}},{"start":{},"end":{}}],"line":150},"39":{"loc":{"start":{"line":153,"column":8},"end":{"line":153,"column":85}},"type":"if","locations":[{"start":{"line":153,"column":8},"end":{"line":153,"column":85}},{"start":{},"end":{}}],"line":153},"40":{"loc":{"start":{"line":153,"column":12},"end":{"line":153,"column":70}},"type":"binary-expr","locations":[{"start":{"line":153,"column":12},"end":{"line":153,"column":17}},{"start":{"line":153,"column":21},"end":{"line":153,"column":70}}],"line":153},"41":{"loc":{"start":{"line":154,"column":8},"end":{"line":154,"column":60}},"type":"if","locations":[{"start":{"line":154,"column":8},"end":{"line":154,"column":60}},{"start":{},"end":{}}],"line":154},"42":{"loc":{"start":{"line":154,"column":12},"end":{"line":154,"column":45}},"type":"binary-expr","locations":[{"start":{"line":154,"column":12},"end":{"line":154,"column":17}},{"start":{"line":154,"column":21},"end":{"line":154,"column":45}}],"line":154},"43":{"loc":{"start":{"line":158,"column":4},"end":{"line":158,"column":72}},"type":"if","locations":[{"start":{"line":158,"column":4},"end":{"line":158,"column":72}},{"start":{},"end":{}}],"line":158},"44":{"loc":{"start":{"line":158,"column":8},"end":{"line":158,"column":58}},"type":"binary-expr","locations":[{"start":{"line":158,"column":8},"end":{"line":158,"column":32}},{"start":{"line":158,"column":36},"end":{"line":158,"column":58}}],"line":158},"45":{"loc":{"start":{"line":166,"column":8},"end":{"line":166,"column":77}},"type":"if","locations":[{"start":{"line":166,"column":8},"end":{"line":166,"column":77}},{"start":{},"end":{}}],"line":166},"46":{"loc":{"start":{"line":167,"column":8},"end":{"line":167,"column":94}},"type":"if","locations":[{"start":{"line":167,"column":8},"end":{"line":167,"column":94}},{"start":{},"end":{}}],"line":167},"47":{"loc":{"start":{"line":167,"column":12},"end":{"line":167,"column":83}},"type":"binary-expr","locations":[{"start":{"line":167,"column":12},"end":{"line":167,"column":33}},{"start":{"line":167,"column":37},"end":{"line":167,"column":83}}],"line":167},"48":{"loc":{"start":{"line":176,"column":4},"end":{"line":176,"column":52}},"type":"if","locations":[{"start":{"line":176,"column":4},"end":{"line":176,"column":52}},{"start":{},"end":{}}],"line":176},"49":{"loc":{"start":{"line":179,"column":18},"end":{"line":179,"column":50}},"type":"binary-expr","locations":[{"start":{"line":179,"column":18},"end":{"line":179,"column":39}},{"start":{"line":179,"column":43},"end":{"line":179,"column":50}}],"line":179},"50":{"loc":{"start":{"line":180,"column":15},"end":{"line":180,"column":44}},"type":"binary-expr","locations":[{"start":{"line":180,"column":15},"end":{"line":180,"column":33}},{"start":{"line":180,"column":37},"end":{"line":180,"column":44}}],"line":180},"51":{"loc":{"start":{"line":185,"column":4},"end":{"line":185,"column":36}},"type":"if","locations":[{"start":{"line":185,"column":4},"end":{"line":185,"column":36}},{"start":{},"end":{}}],"line":185},"52":{"loc":{"start":{"line":193,"column":4},"end":{"line":193,"column":31}},"type":"if","locations":[{"start":{"line":193,"column":4},"end":{"line":193,"column":31}},{"start":{},"end":{}}],"line":193},"53":{"loc":{"start":{"line":197,"column":4},"end":{"line":197,"column":44}},"type":"if","locations":[{"start":{"line":197,"column":4},"end":{"line":197,"column":44}},{"start":{},"end":{}}],"line":197},"54":{"loc":{"start":{"line":201,"column":4},"end":{"line":201,"column":83}},"type":"if","locations":[{"start":{"line":201,"column":4},"end":{"line":201,"column":83}},{"start":{},"end":{}}],"line":201},"55":{"loc":{"start":{"line":201,"column":8},"end":{"line":201,"column":68}},"type":"binary-expr","locations":[{"start":{"line":201,"column":8},"end":{"line":201,"column":13}},{"start":{"line":201,"column":17},"end":{"line":201,"column":68}}],"line":201},"56":{"loc":{"start":{"line":202,"column":4},"end":{"line":202,"column":58}},"type":"if","locations":[{"start":{"line":202,"column":4},"end":{"line":202,"column":58}},{"start":{},"end":{}}],"line":202},"57":{"loc":{"start":{"line":202,"column":8},"end":{"line":202,"column":43}},"type":"binary-expr","locations":[{"start":{"line":202,"column":8},"end":{"line":202,"column":13}},{"start":{"line":202,"column":17},"end":{"line":202,"column":43}}],"line":202},"58":{"loc":{"start":{"line":204,"column":4},"end":{"line":204,"column":83}},"type":"if","locations":[{"start":{"line":204,"column":4},"end":{"line":204,"column":83}},{"start":{},"end":{}}],"line":204},"59":{"loc":{"start":{"line":204,"column":8},"end":{"line":204,"column":68}},"type":"binary-expr","locations":[{"start":{"line":204,"column":8},"end":{"line":204,"column":13}},{"start":{"line":204,"column":17},"end":{"line":204,"column":68}}],"line":204},"60":{"loc":{"start":{"line":205,"column":4},"end":{"line":205,"column":58}},"type":"if","locations":[{"start":{"line":205,"column":4},"end":{"line":205,"column":58}},{"start":{},"end":{}}],"line":205},"61":{"loc":{"start":{"line":205,"column":8},"end":{"line":205,"column":43}},"type":"binary-expr","locations":[{"start":{"line":205,"column":8},"end":{"line":205,"column":13}},{"start":{"line":205,"column":17},"end":{"line":205,"column":43}}],"line":205},"62":{"loc":{"start":{"line":209,"column":6},"end":{"line":209,"column":85}},"type":"if","locations":[{"start":{"line":209,"column":6},"end":{"line":209,"column":85}},{"start":{},"end":{}}],"line":209},"63":{"loc":{"start":{"line":209,"column":10},"end":{"line":209,"column":70}},"type":"binary-expr","locations":[{"start":{"line":209,"column":10},"end":{"line":209,"column":15}},{"start":{"line":209,"column":19},"end":{"line":209,"column":70}}],"line":209},"64":{"loc":{"start":{"line":210,"column":6},"end":{"line":210,"column":60}},"type":"if","locations":[{"start":{"line":210,"column":6},"end":{"line":210,"column":60}},{"start":{},"end":{}}],"line":210},"65":{"loc":{"start":{"line":210,"column":10},"end":{"line":210,"column":45}},"type":"binary-expr","locations":[{"start":{"line":210,"column":10},"end":{"line":210,"column":15}},{"start":{"line":210,"column":19},"end":{"line":210,"column":45}}],"line":210},"66":{"loc":{"start":{"line":213,"column":4},"end":{"line":213,"column":58}},"type":"if","locations":[{"start":{"line":213,"column":4},"end":{"line":213,"column":58}},{"start":{},"end":{}}],"line":213},"67":{"loc":{"start":{"line":213,"column":8},"end":{"line":213,"column":43}},"type":"binary-expr","locations":[{"start":{"line":213,"column":8},"end":{"line":213,"column":13}},{"start":{"line":213,"column":17},"end":{"line":213,"column":43}}],"line":213},"68":{"loc":{"start":{"line":216,"column":4},"end":{"line":216,"column":60}},"type":"if","locations":[{"start":{"line":216,"column":4},"end":{"line":216,"column":60}},{"start":{},"end":{}}],"line":216},"69":{"loc":{"start":{"line":220,"column":19},"end":{"line":222,"column":62}},"type":"cond-expr","locations":[{"start":{"line":221,"column":10},"end":{"line":221,"column":83}},{"start":{"line":222,"column":10},"end":{"line":222,"column":62}}],"line":220},"70":{"loc":{"start":{"line":223,"column":21},"end":{"line":225,"column":62}},"type":"cond-expr","locations":[{"start":{"line":224,"column":10},"end":{"line":224,"column":81}},{"start":{"line":225,"column":10},"end":{"line":225,"column":62}}],"line":223},"71":{"loc":{"start":{"line":229,"column":8},"end":{"line":229,"column":119}},"type":"if","locations":[{"start":{"line":229,"column":8},"end":{"line":229,"column":119}},{"start":{},"end":{}}],"line":229},"72":{"loc":{"start":{"line":229,"column":12},"end":{"line":229,"column":108}},"type":"binary-expr","locations":[{"start":{"line":229,"column":12},"end":{"line":229,"column":19}},{"start":{"line":229,"column":23},"end":{"line":229,"column":59}},{"start":{"line":229,"column":63},"end":{"line":229,"column":108}}],"line":229},"73":{"loc":{"start":{"line":230,"column":8},"end":{"line":230,"column":79}},"type":"if","locations":[{"start":{"line":230,"column":8},"end":{"line":230,"column":79}},{"start":{},"end":{}}],"line":230},"74":{"loc":{"start":{"line":241,"column":6},"end":{"line":245,"column":7}},"type":"if","locations":[{"start":{"line":241,"column":6},"end":{"line":245,"column":7}},{"start":{},"end":{}}],"line":241},"75":{"loc":{"start":{"line":254,"column":4},"end":{"line":254,"column":63}},"type":"if","locations":[{"start":{"line":254,"column":4},"end":{"line":254,"column":63}},{"start":{},"end":{}}],"line":254},"76":{"loc":{"start":{"line":254,"column":8},"end":{"line":254,"column":54}},"type":"binary-expr","locations":[{"start":{"line":254,"column":8},"end":{"line":254,"column":39}},{"start":{"line":254,"column":43},"end":{"line":254,"column":54}}],"line":254},"77":{"loc":{"start":{"line":265,"column":11},"end":{"line":265,"column":77}},"type":"cond-expr","locations":[{"start":{"line":265,"column":28},"end":{"line":265,"column":70}},{"start":{"line":265,"column":73},"end":{"line":265,"column":77}}],"line":265},"78":{"loc":{"start":{"line":276,"column":6},"end":{"line":278,"column":7}},"type":"if","locations":[{"start":{"line":276,"column":6},"end":{"line":278,"column":7}},{"start":{},"end":{}}],"line":276},"79":{"loc":{"start":{"line":276,"column":10},"end":{"line":276,"column":45}},"type":"binary-expr","locations":[{"start":{"line":276,"column":10},"end":{"line":276,"column":24}},{"start":{"line":276,"column":28},"end":{"line":276,"column":45}}],"line":276},"80":{"loc":{"start":{"line":280,"column":6},"end":{"line":282,"column":7}},"type":"if","locations":[{"start":{"line":280,"column":6},"end":{"line":282,"column":7}},{"start":{},"end":{}}],"line":280},"81":{"loc":{"start":{"line":280,"column":10},"end":{"line":280,"column":53}},"type":"binary-expr","locations":[{"start":{"line":280,"column":10},"end":{"line":280,"column":21}},{"start":{"line":280,"column":25},"end":{"line":280,"column":34}},{"start":{"line":280,"column":38},"end":{"line":280,"column":53}}],"line":280},"82":{"loc":{"start":{"line":289,"column":21},"end":{"line":289,"column":73}},"type":"binary-expr","locations":[{"start":{"line":289,"column":21},"end":{"line":289,"column":34}},{"start":{"line":289,"column":38},"end":{"line":289,"column":73}}],"line":289},"83":{"loc":{"start":{"line":290,"column":4},"end":{"line":290,"column":62}},"type":"if","locations":[{"start":{"line":290,"column":4},"end":{"line":290,"column":62}},{"start":{},"end":{}}],"line":290},"84":{"loc":{"start":{"line":290,"column":8},"end":{"line":290,"column":51}},"type":"binary-expr","locations":[{"start":{"line":290,"column":8},"end":{"line":290,"column":30}},{"start":{"line":290,"column":34},"end":{"line":290,"column":51}}],"line":290},"85":{"loc":{"start":{"line":293,"column":4},"end":{"line":293,"column":39}},"type":"if","locations":[{"start":{"line":293,"column":4},"end":{"line":293,"column":39}},{"start":{},"end":{}}],"line":293},"86":{"loc":{"start":{"line":295,"column":39},"end":{"line":295,"column":68}},"type":"binary-expr","locations":[{"start":{"line":295,"column":39},"end":{"line":295,"column":63}},{"start":{"line":295,"column":67},"end":{"line":295,"column":68}}],"line":295},"87":{"loc":{"start":{"line":299,"column":4},"end":{"line":299,"column":29}},"type":"if","locations":[{"start":{"line":299,"column":4},"end":{"line":299,"column":29}},{"start":{},"end":{}}],"line":299},"88":{"loc":{"start":{"line":308,"column":22},"end":{"line":311,"column":6}},"type":"cond-expr","locations":[{"start":{"line":308,"column":49},"end":{"line":308,"column":51}},{"start":{"line":308,"column":54},"end":{"line":311,"column":6}}],"line":308},"89":{"loc":{"start":{"line":312,"column":27},"end":{"line":312,"column":113}},"type":"cond-expr","locations":[{"start":{"line":312,"column":46},"end":{"line":312,"column":106}},{"start":{"line":312,"column":109},"end":{"line":312,"column":113}}],"line":312},"90":{"loc":{"start":{"line":314,"column":4},"end":{"line":328,"column":5}},"type":"if","locations":[{"start":{"line":314,"column":4},"end":{"line":328,"column":5}},{"start":{},"end":{}}],"line":314},"91":{"loc":{"start":{"line":314,"column":8},"end":{"line":314,"column":122}},"type":"binary-expr","locations":[{"start":{"line":314,"column":8},"end":{"line":314,"column":22}},{"start":{"line":314,"column":26},"end":{"line":314,"column":43}},{"start":{"line":314,"column":47},"end":{"line":314,"column":78}},{"start":{"line":314,"column":82},"end":{"line":314,"column":97}},{"start":{"line":314,"column":101},"end":{"line":314,"column":122}}],"line":314},"92":{"loc":{"start":{"line":330,"column":4},"end":{"line":332,"column":5}},"type":"if","locations":[{"start":{"line":330,"column":4},"end":{"line":332,"column":5}},{"start":{},"end":{}}],"line":330},"93":{"loc":{"start":{"line":334,"column":4},"end":{"line":341,"column":5}},"type":"if","locations":[{"start":{"line":334,"column":4},"end":{"line":341,"column":5}},{"start":{},"end":{}}],"line":334},"94":{"loc":{"start":{"line":334,"column":8},"end":{"line":334,"column":60}},"type":"binary-expr","locations":[{"start":{"line":334,"column":8},"end":{"line":334,"column":28}},{"start":{"line":334,"column":32},"end":{"line":334,"column":60}}],"line":334},"95":{"loc":{"start":{"line":343,"column":4},"end":{"line":345,"column":5}},"type":"if","locations":[{"start":{"line":343,"column":4},"end":{"line":345,"column":5}},{"start":{},"end":{}}],"line":343},"96":{"loc":{"start":{"line":349,"column":31},"end":{"line":349,"column":71}},"type":"binary-expr","locations":[{"start":{"line":349,"column":31},"end":{"line":349,"column":65}},{"start":{"line":349,"column":69},"end":{"line":349,"column":71}}],"line":349},"97":{"loc":{"start":{"line":350,"column":4},"end":{"line":353,"column":5}},"type":"if","locations":[{"start":{"line":350,"column":4},"end":{"line":353,"column":5}},{"start":{},"end":{}}],"line":350},"98":{"loc":{"start":{"line":350,"column":8},"end":{"line":350,"column":75}},"type":"binary-expr","locations":[{"start":{"line":350,"column":8},"end":{"line":350,"column":20}},{"start":{"line":350,"column":24},"end":{"line":350,"column":41}},{"start":{"line":350,"column":45},"end":{"line":350,"column":75}}],"line":350},"99":{"loc":{"start":{"line":357,"column":4},"end":{"line":364,"column":5}},"type":"if","locations":[{"start":{"line":357,"column":4},"end":{"line":364,"column":5}},{"start":{},"end":{}}],"line":357},"100":{"loc":{"start":{"line":357,"column":8},"end":{"line":357,"column":126}},"type":"binary-expr","locations":[{"start":{"line":357,"column":8},"end":{"line":357,"column":23}},{"start":{"line":357,"column":27},"end":{"line":357,"column":45}},{"start":{"line":357,"column":49},"end":{"line":357,"column":80}},{"start":{"line":357,"column":84},"end":{"line":357,"column":100}},{"start":{"line":357,"column":104},"end":{"line":357,"column":126}}],"line":357},"101":{"loc":{"start":{"line":360,"column":30},"end":{"line":360,"column":105}},"type":"binary-expr","locations":[{"start":{"line":360,"column":30},"end":{"line":360,"column":61}},{"start":{"line":360,"column":65},"end":{"line":360,"column":80}},{"start":{"line":360,"column":84},"end":{"line":360,"column":105}}],"line":360},"102":{"loc":{"start":{"line":363,"column":13},"end":{"line":363,"column":82}},"type":"cond-expr","locations":[{"start":{"line":363,"column":52},"end":{"line":363,"column":61}},{"start":{"line":363,"column":64},"end":{"line":363,"column":82}}],"line":363},"103":{"loc":{"start":{"line":367,"column":33},"end":{"line":367,"column":74}},"type":"binary-expr","locations":[{"start":{"line":367,"column":33},"end":{"line":367,"column":66}},{"start":{"line":367,"column":70},"end":{"line":367,"column":74}}],"line":367},"104":{"loc":{"start":{"line":368,"column":43},"end":{"line":368,"column":97}},"type":"binary-expr","locations":[{"start":{"line":368,"column":43},"end":{"line":368,"column":63}},{"start":{"line":368,"column":67},"end":{"line":368,"column":97}}],"line":368},"105":{"loc":{"start":{"line":375,"column":4},"end":{"line":378,"column":5}},"type":"if","locations":[{"start":{"line":375,"column":4},"end":{"line":378,"column":5}},{"start":{},"end":{}}],"line":375},"106":{"loc":{"start":{"line":375,"column":8},"end":{"line":375,"column":76}},"type":"binary-expr","locations":[{"start":{"line":375,"column":8},"end":{"line":375,"column":36}},{"start":{"line":375,"column":40},"end":{"line":375,"column":76}}],"line":375},"107":{"loc":{"start":{"line":380,"column":4},"end":{"line":383,"column":5}},"type":"if","locations":[{"start":{"line":380,"column":4},"end":{"line":383,"column":5}},{"start":{},"end":{}}],"line":380},"108":{"loc":{"start":{"line":380,"column":8},"end":{"line":380,"column":75}},"type":"binary-expr","locations":[{"start":{"line":380,"column":8},"end":{"line":380,"column":45}},{"start":{"line":380,"column":49},"end":{"line":380,"column":75}}],"line":380},"109":{"loc":{"start":{"line":389,"column":28},"end":{"line":389,"column":62}},"type":"binary-expr","locations":[{"start":{"line":389,"column":28},"end":{"line":389,"column":52}},{"start":{"line":389,"column":56},"end":{"line":389,"column":62}}],"line":389},"110":{"loc":{"start":{"line":392,"column":24},"end":{"line":394,"column":16}},"type":"cond-expr","locations":[{"start":{"line":393,"column":12},"end":{"line":393,"column":72}},{"start":{"line":394,"column":12},"end":{"line":394,"column":16}}],"line":392},"111":{"loc":{"start":{"line":409,"column":38},"end":{"line":409,"column":105}},"type":"binary-expr","locations":[{"start":{"line":409,"column":38},"end":{"line":409,"column":62}},{"start":{"line":409,"column":66},"end":{"line":409,"column":105}}],"line":409},"112":{"loc":{"start":{"line":412,"column":47},"end":{"line":412,"column":107}},"type":"binary-expr","locations":[{"start":{"line":412,"column":47},"end":{"line":412,"column":70}},{"start":{"line":412,"column":74},"end":{"line":412,"column":107}}],"line":412},"113":{"loc":{"start":{"line":415,"column":6},"end":{"line":419,"column":7}},"type":"if","locations":[{"start":{"line":415,"column":6},"end":{"line":419,"column":7}},{"start":{"line":417,"column":13},"end":{"line":419,"column":7}}],"line":415},"114":{"loc":{"start":{"line":415,"column":10},"end":{"line":415,"column":74}},"type":"binary-expr","locations":[{"start":{"line":415,"column":10},"end":{"line":415,"column":47}},{"start":{"line":415,"column":51},"end":{"line":415,"column":74}}],"line":415},"115":{"loc":{"start":{"line":423,"column":13},"end":{"line":423,"column":71}},"type":"cond-expr","locations":[{"start":{"line":423,"column":41},"end":{"line":423,"column":50}},{"start":{"line":423,"column":53},"end":{"line":423,"column":71}}],"line":423},"116":{"loc":{"start":{"line":428,"column":20},"end":{"line":428,"column":34}},"type":"binary-expr","locations":[{"start":{"line":428,"column":20},"end":{"line":428,"column":28}},{"start":{"line":428,"column":32},"end":{"line":428,"column":34}}],"line":428},"117":{"loc":{"start":{"line":436,"column":6},"end":{"line":438,"column":7}},"type":"if","locations":[{"start":{"line":436,"column":6},"end":{"line":438,"column":7}},{"start":{},"end":{}}],"line":436},"118":{"loc":{"start":{"line":436,"column":10},"end":{"line":436,"column":67}},"type":"binary-expr","locations":[{"start":{"line":436,"column":10},"end":{"line":436,"column":39}},{"start":{"line":436,"column":43},"end":{"line":436,"column":67}}],"line":436},"119":{"loc":{"start":{"line":440,"column":6},"end":{"line":442,"column":7}},"type":"if","locations":[{"start":{"line":440,"column":6},"end":{"line":442,"column":7}},{"start":{},"end":{}}],"line":440},"120":{"loc":{"start":{"line":441,"column":62},"end":{"line":441,"column":97}},"type":"binary-expr","locations":[{"start":{"line":441,"column":62},"end":{"line":441,"column":91}},{"start":{"line":441,"column":95},"end":{"line":441,"column":97}}],"line":441},"121":{"loc":{"start":{"line":451,"column":4},"end":{"line":451,"column":36}},"type":"if","locations":[{"start":{"line":451,"column":4},"end":{"line":451,"column":36}},{"start":{},"end":{}}],"line":451},"122":{"loc":{"start":{"line":453,"column":4},"end":{"line":453,"column":32}},"type":"if","locations":[{"start":{"line":453,"column":4},"end":{"line":453,"column":32}},{"start":{},"end":{}}],"line":453},"123":{"loc":{"start":{"line":461,"column":6},"end":{"line":461,"column":95}},"type":"if","locations":[{"start":{"line":461,"column":6},"end":{"line":461,"column":95}},{"start":{},"end":{}}],"line":461},"124":{"loc":{"start":{"line":466,"column":6},"end":{"line":466,"column":88}},"type":"if","locations":[{"start":{"line":466,"column":6},"end":{"line":466,"column":88}},{"start":{},"end":{}}],"line":466},"125":{"loc":{"start":{"line":473,"column":21},"end":{"line":473,"column":36}},"type":"binary-expr","locations":[{"start":{"line":473,"column":21},"end":{"line":473,"column":30}},{"start":{"line":473,"column":34},"end":{"line":473,"column":36}}],"line":473},"126":{"loc":{"start":{"line":475,"column":18},"end":{"line":475,"column":66}},"type":"binary-expr","locations":[{"start":{"line":475,"column":18},"end":{"line":475,"column":37}},{"start":{"line":475,"column":41},"end":{"line":475,"column":60}},{"start":{"line":475,"column":64},"end":{"line":475,"column":66}}],"line":475},"127":{"loc":{"start":{"line":476,"column":24},"end":{"line":476,"column":55}},"type":"binary-expr","locations":[{"start":{"line":476,"column":24},"end":{"line":476,"column":49}},{"start":{"line":476,"column":53},"end":{"line":476,"column":55}}],"line":476},"128":{"loc":{"start":{"line":477,"column":17},"end":{"line":477,"column":66}},"type":"binary-expr","locations":[{"start":{"line":477,"column":17},"end":{"line":477,"column":36}},{"start":{"line":477,"column":40},"end":{"line":477,"column":58}},{"start":{"line":477,"column":62},"end":{"line":477,"column":66}}],"line":477},"129":{"loc":{"start":{"line":478,"column":15},"end":{"line":478,"column":60}},"type":"binary-expr","locations":[{"start":{"line":478,"column":15},"end":{"line":478,"column":32}},{"start":{"line":478,"column":36},"end":{"line":478,"column":52}},{"start":{"line":478,"column":56},"end":{"line":478,"column":60}}],"line":478},"130":{"loc":{"start":{"line":479,"column":49},"end":{"line":479,"column":104}},"type":"binary-expr","locations":[{"start":{"line":479,"column":49},"end":{"line":479,"column":77}},{"start":{"line":479,"column":81},"end":{"line":479,"column":104}}],"line":479},"131":{"loc":{"start":{"line":480,"column":19},"end":{"line":480,"column":74}},"type":"binary-expr","locations":[{"start":{"line":480,"column":19},"end":{"line":480,"column":44}},{"start":{"line":480,"column":48},"end":{"line":480,"column":68}},{"start":{"line":480,"column":72},"end":{"line":480,"column":74}}],"line":480},"132":{"loc":{"start":{"line":512,"column":4},"end":{"line":516,"column":5}},"type":"if","locations":[{"start":{"line":512,"column":4},"end":{"line":516,"column":5}},{"start":{},"end":{}}],"line":512},"133":{"loc":{"start":{"line":514,"column":7},"end":{"line":514,"column":56}},"type":"if","locations":[{"start":{"line":514,"column":7},"end":{"line":514,"column":56}},{"start":{},"end":{}}],"line":514},"134":{"loc":{"start":{"line":535,"column":4},"end":{"line":547,"column":5}},"type":"if","locations":[{"start":{"line":535,"column":4},"end":{"line":547,"column":5}},{"start":{"line":542,"column":11},"end":{"line":547,"column":5}}],"line":535},"135":{"loc":{"start":{"line":549,"column":4},"end":{"line":551,"column":5}},"type":"if","locations":[{"start":{"line":549,"column":4},"end":{"line":551,"column":5}},{"start":{},"end":{}}],"line":549},"136":{"loc":{"start":{"line":554,"column":4},"end":{"line":556,"column":5}},"type":"if","locations":[{"start":{"line":554,"column":4},"end":{"line":556,"column":5}},{"start":{},"end":{}}],"line":554},"137":{"loc":{"start":{"line":575,"column":21},"end":{"line":575,"column":75}},"type":"cond-expr","locations":[{"start":{"line":575,"column":45},"end":{"line":575,"column":68}},{"start":{"line":575,"column":71},"end":{"line":575,"column":75}}],"line":575},"138":{"loc":{"start":{"line":581,"column":0},"end":{"line":583,"column":1}},"type":"if","locations":[{"start":{"line":581,"column":0},"end":{"line":583,"column":1}},{"start":{},"end":{}}],"line":581}},"s":{"0":20,"1":20,"2":20,"3":20,"4":20,"5":20,"6":20,"7":8,"8":0,"9":8,"10":8,"11":8,"12":8,"13":29,"14":6,"15":23,"16":2,"17":21,"18":13,"19":13,"20":8,"21":7,"22":1,"23":10,"24":6,"25":4,"26":1,"27":3,"28":3,"29":3,"30":1,"31":2,"32":2,"33":1,"34":10,"35":10,"36":8,"37":2,"38":6,"39":11,"40":3,"41":8,"42":8,"43":8,"44":8,"45":8,"46":8,"47":8,"48":7,"49":7,"50":6,"51":1,"52":0,"53":1,"54":7,"55":3,"56":0,"57":3,"58":3,"59":3,"60":1,"61":2,"62":2,"63":2,"64":2,"65":0,"66":2,"67":0,"68":2,"69":0,"70":2,"71":2,"72":2,"73":2,"74":2,"75":2,"76":1,"77":1,"78":0,"79":1,"80":0,"81":1,"82":1,"83":4,"84":0,"85":4,"86":4,"87":2,"88":2,"89":2,"90":8,"91":8,"92":1,"93":7,"94":7,"95":7,"96":0,"97":7,"98":7,"99":7,"100":7,"101":2,"102":5,"103":0,"104":5,"105":5,"106":5,"107":0,"108":5,"109":0,"110":5,"111":5,"112":5,"113":5,"114":1,"115":4,"116":0,"117":4,"118":4,"119":4,"120":1,"121":3,"122":3,"123":1,"124":2,"125":2,"126":2,"127":2,"128":2,"129":2,"130":2,"131":1,"132":1,"133":0,"134":1,"135":0,"136":1,"137":1,"138":7,"139":7,"140":7,"141":6,"142":6,"143":6,"144":6,"145":6,"146":1,"147":1,"148":1,"149":1,"150":1,"151":9,"152":1,"153":8,"154":8,"155":3,"156":6,"157":6,"158":10,"159":10,"160":5,"161":5,"162":4,"163":1,"164":12,"165":12,"166":4,"167":8,"168":8,"169":2,"170":6,"171":9,"172":0,"173":9,"174":9,"175":9,"176":2,"177":9,"178":9,"179":9,"180":5,"181":5,"182":4,"183":1,"184":5,"185":1,"186":4,"187":3,"188":3,"189":1,"190":3,"191":1,"192":1,"193":7,"194":7,"195":1,"196":1,"197":6,"198":6,"199":1,"200":1,"201":5,"202":5,"203":5,"204":5,"205":5,"206":1,"207":1,"208":4,"209":1,"210":1,"211":3,"212":3,"213":3,"214":2,"215":2,"216":2,"217":1,"218":2,"219":2,"220":2,"221":1,"222":1,"223":2,"224":1,"225":1,"226":4,"227":4,"228":4,"229":4,"230":4,"231":4,"232":4,"233":4,"234":4,"235":4,"236":4,"237":1,"238":1,"239":1,"240":4,"241":0,"242":4,"243":4,"244":0,"245":4,"246":4,"247":4,"248":4,"249":4,"250":4,"251":2,"252":0,"253":4,"254":4,"255":4,"256":2,"257":1,"258":3,"259":6,"260":6
[...]
ine":57,"column":62}}],"line":57},"21":{"loc":{"start":{"line":57,"column":10},"end":{"line":57,"column":33}},"type":"binary-expr","locations":[{"start":{"line":57,"column":10},"end":{"line":57,"column":18}},{"start":{"line":57,"column":22},"end":{"line":57,"column":33}}],"line":57},"22":{"loc":{"start":{"line":58,"column":34},"end":{"line":61,"column":30}},"type":"binary-expr","locations":[{"start":{"line":58,"column":34},"end":{"line":58,"column":81}},{"start":{"line":59,"column":7},"end":{"line":61,"column":29}}],"line":58},"23":{"loc":{"start":{"line":59,"column":7},"end":{"line":61,"column":29}},"type":"cond-expr","locations":[{"start":{"line":60,"column":10},"end":{"line":60,"column":96}},{"start":{"line":61,"column":11},"end":{"line":61,"column":28}}],"line":59},"24":{"loc":{"start":{"line":59,"column":7},"end":{"line":59,"column":78}},"type":"binary-expr","locations":[{"start":{"line":59,"column":7},"end":{"line":59,"column":18}},{"start":{"line":59,"column":22},"end":{"line":59,"column":78}}],"line":59},"25":{"loc":{"start":{"line":61,"column":11},"end":{"line":61,"column":28}},"type":"binary-expr","locations":[{"start":{"line":61,"column":11},"end":{"line":61,"column":22}},{"start":{"line":61,"column":26},"end":{"line":61,"column":28}}],"line":61},"26":{"loc":{"start":{"line":64,"column":58},"end":{"line":64,"column":79}},"type":"binary-expr","locations":[{"start":{"line":64,"column":58},"end":{"line":64,"column":69}},{"start":{"line":64,"column":73},"end":{"line":64,"column":79}}],"line":64},"27":{"loc":{"start":{"line":65,"column":26},"end":{"line":65,"column":47}},"type":"binary-expr","locations":[{"start":{"line":65,"column":26},"end":{"line":65,"column":37}},{"start":{"line":65,"column":41},"end":{"line":65,"column":47}}],"line":65},"28":{"loc":{"start":{"line":87,"column":4},"end":{"line":87,"column":47}},"type":"if","locations":[{"start":{"line":87,"column":4},"end":{"line":87,"column":47}},{"start":{},"end":{}}],"line":87},"29":{"loc":{"start":{"line":90,"column":4},"end":{"line":90,"column":53}},"type":"if","locations":[{"start":{"line":90,"column":4},"end":{"line":90,"column":53}},{"start":{},"end":{}}],"line":90},"30":{"loc":{"start":{"line":96,"column":4},"end":{"line":96,"column":29}},"type":"if","locations":[{"start":{"line":96,"column":4},"end":{"line":96,"column":29}},{"start":{},"end":{}}],"line":96}},"s":{"0":10,"1":10,"2":10,"3":10,"4":10,"5":10,"6":10,"7":10,"8":10,"9":10,"10":1,"11":9,"12":1,"13":10,"14":10,"15":10,"16":10,"17":10,"18":10,"19":10,"20":10,"21":10,"22":10,"23":10,"24":10,"25":10,"26":8,"27":8,"28":2,"29":6,"30":6,"31":1,"32":5,"33":10,"34":2,"35":8},"f":{"0":10,"1":10,"2":8,"3":10},"b":{"0":[10,2],"1":[10,7],"2":[10,8],"3":[10,3],"4":[10,5],"5":[10,7],"6":[1,9],"7":[10,1],"8":[1,8],"9":[9,3],"10":[10,7],"11":[1,9],"12":[10,9],"13":[10,8],"14":[7,3],"15":[3,0,0,0],"16":[1,9],"17":[1,8],"18":[3,7],"19":[1,2],"20":[3,4],"21":[7,3],"22":[10,7],"23":[1,6],"24":[7,3],"25":[6,4],"26":[10,2],"27":[10,4],"28":[2,6],"29":[1,5],"30":[2,8]},"_coverageSchema":"1a1c01bbd47fc00a2c39e90264f33305004495a9","hash":"5cb14d324fb5983d8c1c4e22b56a7dd141a6a4f8"}
,"/Users/folademiladeoyeleke/headstart-local/settingsManager.js": {"path":"/Users/folademiladeoyeleke/headstart-local/settingsManager.js","statementMap":{"0":{"start":{"line":6,"column":4},"end":{"line":6,"column":55}},"1":{"start":{"line":10,"column":16},"end":{"line":10,"column":42}},"2":{"start":{"line":11,"column":4},"end":{"line":22,"column":6}},"3":{"start":{"line":26,"column":30},"end":{"line":26,"column":76}},"4":{"start":{"line":27,"column":26},"end":{"line":27,"column":82}},"5":{"start":{"line":28,"column":34},"end":{"line":30,"column":5}},"6":{"start":{"line":32,"column":4},"end":{"line":43,"column":7}},"7":{"start":{"line":47,"column":4},"end":{"line":47,"column":68}},"8":{"start":{"line":51,"column":4},"end":{"line":51,"column":58}},"9":{"start":{"line":55,"column":4},"end":{"line":55,"column":45}},"10":{"start":{"line":55,"column":25},"end":{"line":55,"column":45}},"11":{"start":{"line":56,"column":4},"end":{"line":56,"column":74}},"12":{"start":{"line":56,"column":40},"end":{"line":56,"column":74}},"13":{"start":{"line":57,"column":4},"end":{"line":57,"column":80}},"14":{"start":{"line":61,"column":4},"end":{"line":61,"column":43}},"15":{"start":{"line":65,"column":19},"end":{"line":65,"column":62}},"16":{"start":{"line":66,"column":4},"end":{"line":69,"column":6}},"17":{"start":{"line":73,"column":16},"end":{"line":73,"column":26}},"18":{"start":{"line":74,"column":23},"end":{"line":74,"column":119}},"19":{"start":{"line":75,"column":20},"end":{"line":75,"column":99}},"20":{"start":{"line":76,"column":4},"end":{"line":76,"column":68}},"21":{"start":{"line":76,"column":26},"end":{"line":76,"column":68}},"22":{"start":{"line":77,"column":4},"end":{"line":77,"column":58}}},"fnMap":{"0":{"name":"(anonymous_0)","decl":{"start":{"line":5,"column":2},"end":{"line":5,"column":3}},"loc":{"start":{"line":5,"column":16},"end":{"line":7,"column":3}},"line":5},"1":{"name":"(anonymous_1)","decl":{"start":{"line":9,"column":2},"end":{"line":9,"column":3}},"loc":{"start":{"line":9,"column":8},"end":{"line":23,"column":3}},"line":9},"2":{"name":"(anonymous_2)","decl":{"start":{"line":25,"column":2},"end":{"line":25,"column":3}},"loc":{"start":{"line":25,"column":18},"end":{"line":44,"column":3}},"line":25},"3":{"name":"(anonymous_3)","decl":{"start":{"line":46,"column":2},"end":{"line":46,"column":3}},"loc":{"start":{"line":46,"column":20},"end":{"line":48,"column":3}},"line":46},"4":{"name":"(anonymous_4)","decl":{"start":{"line":50,"column":2},"end":{"line":50,"column":3}},"loc":{"start":{"line":50,"column":24},"end":{"line":52,"column":3}},"line":50},"5":{"name":"(anonymous_5)","decl":{"start":{"line":54,"column":2},"end":{"line":54,"column":3}},"loc":{"start":{"line":54,"column":36},"end":{"line":58,"column":3}},"line":54},"6":{"name":"(anonymous_6)","decl":{"start":{"line":60,"column":2},"end":{"line":60,"column":3}},"loc":{"start":{"line":60,"column":32},"end":{"line":62,"column":3}},"line":60},"7":{"name":"(anonymous_7)","decl":{"start":{"line":64,"column":2},"end":{"line":64,"column":3}},"loc":{"start":{"line":64,"column":17},"end":{"line":70,"column":3}},"line":64},"8":{"name":"(anonymous_8)","decl":{"start":{"line":72,"column":2},"end":{"line":72,"column":3}},"loc":{"start":{"line":72,"column":24},"end":{"line":78,"column":3}},"line":72}},"branchMap":{"0":{"loc":{"start":{"line":12,"column":20},"end":{"line":12,"column":50}},"type":"binary-expr","locations":[{"start":{"line":12,"column":20},"end":{"line":12,"column":40}},{"start":{"line":12,"column":44},"end":{"line":12,"column":50}}],"line":12},"1":{"loc":{"start":{"line":13,"column":20},"end":{"line":13,"column":48}},"type":"binary-expr","locations":[{"start":{"line":13,"column":20},"end":{"line":13,"column":40}},{"start":{"line":13,"column":44},"end":{"line":13,"column":48}}],"line":13},"2":{"loc":{"start":{"line":14,"column":29},"end":{"line":14,"column":112}},"type":"cond-expr","locations":[{"start":{"line":14,"column":76},"end":{"line":14,"column":106}},{"start":{"line":14,"column":109},"end":{"line":14,"column":112}}],"line":14},"3":{"loc":{"start":{"line":15,"column":19},"end":{"line":15,"column":44}},"type":"binary-expr","locations":[{"start":{"line":15,"column":19},"end":{"line":15,"column":38}},{"start":{"line":15,"column":42},"end":{"line":15,"column":44}}],"line":15},"4":{"loc":{"start":{"line":16,"column":19},"end":{"line":16,"column":45}},"type":"binary-expr","locations":[{"start":{"line":16,"column":19},"end":{"line":16,"column":38}},{"start":{"line":16,"column":42},"end":{"line":16,"column":45}}],"line":16},"5":{"loc":{"start":{"line":17,"column":15},"end":{"line":17,"column":36}},"type":"binary-expr","locations":[{"start":{"line":17,"column":15},"end":{"line":17,"column":30}},{"start":{"line":17,"column":34},"end":{"line":17,"column":36}}],"line":17},"6":{"loc":{"start":{"line":18,"column":16},"end":{"line":18,"column":39}},"type":"binary-expr","locations":[{"start":{"line":18,"column":16},"end":{"line":18,"column":33}},{"start":{"line":18,"column":37},"end":{"line":18,"column":39}}],"line":18},"7":{"loc":{"start":{"line":19,"column":16},"end":{"line":19,"column":60}},"type":"binary-expr","locations":[{"start":{"line":19,"column":16},"end":{"line":19,"column":32}},{"start":{"line":19,"column":36},"end":{"line":19,"column":60}}],"line":19},"8":{"loc":{"start":{"line":20,"column":21},"end":{"line":20,"column":55}},"type":"binary-expr","locations":[{"start":{"line":20,"column":21},"end":{"line":20,"column":42}},{"start":{"line":20,"column":46},"end":{"line":20,"column":55}}],"line":20},"9":{"loc":{"start":{"line":21,"column":17},"end":{"line":21,"column":43}},"type":"binary-expr","locations":[{"start":{"line":21,"column":17},"end":{"line":21,"column":34}},{"start":{"line":21,"column":38},"end":{"line":21,"column":43}}],"line":21},"10":{"loc":{"start":{"line":26,"column":31},"end":{"line":26,"column":68}},"type":"binary-expr","locations":[{"start":{"line":26,"column":31},"end":{"line":26,"column":62}},{"start":{"line":26,"column":66},"end":{"line":26,"column":68}}],"line":26},"11":{"loc":{"start":{"line":27,"column":27},"end":{"line":27,"column":74}},"type":"binary-expr","locations":[{"start":{"line":27,"column":27},"end":{"line":27,"column":68}},{"start":{"line":27,"column":72},"end":{"line":27,"column":74}}],"line":27},"12":{"loc":{"start":{"line":28,"column":34},"end":{"line":30,"column":5}},"type":"cond-expr","locations":[{"start":{"line":28,"column":57},"end":{"line":28,"column":59}},{"start":{"line":28,"column":62},"end":{"line":30,"column":5}}],"line":28},"13":{"loc":{"start":{"line":29,"column":34},"end":{"line":29,"column":66}},"type":"binary-expr","locations":[{"start":{"line":29,"column":34},"end":{"line":29,"column":61}},{"start":{"line":29,"column":65},"end":{"line":29,"column":66}}],"line":29},"14":{"loc":{"start":{"line":33,"column":23},"end":{"line":33,"column":65}},"type":"binary-expr","locations":[{"start":{"line":33,"column":23},"end":{"line":33,"column":54}},{"start":{"line":33,"column":58},"end":{"line":33,"column":65}}],"line":33},"15":{"loc":{"start":{"line":34,"column":23},"end":{"line":34,"column":48}},"type":"binary-expr","locations":[{"start":{"line":34,"column":23},"end":{"line":34,"column":40}},{"start":{"line":34,"column":44},"end":{"line":34,"column":48}}],"line":34},"16":{"loc":{"start":{"line":36,"column":22},"end":{"line":36,"column":50}},"type":"binary-expr","locations":[{"start":{"line":36,"column":22},"end":{"line":36,"column":44}},{"start":{"line":36,"column":48},"end":{"line":36,"column":50}}],"line":36},"17":{"loc":{"start":{"line":37,"column":22},"end":{"line":37,"column":52}},"type":"binary-expr","locations":[{"start":{"line":37,"column":22},"end":{"line":37,"column":45}},{"start":{"line":37,"column":49},"end":{"line":37,"column":52}}],"line":37},"18":{"loc":{"start":{"line":38,"column":18},"end":{"line":38,"column":50}},"type":"binary-expr","locations":[{"start":{"line":38,"column":18},"end":{"line":38,"column":44}},{"start":{"line":38,"column":48},"end":{"line":38,"column":50}}],"line":38},"19":{"loc":{"start":{"line":39,"column":20},"end":{"line":39,"column":51}},"type":"binary-expr","locations":[{"start":{"line":39,"column":20},"end":{"line":39,"column":45}},{"start":{"line":39,"column":49},"end":{"line":39,"column":51}}],"line":39},"20":{"loc":{"start":{"line":40,"column":19},"end":{"line":40,"column":74}},"type":"binary-expr","locations":[{"start":{"line":40,"column":19},"end":{"line":40,"column":46}},{"start":{"line":40,"column":50},"end":{"line":40,"column":74}}],"line":40},"21":{"loc":{"start":{"line":41,"column":24},"end":{"line":41,"column":64}},"type":"binary-expr","locations":[{"start":{"line":41,"column":24},"end":{"line":41,"column":51}},{"start":{"line":41,"column":55},"end":{"line":41,"column":64}}],"line":41},"22":{"loc":{"start":{"line":42,"column":20},"end":{"line":42,"column":57}},"type":"binary-expr","locations":[{"start":{"line":42,"column":20},"end":{"line":42,"column":48}},{"start":{"line":42,"column":52},"end":{"line":42,"column":57}}],"line":42},"23":{"loc":{"start":{"line":55,"column":4},"end":{"line":55,"column":45}},"type":"if","locations":[{"start":{"line":55,"column":4},"end":{"line":55,"column":45}},{"start":{},"end":{}}],"line":55},"24":{"loc":{"start":{"line":56,"column":4},"end":{"line":56,"column":74}},"type":"if","locations":[{"start":{"line":56,"column":4},"end":{"line":56,"column":74}},{"start":{},"end":{}}],"line":56},"25":{"loc":{"start":{"line":67,"column":16},"end":{"line":67,"column":50}},"type":"cond-expr","locations":[{"start":{"line":67,"column":25},"end":{"line":67,"column":43}},{"start":{"line":67,"column":46},"end":{"line":67,"column":50}}],"line":67},"26":{"loc":{"start":{"line":76,"column":4},"end":{"line":76,"column":68}},"type":"if","locations":[{"start":{"line":76,"column":4},"end":{"line":76,"column":68}},{"start":{},"end":{}}],"line":76}},"s":{"0":14,"1":2,"2":2,"3":6,"4":6,"5":6,"6":6,"7":1,"8":1,"9":3,"10":1,"11":3,"12":1,"13":3,"14":1,"15":2,"16":2,"17":2,"18":2,"19":2,"20":2,"21":1,"22":2},"f":{"0":14,"1":2,"2":6,"3":1,"4":1,"5":3,"6":1,"7":2,"8":2},"b":{"0":[2,2],"1":[2,2],"2":[0,2],"3":[2,1],"4":[2,2],"5":[2,2],"6":[2,2],"7":[2,2],"8":[2,2],"9":[2,1],"10":[6,5],"11":[6,2],"12":[3,3],"13":[3,0],"14":[6,5],"15":[6,6],"16":[6,5],"17":[6,6],"18":[6,6],"19":[6,6],"20":[6,6],"21":[6,6],"22":[6,5],"23":[1,2],"24":[1,2],"25":[1,1],"26":[1,1]},"_coverageSchema":"1a1c01bbd47fc00a2c39e90264f33305004495a9","hash":"898b2b2728efa08d307e94b092c24acbcc0e07c4"}
,"/Users/folademiladeoyeleke/headstart-local/shadowDescriptionBuilder.js": {"path":"/Users/folademiladeoyeleke/headstart-local/shadowDescriptionBuilder.js","statementMap":{"0":{"start":{"line":3,"column":4},"end":{"line":7,"column":20}},"1":{"start":{"line":4,"column":6},"end":{"line":6,"column":7}},"2":{"start":{"line":5,"column":8},"end":{"line":5,"column":56}},"3":{"start":{"line":9,"column":4},"end":{"line":9,"column":21}},"4":{"start":{"line":13,"column":4},"end":{"line":13,"column":38}},"5":{"start":{"line":13,"column":28},"end":{"line":13,"column":38}},"6":{"start":{"line":15,"column":22},"end":{"line":17,"column":35}},"7":{"start":{"line":19,"column":4},"end":{"line":19,"column":46}},"8":{"start":{"line":19,"column":36},"end":{"line":19,"column":46}},"9":{"start":{"line":21,"column":4},"end":{"line":24,"column":5}},"10":{"start":{"line":22,"column":23},"end":{"line":22,"column":42}},"11":{"start":{"line":23,"column":6},"end":{"line":23,"column":86}},"12":{"start":{"line":26,"column":20},"end":{"line":26,"column":96}},"13":{"start":{"line":27,"column":21},"end":{"line":32,"column":6}},"14":{"start":{"line":33,"column":21},"end":{"line":37,"column":6}},"15":{"start":{"line":39,"column":4},"end":{"line":39,"column":57}},"16":{"start":{"line":43,"column":4},"end":{"line":43,"column":26}},"17":{"start":{"line":43,"column":16},"end":{"line":43,"column":26}},"18":{"start":{"line":45,"column":4},"end":{"line":60,"column":14}},"19":{"start":{"line":64,"column":35},"end":{"line":64,"column":79}},"20":{"start":{"line":65,"column":35},"end":{"line":65,"column":75}},"21":{"start":{"line":66,"column":37},"end":{"line":66,"column":75}},"22":{"start":{"line":67,"column":22},"end":{"line":69,"column":89}},"23":{"start":{"line":71,"column":4},"end":{"line":73,"column":5}},"24":{"start":{"line":72,"column":6},"end":{"line":72,"column":74}},"25":{"start":{"line":75,"column":4},"end":{"line":79,"column":5}},"26":{"start":{"line":76,"column":6},"end":{"line":76,"column":76}},"27":{"start":{"line":77,"column":11},"end":{"line":79,"column":5}},"28":{"start":{"line":78,"column":6},"end":{"line":78,"column":56}},"29":{"start":{"line":81,"column":4},"end":{"line":83,"column":5}},"30":{"start":{"line":82,"column":6},"end":{"line":82,"column":78}},"31":{"start":{"line":85,"column":4},"end":{"line":85,"column":23}}},"fnMap":{"0":{"name":"(anonymous_0)","decl":{"start":{"line":2,"column":2},"end":{"line":2,"column":3}},"loc":{"start":{"line":2,"column":17},"end":{"line":10,"column":3}},"line":2},"1":{"name":"(anonymous_1)","decl":{"start":{"line":12,"column":2},"end":{"line":12,"column":3}},"loc":{"start":{"line":12,"column":42},"end":{"line":40,"column":3}},"line":12},"2":{"name":"(anonymous_2)","decl":{"start":{"line":42,"column":2},"end":{"line":42,"column":3}},"loc":{"start":{"line":42,"column":22},"end":{"line":61,"column":3}},"line":42},"3":{"name":"(anonymous_3)","decl":{"start":{"line":63,"column":2},"end":{"line":63,"column":3}},"loc":{"start":{"line":63,"column":84},"end":{"line":86,"column":3}},"line":63}},"branchMap":{"0":{"loc":{"start":{"line":4,"column":6},"end":{"line":6,"column":7}},"type":"if","locations":[{"start":{"line":4,"column":6},"end":{"line":6,"column":7}},{"start":{},"end":{}}],"line":4},"1":{"loc":{"start":{"line":4,"column":10},"end":{"line":4,"column":69}},"type":"binary-expr","locations":[{"start":{"line":4,"column":10},"end":{"line":4,"column":40}},{"start":{"line":4,"column":44},"end":{"line":4,"column":69}}],"line":4},"2":{"loc":{"start":{"line":5,"column":15},"end":{"line":5,"column":55}},"type":"binary-expr","locations":[{"start":{"line":5,"column":15},"end":{"line":5,"column":42}},{"start":{"line":5,"column":46},"end":{"line":5,"column":55}}],"line":5},"3":{"loc":{"start":{"line":13,"column":4},"end":{"line":13,"column":38}},"type":"if","locations":[{"start":{"line":13,"column":4},"end":{"line":13,"column":38}},{"start":{},"end":{}}],"line":13},"4":{"loc":{"start":{"line":15,"column":22},"end":{"line":17,"column":35}},"type":"cond-expr","locations":[{"start":{"line":16,"column":8},"end":{"line":16,"column":25}},{"start":{"line":17,"column":8},"end":{"line":17,"column":35}}],"line":15},"5":{"loc":{"start":{"line":19,"column":4},"end":{"line":19,"column":46}},"type":"if","locations":[{"start":{"line":19,"column":4},"end":{"line":19,"column":46}},{"start":{},"end":{}}],"line":19},"6":{"loc":{"start":{"line":21,"column":4},"end":{"line":24,"column":5}},"type":"if","locations":[{"start":{"line":21,"column":4},"end":{"line":24,"column":5}},{"start":{},"end":{}}],"line":21},"7":{"loc":{"start":{"line":21,"column":8},"end":{"line":21,"column":64}},"type":"binary-expr","locations":[{"start":{"line":21,"column":8},"end":{"line":21,"column":40}},{"start":{"line":21,"column":44},"end":{"line":21,"column":64}}],"line":21},"8":{"loc":{"start":{"line":43,"column":4},"end":{"line":43,"column":26}},"type":"if","locations":[{"start":{"line":43,"column":4},"end":{"line":43,"column":26}},{"start":{},"end":{}}],"line":43},"9":{"loc":{"start":{"line":71,"column":4},"end":{"line":73,"column":5}},"type":"if","locations":[{"start":{"line":71,"column":4},"end":{"line":73,"column":5}},{"start":{},"end":{}}],"line":71},"10":{"loc":{"start":{"line":75,"column":4},"end":{"line":79,"column":5}},"type":"if","locations":[{"start":{"line":75,"column":4},"end":{"line":79,"column":5}},{"start":{"line":77,"column":11},"end":{"line":79,"column":5}}],"line":75},"11":{"loc":{"start":{"line":77,"column":11},"end":{"line":79,"column":5}},"type":"if","locations":[{"start":{"line":77,"column":11},"end":{"line":79,"column":5}},{"start":{},"end":{}}],"line":77},"12":{"loc":{"start":{"line":81,"column":4},"end":{"line":83,"column":5}},"type":"if","locations":[{"start":{"line":81,"column":4},"end":{"line":83,"column":5}},{"start":{},"end":{}}],"line":81}},"s":{"0":6,"1":6,"2":5,"3":2,"4":6,"5":2,"6":4,"7":4,"8":1,"9":3,"10":2,"11":2,"12":1,"13":1,"14":1,"15":1,"16":7,"17":3,"18":4,"19":3,"20":3,"21":3,"22":3,"23":3,"24":2,"25":3,"26":1,"27":2,"28":1,"29":3,"30":2,"31":3},"f":{"0":6,"1":6,"2":7,"3":3},"b":{"0":[5,1],"1":[6,5],"2":[5,1],"3":[2,4],"4":[3,1],"5":[1,3],"6":[2,1],"7":[3,3],"8":[3,4],"9":[2,1],"10":[1,2],"11":[1,1],"12":[2,1]},"_coverageSchema":"1a1c01bbd47fc00a2c39e90264f33305004495a9","hash":"7e6a67975af194f7c613cc828011a18f6c0a1268"}
}
