TN:
SF:backgroundProcessing.js
FN:5,(anonymous_0)
FN:10,(anonymous_1)
FN:18,(anonymous_2)
FN:26,(anonymous_3)
FN:40,(anonymous_4)
FN:50,(anonymous_5)
FN:89,(anonymous_6)
FNF:7
FNH:7
FNDA:15,(anonymous_0)
FNDA:2,(anonymous_1)
FNDA:2,(anonymous_2)
FNDA:11,(anonymous_3)
FNDA:6,(anonymous_4)
FNDA:3,(anonymous_5)
FNDA:7,(anonymous_6)
DA:6,15
DA:7,15
DA:11,2
DA:12,2
DA:13,2
DA:15,1
DA:19,2
DA:20,2
DA:21,1
DA:22,1
DA:27,11
DA:29,10
DA:30,10
DA:31,9
DA:33,5
DA:34,5
DA:36,1
DA:41,6
DA:43,5
DA:44,5
DA:46,1
DA:51,3
DA:52,3
DA:54,3
DA:55,3
DA:57,3
DA:58,3
DA:60,3
DA:61,5
DA:62,5
DA:63,5
DA:65,5
DA:67,4
DA:68,4
DA:70,4
DA:71,2
DA:73,2
DA:74,2
DA:75,1
DA:79,4
DA:80,3
DA:81,3
DA:82,2
DA:83,1
DA:86,3
DA:90,7
DA:91,7
DA:93,7
DA:94,7
DA:95,7
DA:97,7
DA:98,8
DA:99,8
DA:100,8
DA:101,7
DA:103,6
DA:105,6
DA:106,9
DA:108,9
DA:110,9
DA:114,3
DA:115,3
DA:118,6
DA:119,6
DA:121,6
DA:122,4
DA:123,4
DA:124,4
DA:125,4
DA:126,4
DA:127,4
DA:128,4
DA:129,4
DA:131,4
DA:132,3
DA:133,3
DA:134,3
DA:135,2
DA:137,1
DA:140,1
DA:142,4
DA:145,2
DA:146,2
DA:147,1
DA:149,1
DA:150,1
DA:154,1
DA:157,7
LF:88
LH:88
BRDA:13,0,0,1
BRDA:13,0,1,1
BRDA:20,1,0,1
BRDA:20,1,1,1
BRDA:27,2,0,1
BRDA:27,2,1,10
BRDA:27,3,0,11
BRDA:27,3,1,10
BRDA:31,4,0,4
BRDA:31,4,1,5
BRDA:31,5,0,9
BRDA:31,5,1,5
BRDA:34,6,0,1
BRDA:34,6,1,4
BRDA:41,7,0,1
BRDA:41,7,1,5
BRDA:41,8,0,6
BRDA:41,8,1,5
BRDA:44,9,0,5
BRDA:44,9,1,2
BRDA:65,10,0,1
BRDA:65,10,1,4
BRDA:65,11,0,5
BRDA:65,11,1,4
BRDA:70,12,0,2
BRDA:70,12,1,2
BRDA:74,13,0,1
BRDA:74,13,1,1
BRDA:79,14,0,3
BRDA:79,14,1,1
BRDA:101,15,0,1
BRDA:101,15,1,6
BRDA:110,16,0,3
BRDA:110,16,1,6
BRDA:110,17,0,9
BRDA:110,17,1,8
BRDA:110,17,2,7
BRDA:110,17,3,6
BRDA:121,18,0,4
BRDA:121,18,1,2
BRDA:127,19,0,4
BRDA:127,19,1,2
BRDA:128,20,0,4
BRDA:128,20,1,2
BRDA:129,21,0,4
BRDA:129,21,1,2
BRDA:131,22,0,3
BRDA:131,22,1,1
BRDA:131,23,0,4
BRDA:131,23,1,3
BRDA:131,23,2,3
BRDA:131,23,3,2
BRDA:131,23,4,2
BRF:53
BRH:53
end_of_record
TN:
SF:bufferDecisionService.js
FN:2,(anonymous_0)
FN:7,(anonymous_1)
FNF:2
FNH:2
FNDA:9,(anonymous_0)
FNDA:7,(anonymous_1)
DA:3,9
DA:4,9
DA:8,7
DA:10,7
DA:11,4
DA:12,1
DA:15,3
DA:16,3
DA:18,3
DA:21,3
DA:22,1
DA:25,2
DA:26,1
DA:29,1
DA:30,1
DA:37,1
LF:16
LH:16
BRDA:8,0,0,7
BRDA:8,0,1,7
BRDA:10,1,0,4
BRDA:10,1,1,3
BRDA:11,2,0,1
BRDA:11,2,1,3
BRDA:11,3,0,4
BRDA:11,3,1,1
BRDA:15,4,0,3
BRDA:15,4,1,1
BRDA:16,5,0,1
BRDA:16,5,1,2
BRDA:21,6,0,1
BRDA:21,6,1,2
BRDA:25,7,0,1
BRDA:25,7,1,1
BRF:16
BRH:16
end_of_record
TN:
SF:calendarApiWrapper.js
FN:50,(anonymous_0)
FN:60,(anonymous_1)
FN:68,(anonymous_2)
FN:81,(anonymous_3)
FN:99,(anonymous_4)
FN:112,(anonymous_5)
FN:118,(anonymous_6)
FN:138,(anonymous_7)
FN:175,(anonymous_8)
FN:191,(anonymous_9)
FN:238,(anonymous_10)
FN:253,(anonymous_11)
FN:264,(anonymous_12)
FN:268,(anonymous_13)
FN:288,(anonymous_14)
FN:298,(anonymous_15)
FN:348,(anonymous_16)
FN:427,(anonymous_17)
FN:446,(anonymous_18)
FN:450,(anonymous_19)
FN:472,(anonymous_20)
FN:484,(anonymous_21)
FN:493,(anonymous_22)
FN:502,(anonymous_23)
FNF:24
FNH:24
FNDA:20,(anonymous_0)
FNDA:8,(anonymous_1)
FNDA:29,(anonymous_2)
FNDA:10,(anonymous_3)
FNDA:10,(anonymous_4)
FNDA:8,(anonymous_5)
FNDA:11,(anonymous_6)
FNDA:3,(anonymous_7)
FNDA:4,(anonymous_8)
FNDA:8,(anonymous_9)
FNDA:7,(anonymous_10)
FNDA:9,(anonymous_11)
FNDA:3,(anonymous_12)
FNDA:6,(anonymous_13)
FNDA:12,(anonymous_14)
FNDA:9,(anonymous_15)
FNDA:7,(anonymous_16)
FNDA:4,(anonymous_17)
FNDA:1,(anonymous_18)
FNDA:4,(anonymous_19)
FNDA:6,(anonymous_20)
FNDA:6,(anonymous_21)
FNDA:7,(anonymous_22)
FNDA:6,(anonymous_23)
DA:51,20
DA:52,20
DA:53,20
DA:54,20
DA:55,20
DA:56,20
DA:57,20
DA:61,8
DA:62,8
DA:63,8
DA:64,8
DA:65,8
DA:69,29
DA:70,23
DA:71,21
DA:72,13
DA:73,13
DA:75,8
DA:76,7
DA:78,1
DA:82,10
DA:83,4
DA:85,3
DA:86,3
DA:87,3
DA:88,1
DA:92,2
DA:93,2
DA:95,1
DA:100,10
DA:101,10
DA:113,8
DA:114,6
DA:119,11
DA:121,8
DA:122,8
DA:123,8
DA:125,8
DA:126,8
DA:127,8
DA:128,7
DA:129,7
DA:130,1
DA:131,1
DA:135,7
DA:139,3
DA:141,3
DA:147,3
DA:148,3
DA:150,2
DA:151,2
DA:152,2
DA:153,2
DA:154,2
DA:158,2
DA:160,2
DA:161,2
DA:162,2
DA:163,2
DA:164,2
DA:165,1
DA:166,1
DA:167,1
DA:168,1
DA:172,1
DA:176,4
DA:178,4
DA:185,4
DA:187,2
DA:188,2
DA:192,8
DA:193,8
DA:194,7
DA:196,7
DA:197,7
DA:199,7
DA:200,7
DA:201,7
DA:202,5
DA:203,5
DA:204,5
DA:205,5
DA:206,5
DA:207,5
DA:208,5
DA:209,5
DA:210,4
DA:212,4
DA:213,4
DA:215,3
DA:216,3
DA:218,2
DA:219,2
DA:220,2
DA:223,2
DA:226,2
DA:227,2
DA:228,1
DA:229,1
DA:230,1
DA:231,1
DA:235,1
DA:239,7
DA:240,7
DA:241,6
DA:242,6
DA:243,6
DA:244,6
DA:247,1
DA:248,1
DA:249,1
DA:250,1
DA:254,9
DA:256,8
DA:257,8
DA:265,3
DA:269,6
DA:270,10
DA:276,10
DA:277,5
DA:280,5
DA:281,4
DA:285,1
DA:289,12
DA:290,12
DA:292,8
DA:293,8
DA:295,6
DA:299,9
DA:301,9
DA:302,9
DA:303,9
DA:305,2
DA:308,9
DA:312,9
DA:314,9
DA:315,5
DA:316,5
DA:324,4
DA:326,1
DA:330,5
DA:331,1
DA:334,4
DA:335,3
DA:336,3
DA:338,1
DA:340,3
DA:343,1
DA:344,1
DA:349,7
DA:350,7
DA:351,1
DA:352,1
DA:355,6
DA:357,6
DA:358,1
DA:363,1
DA:366,5
DA:367,5
DA:368,5
DA:369,5
DA:375,5
DA:376,1
DA:377,1
DA:380,4
DA:381,1
DA:382,1
DA:385,3
DA:386,3
DA:391,3
DA:400,2
DA:401,2
DA:402,2
DA:406,1
DA:409,2
DA:410,2
DA:415,2
DA:416,1
DA:418,1
DA:420,2
DA:422,1
DA:423,1
DA:428,4
DA:429,4
DA:430,4
DA:431,4
DA:432,4
DA:433,4
DA:434,4
DA:436,4
DA:437,4
DA:440,4
DA:441,4
DA:447,1
DA:451,4
DA:452,4
DA:453,4
DA:455,4
DA:456,4
DA:457,4
DA:459,4
DA:460,4
DA:461,2
DA:464,4
DA:465,4
DA:466,2
DA:469,3
DA:473,6
DA:474,6
DA:485,6
DA:494,7
DA:503,6
DA:504,6
DA:512,6
DA:513,1
DA:514,1
DA:515,1
DA:518,5
DA:519,5
DA:520,5
DA:521,5
DA:523,5
DA:530,5
DA:531,5
DA:532,5
DA:535,5
DA:536,1
DA:537,1
DA:538,1
DA:539,1
DA:540,1
DA:541,1
DA:543,4
DA:549,5
DA:550,1
DA:553,4
DA:554,4
DA:555,1
DA:558,3
DA:563,3
DA:565,3
DA:569,3
DA:571,3
DA:581,1
DA:582,1
LF:245
LH:245
BRDA:53,0,0,20
BRDA:53,0,1,2
BRDA:54,1,0,20
BRDA:54,1,1,3
BRDA:55,2,0,20
BRDA:55,2,1,2
BRDA:56,3,0,20
BRDA:56,3,1,2
BRDA:57,4,0,20
BRDA:57,4,1,2
BRDA:61,5,0,0
BRDA:61,5,1,8
BRDA:62,6,0,8
BRDA:62,6,1,0
BRDA:63,7,0,8
BRDA:63,7,1,0
BRDA:69,8,0,6
BRDA:69,8,1,23
BRDA:70,9,0,2
BRDA:70,9,1,21
BRDA:71,10,0,13
BRDA:71,10,1,8
BRDA:73,11,0,0
BRDA:73,11,1,13
BRDA:75,12,0,7
BRDA:75,12,1,1
BRDA:75,13,0,8
BRDA:75,13,1,2
BRDA:76,14,0,7
BRDA:76,14,1,1
BRDA:82,15,0,6
BRDA:82,15,1,4
BRDA:83,16,0,1
BRDA:83,16,1,3
BRDA:86,17,0,3
BRDA:86,17,1,0
BRDA:86,18,0,3
BRDA:86,18,1,3
BRDA:86,18,2,3
BRDA:100,19,0,10
BRDA:100,19,1,2
BRDA:102,20,0,10
BRDA:102,20,1,9
BRDA:102,20,2,9
BRDA:103,21,0,10
BRDA:103,21,1,7
BRDA:103,21,2,7
BRDA:104,22,0,10
BRDA:104,22,1,10
BRDA:107,23,0,10
BRDA:107,23,1,10
BRDA:108,24,0,10
BRDA:108,24,1,10
BRDA:113,25,0,2
BRDA:113,25,1,6
BRDA:113,26,0,8
BRDA:113,26,1,8
BRDA:113,26,2,6
BRDA:114,27,0,6
BRDA:114,27,1,4
BRDA:119,28,0,3
BRDA:119,28,1,8
BRDA:119,29,0,11
BRDA:119,29,1,11
BRDA:119,29,2,8
BRDA:121,30,0,8
BRDA:121,30,1,1
BRDA:129,31,0,6
BRDA:129,31,1,1
BRDA:129,32,0,7
BRDA:129,32,1,7
BRDA:130,33,0,0
BRDA:130,33,1,1
BRDA:139,34,0,0
BRDA:139,34,1,3
BRDA:139,35,0,3
BRDA:139,35,1,3
BRDA:142,36,0,3
BRDA:142,36,1,0
BRDA:148,37,0,1
BRDA:148,37,1,2
BRDA:150,38,0,2
BRDA:150,38,1,0
BRDA:153,39,0,0
BRDA:153,39,1,2
BRDA:153,40,0,2
BRDA:153,40,1,2
BRDA:154,41,0,0
BRDA:154,41,1,2
BRDA:154,42,0,2
BRDA:154,42,1,2
BRDA:158,43,0,0
BRDA:158,43,1,2
BRDA:158,44,0,2
BRDA:158,44,1,2
BRDA:166,45,0,0
BRDA:166,45,1,1
BRDA:167,46,0,0
BRDA:167,46,1,1
BRDA:167,47,0,1
BRDA:167,47,1,1
BRDA:176,48,0,0
BRDA:176,48,1,4
BRDA:179,49,0,4
BRDA:179,49,1,2
BRDA:180,50,0,4
BRDA:180,50,1,3
BRDA:185,51,0,2
BRDA:185,51,1,2
BRDA:193,52,0,1
BRDA:193,52,1,7
BRDA:197,53,0,0
BRDA:197,53,1,7
BRDA:201,54,0,2
BRDA:201,54,1,5
BRDA:201,55,0,7
BRDA:201,55,1,2
BRDA:202,56,0,0
BRDA:202,56,1,5
BRDA:202,57,0,5
BRDA:202,57,1,0
BRDA:204,58,0,0
BRDA:204,58,1,5
BRDA:204,59,0,5
BRDA:204,59,1,0
BRDA:205,60,0,0
BRDA:205,60,1,5
BRDA:205,61,0,5
BRDA:205,61,1,0
BRDA:209,62,0,1
BRDA:209,62,1,4
BRDA:209,63,0,5
BRDA:209,63,1,1
BRDA:210,64,0,0
BRDA:210,64,1,4
BRDA:210,65,0,4
BRDA:210,65,1,0
BRDA:213,66,0,1
BRDA:213,66,1,3
BRDA:213,67,0,4
BRDA:213,67,1,2
BRDA:216,68,0,1
BRDA:216,68,1,2
BRDA:220,69,0,2
BRDA:220,69,1,0
BRDA:223,70,0,2
BRDA:223,70,1,0
BRDA:229,71,0,0
BRDA:229,71,1,1
BRDA:229,72,0,1
BRDA:229,72,1,1
BRDA:229,72,2,0
BRDA:230,73,0,0
BRDA:230,73,1,1
BRDA:241,74,0,6
BRDA:241,74,1,0
BRDA:254,75,0,1
BRDA:254,75,1,8
BRDA:254,76,0,9
BRDA:254,76,1,9
BRDA:265,77,0,3
BRDA:265,77,1,0
BRDA:276,78,0,5
BRDA:276,78,1,5
BRDA:276,79,0,10
BRDA:276,79,1,6
BRDA:280,80,0,4
BRDA:280,80,1,1
BRDA:280,81,0,5
BRDA:280,81,1,4
BRDA:280,81,2,4
BRDA:289,82,0,12
BRDA:289,82,1,12
BRDA:290,83,0,4
BRDA:290,83,1,8
BRDA:290,84,0,12
BRDA:290,84,1,9
BRDA:293,85,0,2
BRDA:293,85,1,6
BRDA:295,86,0,6
BRDA:295,86,1,1
BRDA:299,87,0,0
BRDA:299,87,1,9
BRDA:308,88,0,2
BRDA:308,88,1,7
BRDA:312,89,0,9
BRDA:312,89,1,0
BRDA:314,90,0,5
BRDA:314,90,1,4
BRDA:314,91,0,9
BRDA:314,91,1,5
BRDA:314,91,2,5
BRDA:314,91,3,5
BRDA:314,91,4,5
BRDA:330,92,0,1
BRDA:330,92,1,4
BRDA:334,93,0,3
BRDA:334,93,1,1
BRDA:334,94,0,4
BRDA:334,94,1,3
BRDA:343,95,0,1
BRDA:343,95,1,0
BRDA:349,96,0,7
BRDA:349,96,1,0
BRDA:350,97,0,1
BRDA:350,97,1,6
BRDA:350,98,0,7
BRDA:350,98,1,6
BRDA:350,98,2,6
BRDA:357,99,0,1
BRDA:357,99,1,5
BRDA:357,100,0,6
BRDA:357,100,1,5
BRDA:357,100,2,5
BRDA:357,100,3,5
BRDA:357,100,4,5
BRDA:360,101,0,1
BRDA:360,101,1,1
BRDA:360,101,2,1
BRDA:363,102,0,1
BRDA:363,102,1,0
BRDA:367,103,0,5
BRDA:367,103,1,1
BRDA:368,104,0,5
BRDA:368,104,1,4
BRDA:375,105,0,1
BRDA:375,105,1,4
BRDA:375,106,0,5
BRDA:375,106,1,2
BRDA:380,107,0,1
BRDA:380,107,1,3
BRDA:380,108,0,4
BRDA:380,108,1,1
BRDA:389,109,0,3
BRDA:389,109,1,0
BRDA:392,110,0,3
BRDA:392,110,1,0
BRDA:409,111,0,2
BRDA:409,111,1,1
BRDA:412,112,0,2
BRDA:412,112,1,1
BRDA:415,113,0,1
BRDA:415,113,1,1
BRDA:415,114,0,2
BRDA:415,114,1,2
BRDA:423,115,0,1
BRDA:423,115,1,0
BRDA:428,116,0,4
BRDA:428,116,1,0
BRDA:436,117,0,4
BRDA:436,117,1,0
BRDA:436,118,0,4
BRDA:436,118,1,4
BRDA:440,119,0,4
BRDA:440,119,1,0
BRDA:441,120,0,4
BRDA:441,120,1,0
BRDA:451,121,0,0
BRDA:451,121,1,4
BRDA:453,122,0,0
BRDA:453,122,1,4
BRDA:461,123,0,0
BRDA:461,123,1,2
BRDA:466,124,0,1
BRDA:466,124,1,1
BRDA:473,125,0,6
BRDA:473,125,1,0
BRDA:475,126,0,6
BRDA:475,126,1,6
BRDA:475,126,2,6
BRDA:476,127,0,6
BRDA:476,127,1,6
BRDA:477,128,0,6
BRDA:477,128,1,4
BRDA:477,128,2,4
BRDA:478,129,0,6
BRDA:478,129,1,4
BRDA:478,129,2,4
BRDA:479,130,0,6
BRDA:479,130,1,6
BRDA:480,131,0,6
BRDA:480,131,1,6
BRDA:480,131,2,6
BRDA:512,132,0,1
BRDA:512,132,1,5
BRDA:514,133,0,1
BRDA:514,133,1,0
BRDA:535,134,0,1
BRDA:535,134,1,4
BRDA:549,135,0,1
BRDA:549,135,1,4
BRDA:554,136,0,1
BRDA:554,136,1,3
BRDA:575,137,0,3
BRDA:575,137,1,0
BRDA:581,138,0,1
BRDA:581,138,1,0
BRF:297
BRH:247
end_of_record
TN:
SF:conferenceDetailsService.js
FN:2,(anonymous_0)
FN:35,(anonymous_1)
FN:54,(anonymous_2)
FN:59,(anonymous_3)
FN:70,(anonymous_4)
FN:74,(anonymous_5)
FN:103,(anonymous_6)
FN:117,(anonymous_7)
FN:121,(anonymous_8)
FN:133,(anonymous_9)
FN:155,(anonymous_10)
FN:175,(anonymous_11)
FN:196,(anonymous_12)
FN:212,(anonymous_13)
FN:225,(anonymous_14)
FN:230,(anonymous_15)
FN:265,(anonymous_16)
FN:269,(anonymous_17)
FN:272,(anonymous_18)
FN:285,(anonymous_19)
FN:294,(anonymous_20)
FN:303,(anonymous_21)
FN:312,(anonymous_22)
FN:333,(anonymous_23)
FNF:24
FNH:24
FNDA:3,(anonymous_0)
FNDA:6,(anonymous_1)
FNDA:8,(anonymous_2)
FNDA:2,(anonymous_3)
FNDA:3,(anonymous_4)
FNDA:6,(anonymous_5)
FNDA:4,(anonymous_6)
FNDA:4,(anonymous_7)
FNDA:6,(anonymous_8)
FNDA:8,(anonymous_9)
FNDA:7,(anonymous_10)
FNDA:8,(anonymous_11)
FNDA:13,(anonymous_12)
FNDA:83,(anonymous_13)
FNDA:15,(anonymous_14)
FNDA:6,(anonymous_15)
FNDA:4,(anonymous_16)
FNDA:45,(anonymous_17)
FNDA:7,(anonymous_18)
FNDA:6,(anonymous_19)
FNDA:6,(anonymous_20)
FNDA:4,(anonymous_21)
FNDA:9,(anonymous_22)
FNDA:8,(anonymous_23)
DA:3,3
DA:4,3
DA:5,3
DA:11,3
DA:12,1
DA:13,1
DA:16,2
DA:20,2
DA:21,1
DA:22,1
DA:25,1
DA:26,1
DA:27,1
DA:32,1
DA:36,6
DA:38,4
DA:39,4
DA:40,4
DA:41,4
DA:43,3
DA:44,3
DA:45,3
DA:47,2
DA:48,2
DA:49,2
DA:51,1
DA:55,8
DA:56,6
DA:60,2
DA:71,3
DA:75,6
DA:76,6
DA:77,6
DA:79,6
DA:80,2
DA:83,4
DA:89,4
DA:90,4
DA:91,4
DA:94,4
DA:95,1
DA:100,4
DA:104,4
DA:106,4
DA:118,4
DA:122,6
DA:124,2
DA:125,2
DA:129,1
DA:134,8
DA:136,6
DA:137,6
DA:138,6
DA:145,5
DA:146,5
DA:148,3
DA:149,3
DA:151,1
DA:156,7
DA:158,5
DA:159,5
DA:160,5
DA:165,4
DA:166,4
DA:168,3
DA:169,3
DA:171,1
DA:176,8
DA:177,8
DA:178,8
DA:180,7
DA:181,7
DA:183,7
DA:184,7
DA:185,7
DA:186,7
DA:188,7
DA:189,5
DA:193,2
DA:197,13
DA:198,13
DA:199,13
DA:200,5
DA:206,8
DA:213,83
DA:214,69
DA:215,59
DA:216,43
DA:217,43
DA:219,16
DA:220,15
DA:222,1
DA:226,15
DA:227,15
DA:231,6
DA:235,6
DA:236,6
DA:237,6
DA:238,6
DA:241,6
DA:245,6
DA:246,6
DA:247,7
DA:248,7
DA:251,6
DA:252,1
DA:255,6
DA:266,4
DA:270,45
DA:271,44
DA:272,7
DA:274,40
DA:275,17
DA:276,17
DA:277,17
DA:278,31
DA:280,17
DA:282,23
DA:286,6
DA:287,6
DA:288,784
DA:289,784
DA:291,6
DA:295,6
DA:296,4
DA:297,4
DA:300,2
DA:304,4
DA:305,3
DA:306,2
DA:309,2
DA:313,9
DA:315,8
DA:316,8
DA:318,8
DA:319,5
DA:320,3
DA:321,3
DA:324,8
DA:325,8
DA:326,8
DA:327,8
DA:328,8
DA:330,8
DA:334,8
DA:335,4
DA:336,3
DA:337,2
DA:338,1
DA:342,2
DA:343,2
LF:151
LH:151
BRDA:7,0,0,3
BRDA:7,0,1,3
BRDA:8,1,0,3
BRDA:8,1,1,0
BRDA:9,2,0,3
BRDA:9,2,1,1
BRDA:11,3,0,1
BRDA:11,3,1,2
BRDA:11,4,0,3
BRDA:11,4,1,2
BRDA:11,4,2,2
BRDA:11,4,3,2
BRDA:20,5,0,1
BRDA:20,5,1,1
BRDA:26,6,0,1
BRDA:26,6,1,0
BRDA:28,7,0,1
BRDA:28,7,1,0
BRDA:29,8,0,1
BRDA:29,8,1,0
BRDA:36,9,0,2
BRDA:36,9,1,4
BRDA:36,10,0,6
BRDA:36,10,1,5
BRDA:36,10,2,5
BRDA:38,11,0,4
BRDA:38,11,1,0
BRDA:39,12,0,4
BRDA:39,12,1,3
BRDA:39,12,2,3
BRDA:41,13,0,1
BRDA:41,13,1,3
BRDA:43,14,0,3
BRDA:43,14,1,1
BRDA:43,14,2,1
BRDA:45,15,0,1
BRDA:45,15,1,2
BRDA:47,16,0,2
BRDA:47,16,1,1
BRDA:49,17,0,1
BRDA:49,17,1,1
BRDA:55,18,0,2
BRDA:55,18,1,6
BRDA:71,19,0,3
BRDA:71,19,1,3
BRDA:71,19,2,2
BRDA:71,19,3,1
BRDA:75,20,0,6
BRDA:75,20,1,0
BRDA:76,21,0,6
BRDA:76,21,1,3
BRDA:77,22,0,6
BRDA:77,22,1,4
BRDA:79,23,0,2
BRDA:79,23,1,4
BRDA:79,24,0,6
BRDA:79,24,1,3
BRDA:86,25,0,4
BRDA:86,25,1,4
BRDA:86,25,2,2
BRDA:89,26,0,4
BRDA:89,26,1,0
BRDA:94,27,0,1
BRDA:94,27,1,3
BRDA:96,28,0,1
BRDA:96,28,1,0
BRDA:96,29,0,0
BRDA:96,29,1,0
BRDA:104,30,0,4
BRDA:104,30,1,1
BRDA:107,31,0,4
BRDA:107,31,1,4
BRDA:107,31,2,3
BRDA:108,32,0,4
BRDA:108,32,1,4
BRDA:108,32,2,3
BRDA:108,33,0,3
BRDA:108,33,1,0
BRDA:109,34,0,4
BRDA:109,34,1,4
BRDA:110,35,0,4
BRDA:110,35,1,3
BRDA:110,36,0,2
BRDA:110,36,1,1
BRDA:111,37,0,4
BRDA:111,37,1,3
BRDA:111,38,0,2
BRDA:111,38,1,1
BRDA:112,39,0,4
BRDA:112,39,1,3
BRDA:113,40,0,4
BRDA:113,40,1,3
BRDA:118,41,0,4
BRDA:118,41,1,2
BRDA:122,42,0,4
BRDA:122,42,1,2
BRDA:134,43,0,2
BRDA:134,43,1,6
BRDA:134,44,0,8
BRDA:134,44,1,6
BRDA:134,44,2,6
BRDA:145,45,0,4
BRDA:145,45,1,1
BRDA:145,46,0,5
BRDA:145,46,1,4
BRDA:146,47,0,2
BRDA:146,47,1,3
BRDA:149,48,0,3
BRDA:149,48,1,1
BRDA:156,49,0,2
BRDA:156,49,1,5
BRDA:156,50,0,7
BRDA:156,50,1,5
BRDA:156,50,2,5
BRDA:165,51,0,3
BRDA:165,51,1,1
BRDA:165,52,0,4
BRDA:165,52,1,3
BRDA:166,53,0,1
BRDA:166,53,1,3
BRDA:169,54,0,3
BRDA:169,54,1,1
BRDA:176,55,0,8
BRDA:176,55,1,8
BRDA:177,56,0,8
BRDA:177,56,1,8
BRDA:178,57,0,1
BRDA:178,57,1,7
BRDA:178,58,0,8
BRDA:178,58,1,7
BRDA:188,59,0,5
BRDA:188,59,1,2
BRDA:188,60,0,7
BRDA:188,60,1,5
BRDA:197,61,0,13
BRDA:197,61,1,13
BRDA:198,62,0,13
BRDA:198,62,1,13
BRDA:199,63,0,5
BRDA:199,63,1,8
BRDA:199,64,0,13
BRDA:199,64,1,8
BRDA:213,65,0,14
BRDA:213,65,1,69
BRDA:214,66,0,10
BRDA:214,66,1,59
BRDA:215,67,0,43
BRDA:215,67,1,16
BRDA:217,68,0,2
BRDA:217,68,1,41
BRDA:219,69,0,15
BRDA:219,69,1,1
BRDA:219,70,0,16
BRDA:219,70,1,2
BRDA:220,71,0,15
BRDA:220,71,1,1
BRDA:227,72,0,14
BRDA:227,72,1,1
BRDA:231,73,0,4
BRDA:231,73,1,2
BRDA:231,74,0,6
BRDA:231,74,1,4
BRDA:236,75,0,6
BRDA:236,75,1,3
BRDA:237,76,0,4
BRDA:237,76,1,2
BRDA:237,77,0,2
BRDA:237,77,1,1
BRDA:238,78,0,4
BRDA:238,78,1,2
BRDA:242,79,0,6
BRDA:242,79,1,2
BRDA:242,80,0,1
BRDA:242,80,1,1
BRDA:248,81,0,7
BRDA:248,81,1,0
BRDA:251,82,0,1
BRDA:251,82,1,5
BRDA:251,83,0,6
BRDA:251,83,1,2
BRDA:261,84,0,6
BRDA:261,84,1,3
BRDA:270,85,0,1
BRDA:270,85,1,44
BRDA:270,86,0,45
BRDA:270,86,1,45
BRDA:271,87,0,4
BRDA:271,87,1,40
BRDA:274,88,0,17
BRDA:274,88,1,23
BRDA:296,89,0,4
BRDA:296,89,1,0
BRDA:296,90,0,4
BRDA:296,90,1,4
BRDA:305,91,0,2
BRDA:305,91,1,1
BRDA:313,92,0,1
BRDA:313,92,1,8
BRDA:318,93,0,5
BRDA:318,93,1,3
BRDA:320,94,0,3
BRDA:320,94,1,0
BRDA:324,95,0,1
BRDA:324,95,1,7
BRDA:325,96,0,1
BRDA:325,96,1,7
BRDA:326,97,0,1
BRDA:326,97,1,7
BRDA:327,98,0,1
BRDA:327,98,1,7
BRDA:328,99,0,1
BRDA:328,99,1,7
BRDA:334,100,0,4
BRDA:334,100,1,4
BRDA:335,101,0,1
BRDA:335,101,1,3
BRDA:336,102,0,1
BRDA:336,102,1,2
BRDA:337,103,0,1
BRDA:337,103,1,1
BRDA:342,104,0,2
BRDA:342,104,1,0
BRF:222
BRH:207
end_of_record
TN:
SF:controller.js
FN:6,normalizeEventTime
FN:19,encodeActionJson
FN:33,decodeActionJson
FN:51,buildEventLookupHints
FN:71,serializeEventTime
FN:76,readFormInputValue
FN:85,buildActionContext
FN:101,findEventAndCalendar
FN:113,onHomepage
FN:123,onEventOpen
FN:200,handleCreateBuffer
FN:279,onContinueBufferSetup
FN:324,onShowBufferModeSelection
FN:348,handleBatchSync
FN:373,runBackgroundSync
FN:384,handleFinishOnboarding
FN:391,onNavigateToSettings
FN:398,onNavigateToTutorial
FN:405,handleSaveSettings
FNF:19
FNH:19
FNDA:121,normalizeEventTime
FNDA:19,encodeActionJson
FNDA:27,decodeActionJson
FNDA:23,buildEventLookupHints
FNDA:33,serializeEventTime
FNDA:26,readFormInputValue
FNDA:8,buildActionContext
FNDA:22,findEventAndCalendar
FNDA:2,onHomepage
FNDA:10,onEventOpen
FNDA:10,handleCreateBuffer
FNDA:4,onContinueBufferSetup
FNDA:2,onShowBufferModeSelection
FNDA:3,handleBatchSync
FNDA:1,runBackgroundSync
FNDA:1,handleFinishOnboarding
FNDA:2,onNavigateToSettings
FNDA:2,onNavigateToTutorial
FNDA:1,handleSaveSettings
DA:7,121
DA:8,50
DA:9,49
DA:10,26
DA:11,26
DA:13,23
DA:14,22
DA:16,1
DA:20,19
DA:22,6
DA:23,6
DA:24,5
DA:25,4
DA:27,1
DA:29,1
DA:34,27
DA:35,5
DA:37,4
DA:38,4
DA:39,3
DA:40,2
DA:44,3
DA:45,3
DA:47,1
DA:52,23
DA:53,23
DA:55,23
DA:56,23
DA:57,23
DA:58,23
DA:59,23
DA:61,23
DA:72,33
DA:73,30
DA:77,26
DA:78,20
DA:79,20
DA:80,2
DA:82,18
DA:86,8
DA:87,8
DA:88,8
DA:89,8
DA:91,8
DA:102,22
DA:103,22
DA:105,4
DA:106,4
DA:107,2
DA:108,2
DA:110,3
DA:114,2
DA:115,2
DA:117,2
DA:118,1
DA:120,1
DA:124,10
DA:125,10
DA:126,10
DA:127,10
DA:134,10
DA:135,10
DA:136,10
DA:137,10
DA:139,10
DA:141,9
DA:142,9
DA:143,9
DA:144,8
DA:145,1
DA:148,7
DA:149,7
DA:150,1
DA:153,6
DA:154,6
DA:155,2
DA:156,2
DA:157,1
DA:158,1
DA:159,1
DA:161,1
DA:165,5
DA:166,5
DA:167,5
DA:168,5
DA:169,5
DA:175,5
DA:176,1
DA:181,4
DA:182,2
DA:191,2
DA:201,10
DA:202,10
DA:203,10
DA:204,10
DA:210,10
DA:211,10
DA:212,10
DA:213,10
DA:214,10
DA:216,10
DA:217,10
DA:218,1
DA:222,9
DA:223,1
DA:227,8
DA:228,1
DA:233,7
DA:234,7
DA:235,7
DA:238,7
DA:239,7
DA:252,7
DA:253,7
DA:255,1
DA:256,1
DA:261,6
DA:262,1
DA:268,5
DA:272,5
DA:280,4
DA:281,4
DA:282,4
DA:283,4
DA:285,4
DA:286,1
DA:291,3
DA:292,1
DA:312,2
DA:317,2
DA:325,2
DA:326,2
DA:328,2
DA:349,3
DA:350,3
DA:351,3
DA:352,3
DA:353,3
DA:354,3
DA:356,3
DA:358,3
DA:359,1
DA:362,2
DA:364,2
DA:365,2
DA:367,2
DA:368,2
DA:370,2
DA:374,1
DA:375,1
DA:376,1
DA:377,1
DA:378,1
DA:379,1
DA:381,1
DA:385,1
DA:386,1
DA:387,1
DA:388,1
DA:392,2
DA:393,2
DA:394,2
DA:395,2
DA:399,2
DA:400,2
DA:401,2
DA:402,2
DA:406,1
DA:407,1
DA:409,1
DA:410,1
DA:412,1
DA:418,33
DA:419,33
LF:174
LH:174
BRDA:7,0,0,71
BRDA:7,0,1,50
BRDA:8,1,0,1
BRDA:8,1,1,49
BRDA:9,2,0,26
BRDA:9,2,1,23
BRDA:11,3,0,1
BRDA:11,3,1,25
BRDA:13,4,0,22
BRDA:13,4,1,1
BRDA:13,5,0,23
BRDA:13,5,1,2
BRDA:14,6,0,22
BRDA:14,6,1,1
BRDA:20,7,0,13
BRDA:20,7,1,6
BRDA:24,8,0,4
BRDA:24,8,1,1
BRDA:24,9,0,5
BRDA:24,9,1,5
BRDA:34,10,0,22
BRDA:34,10,1,5
BRDA:35,11,0,1
BRDA:35,11,1,4
BRDA:38,12,0,3
BRDA:38,12,1,1
BRDA:38,13,0,4
BRDA:38,13,1,4
BRDA:38,13,2,3
BRDA:52,14,0,23
BRDA:52,14,1,2
BRDA:53,15,0,23
BRDA:53,15,1,1
BRDA:55,16,0,23
BRDA:55,16,1,22
BRDA:56,17,0,23
BRDA:56,17,1,22
BRDA:59,18,0,23
BRDA:59,18,1,22
BRDA:62,19,0,23
BRDA:62,19,1,22
BRDA:62,19,2,22
BRDA:62,19,3,12
BRDA:63,20,0,23
BRDA:63,20,1,22
BRDA:63,20,2,22
BRDA:64,21,0,23
BRDA:64,21,1,22
BRDA:65,22,0,23
BRDA:65,22,1,22
BRDA:66,23,0,23
BRDA:66,23,1,22
BRDA:66,23,2,20
BRDA:67,24,0,23
BRDA:67,24,1,22
BRDA:67,24,2,22
BRDA:67,24,3,21
BRDA:72,25,0,3
BRDA:72,25,1,30
BRDA:73,26,0,29
BRDA:73,26,1,1
BRDA:77,27,0,6
BRDA:77,27,1,20
BRDA:77,28,0,26
BRDA:77,28,1,20
BRDA:79,29,0,2
BRDA:79,29,1,18
BRDA:80,30,0,1
BRDA:80,30,1,1
BRDA:82,31,0,9
BRDA:82,31,1,9
BRDA:86,32,0,8
BRDA:86,32,1,1
BRDA:87,33,0,8
BRDA:87,33,1,1
BRDA:88,34,0,8
BRDA:88,34,1,4
BRDA:88,35,0,3
BRDA:88,35,1,1
BRDA:88,36,0,4
BRDA:88,36,1,3
BRDA:89,37,0,8
BRDA:89,37,1,4
BRDA:89,38,0,3
BRDA:89,38,1,1
BRDA:89,39,0,4
BRDA:89,39,1,3
BRDA:92,40,0,8
BRDA:92,40,1,4
BRDA:93,41,0,8
BRDA:93,41,1,8
BRDA:96,42,0,8
BRDA:96,42,1,7
BRDA:96,42,2,6
BRDA:97,43,0,8
BRDA:97,43,1,4
BRDA:97,43,2,3
BRDA:103,44,0,18
BRDA:103,44,1,4
BRDA:108,45,0,1
BRDA:108,45,1,1
BRDA:117,46,0,1
BRDA:117,46,1,1
BRDA:128,47,0,10
BRDA:128,47,1,1
BRDA:129,48,0,10
BRDA:129,48,1,1
BRDA:131,49,0,10
BRDA:131,49,1,1
BRDA:132,50,0,10
BRDA:132,50,1,10
BRDA:139,51,0,1
BRDA:139,51,1,9
BRDA:139,52,0,10
BRDA:139,52,1,9
BRDA:143,53,0,1
BRDA:143,53,1,8
BRDA:144,54,0,1
BRDA:144,54,1,7
BRDA:144,55,0,8
BRDA:144,55,1,8
BRDA:149,56,0,1
BRDA:149,56,1,6
BRDA:154,57,0,2
BRDA:154,57,1,4
BRDA:156,58,0,1
BRDA:156,58,1,1
BRDA:168,59,0,5
BRDA:168,59,1,1
BRDA:170,60,0,5
BRDA:170,60,1,4
BRDA:170,60,2,3
BRDA:175,61,0,1
BRDA:175,61,1,4
BRDA:181,62,0,2
BRDA:181,62,1,2
BRDA:181,63,0,4
BRDA:181,63,1,3
BRDA:193,64,0,2
BRDA:193,64,1,1
BRDA:206,65,0,10
BRDA:206,65,1,1
BRDA:207,66,0,10
BRDA:207,66,1,9
BRDA:217,67,0,1
BRDA:217,67,1,9
BRDA:222,68,0,1
BRDA:222,68,1,8
BRDA:222,69,0,9
BRDA:222,69,1,5
BRDA:227,70,0,1
BRDA:227,70,1,7
BRDA:235,71,0,7
BRDA:235,71,1,4
BRDA:235,71,2,3
BRDA:236,72,0,0
BRDA:236,72,1,4
BRDA:238,73,0,7
BRDA:238,73,1,4
BRDA:245,74,0,7
BRDA:245,74,1,7
BRDA:246,75,0,7
BRDA:246,75,1,7
BRDA:248,76,0,7
BRDA:248,76,1,6
BRDA:261,77,0,1
BRDA:261,77,1,5
BRDA:268,78,0,1
BRDA:268,78,1,4
BRDA:285,79,0,1
BRDA:285,79,1,3
BRDA:285,80,0,4
BRDA:285,80,1,2
BRDA:291,81,0,1
BRDA:291,81,1,2
BRDA:291,82,0,3
BRDA:291,82,1,2
BRDA:291,82,2,1
BRDA:300,83,0,1
BRDA:300,83,1,1
BRDA:301,84,0,1
BRDA:301,84,1,1
BRDA:302,85,0,1
BRDA:302,85,1,1
BRDA:303,86,0,1
BRDA:303,86,1,1
BRDA:304,87,0,1
BRDA:304,87,1,1
BRDA:305,88,0,1
BRDA:305,88,1,1
BRDA:313,89,0,1
BRDA:313,89,1,1
BRDA:314,90,0,2
BRDA:314,90,1,1
BRDA:319,91,0,2
BRDA:319,91,1,0
BRDA:320,92,0,2
BRDA:320,92,1,0
BRDA:333,93,0,2
BRDA:333,93,1,1
BRDA:334,94,0,2
BRDA:334,94,1,1
BRDA:336,95,0,2
BRDA:336,95,1,1
BRDA:337,96,0,2
BRDA:337,96,1,1
BRDA:338,97,0,2
BRDA:338,97,1,1
BRDA:339,98,0,2
BRDA:339,98,1,1
BRDA:340,99,0,2
BRDA:340,99,1,1
BRDA:341,100,0,2
BRDA:341,100,1,1
BRDA:358,101,0,1
BRDA:358,101,1,2
BRDA:362,102,0,1
BRDA:362,102,1,1
BRDA:393,103,0,1
BRDA:393,103,1,1
BRDA:400,104,0,1
BRDA:400,104,1,1
BRDA:418,105,0,33
BRDA:418,105,1,0
BRF:224
BRH:220
end_of_record
TN:
SF:eventContextFactory.js
FN:17,(anonymous_0)
FN:22,(anonymous_1)
FN:85,(anonymous_2)
FN:95,(anonymous_3)
FNF:4
FNH:4
FNDA:10,(anonymous_0)
FNDA:10,(anonymous_1)
FNDA:8,(anonymous_2)
FNDA:10,(anonymous_3)
DA:18,10
DA:19,10
DA:23,10
DA:24,10
DA:25,10
DA:26,10
DA:27,10
DA:28,10
DA:29,10
DA:31,10
DA:32,1
DA:33,9
DA:34,1
DA:37,10
DA:38,10
DA:39,10
DA:40,10
DA:41,10
DA:42,10
DA:43,10
DA:51,10
DA:54,10
DA:55,10
DA:58,10
DA:63,10
DA:70,10
DA:86,8
DA:87,8
DA:89,6
DA:90,6
DA:92,5
DA:96,10
DA:97,8
LF:33
LH:33
BRDA:19,0,0,10
BRDA:19,0,1,2
BRDA:23,1,0,10
BRDA:23,1,1,7
BRDA:24,2,0,10
BRDA:24,2,1,8
BRDA:25,3,0,10
BRDA:25,3,1,3
BRDA:27,4,0,10
BRDA:27,4,1,5
BRDA:29,5,0,10
BRDA:29,5,1,7
BRDA:31,6,0,1
BRDA:31,6,1,9
BRDA:31,7,0,10
BRDA:31,7,1,1
BRDA:33,8,0,1
BRDA:33,8,1,8
BRDA:33,9,0,9
BRDA:33,9,1,3
BRDA:37,10,0,10
BRDA:37,10,1,7
BRDA:38,11,0,1
BRDA:38,11,1,9
BRDA:39,12,0,10
BRDA:39,12,1,9
BRDA:42,13,0,10
BRDA:42,13,1,8
BRDA:43,14,0,7
BRDA:43,14,1,3
BRDA:46,15,0,3
BRDA:46,15,1,0
BRDA:46,15,2,0
BRDA:46,15,3,0
BRDA:51,16,0,1
BRDA:51,16,1,9
BRDA:53,17,0,1
BRDA:53,17,1,8
BRDA:55,18,0,3
BRDA:55,18,1,7
BRDA:56,19,0,1
BRDA:56,19,1,2
BRDA:57,20,0,3
BRDA:57,20,1,4
BRDA:57,21,0,7
BRDA:57,21,1,3
BRDA:58,22,0,10
BRDA:58,22,1,7
BRDA:59,23,0,1
BRDA:59,23,1,6
BRDA:59,24,0,7
BRDA:59,24,1,3
BRDA:61,25,0,6
BRDA:61,25,1,4
BRDA:64,26,0,10
BRDA:64,26,1,2
BRDA:65,27,0,10
BRDA:65,27,1,4
BRDA:87,28,0,2
BRDA:87,28,1,6
BRDA:90,29,0,1
BRDA:90,29,1,5
BRDA:96,30,0,2
BRDA:96,30,1,8
BRF:64
BRH:61
end_of_record
TN:
SF:settingsManager.js
FN:5,(anonymous_0)
FN:9,(anonymous_1)
FN:25,(anonymous_2)
FN:46,(anonymous_3)
FN:50,(anonymous_4)
FN:54,(anonymous_5)
FN:60,(anonymous_6)
FN:64,(anonymous_7)
FN:72,(anonymous_8)
FNF:9
FNH:9
FNDA:14,(anonymous_0)
FNDA:2,(anonymous_1)
FNDA:6,(anonymous_2)
FNDA:1,(anonymous_3)
FNDA:1,(anonymous_4)
FNDA:3,(anonymous_5)
FNDA:1,(anonymous_6)
FNDA:2,(anonymous_7)
FNDA:2,(anonymous_8)
DA:6,14
DA:10,2
DA:11,2
DA:26,6
DA:27,6
DA:28,6
DA:32,6
DA:47,1
DA:51,1
DA:55,3
DA:56,3
DA:57,3
DA:61,1
DA:65,2
DA:66,2
DA:73,2
DA:74,2
DA:75,2
DA:76,2
DA:77,2
LF:20
LH:20
BRDA:12,0,0,2
BRDA:12,0,1,2
BRDA:13,1,0,2
BRDA:13,1,1,2
BRDA:14,2,0,0
BRDA:14,2,1,2
BRDA:15,3,0,2
BRDA:15,3,1,1
BRDA:16,4,0,2
BRDA:16,4,1,2
BRDA:17,5,0,2
BRDA:17,5,1,2
BRDA:18,6,0,2
BRDA:18,6,1,2
BRDA:19,7,0,2
BRDA:19,7,1,2
BRDA:20,8,0,2
BRDA:20,8,1,2
BRDA:21,9,0,2
BRDA:21,9,1,1
BRDA:26,10,0,6
BRDA:26,10,1,5
BRDA:27,11,0,6
BRDA:27,11,1,2
BRDA:28,12,0,3
BRDA:28,12,1,3
BRDA:29,13,0,3
BRDA:29,13,1,0
BRDA:33,14,0,6
BRDA:33,14,1,5
BRDA:34,15,0,6
BRDA:34,15,1,6
BRDA:36,16,0,6
BRDA:36,16,1,5
BRDA:37,17,0,6
BRDA:37,17,1,6
BRDA:38,18,0,6
BRDA:38,18,1,6
BRDA:39,19,0,6
BRDA:39,19,1,6
BRDA:40,20,0,6
BRDA:40,20,1,6
BRDA:41,21,0,6
BRDA:41,21,1,6
BRDA:42,22,0,6
BRDA:42,22,1,5
BRDA:55,23,0,1
BRDA:55,23,1,2
BRDA:56,24,0,1
BRDA:56,24,1,2
BRDA:67,25,0,1
BRDA:67,25,1,1
BRDA:76,26,0,1
BRDA:76,26,1,1
BRF:54
BRH:52
end_of_record
TN:
SF:shadowDescriptionBuilder.js
FN:2,(anonymous_0)
FN:12,(anonymous_1)
FN:42,(anonymous_2)
FN:63,(anonymous_3)
FNF:4
FNH:4
FNDA:6,(anonymous_0)
FNDA:6,(anonymous_1)
FNDA:7,(anonymous_2)
FNDA:3,(anonymous_3)
DA:3,6
DA:4,6
DA:5,5
DA:9,2
DA:13,6
DA:15,4
DA:19,4
DA:21,3
DA:22,2
DA:23,2
DA:26,1
DA:27,1
DA:33,1
DA:39,1
DA:43,7
DA:45,4
DA:64,3
DA:65,3
DA:66,3
DA:67,3
DA:71,3
DA:72,2
DA:75,3
DA:76,1
DA:77,2
DA:78,1
DA:81,3
DA:82,2
DA:85,3
LF:29
LH:29
BRDA:4,0,0,5
BRDA:4,0,1,1
BRDA:4,1,0,6
BRDA:4,1,1,5
BRDA:5,2,0,5
BRDA:5,2,1,1
BRDA:13,3,0,2
BRDA:13,3,1,4
BRDA:15,4,0,3
BRDA:15,4,1,1
BRDA:19,5,0,1
BRDA:19,5,1,3
BRDA:21,6,0,2
BRDA:21,6,1,1
BRDA:21,7,0,3
BRDA:21,7,1,3
BRDA:43,8,0,3
BRDA:43,8,1,4
BRDA:71,9,0,2
BRDA:71,9,1,1
BRDA:75,10,0,1
BRDA:75,10,1,2
BRDA:77,11,0,1
BRDA:77,11,1,1
BRDA:81,12,0,2
BRDA:81,12,1,1
BRF:26
BRH:26
end_of_record
