TN:
SF:backgroundProcessing.js
FN:5,(anonymous_0)
FN:10,(anonymous_1)
FN:18,(anonymous_2)
FN:26,(anonymous_3)
FN:40,(anonymous_4)
FN:50,(anonymous_5)
FN:89,(anonymous_6)
FNF:7
FNH:7
FNDA:15,(anonymous_0)
FNDA:2,(anonymous_1)
FNDA:2,(anonymous_2)
FNDA:11,(anonymous_3)
FNDA:6,(anonymous_4)
FNDA:3,(anonymous_5)
FNDA:7,(anonymous_6)
DA:6,15
DA:7,15
DA:11,2
DA:12,2
DA:13,2
DA:15,1
DA:19,2
DA:20,2
DA:21,1
DA:22,1
DA:27,11
DA:29,10
DA:30,10
DA:31,9
DA:33,5
DA:34,5
DA:36,1
DA:41,6
DA:43,5
DA:44,5
DA:46,1
DA:51,3
DA:52,3
DA:54,3
DA:55,3
DA:57,3
DA:58,3
DA:60,3
DA:61,5
DA:62,5
DA:63,5
DA:65,5
DA:67,4
DA:68,4
DA:70,4
DA:71,2
DA:73,2
DA:74,2
DA:75,1
DA:79,4
DA:80,3
DA:81,3
DA:82,2
DA:83,1
DA:86,3
DA:90,7
DA:91,7
DA:93,7
DA:94,7
DA:95,7
DA:97,7
DA:98,8
DA:99,8
DA:100,8
DA:101,7
DA:103,6
DA:105,6
DA:106,9
DA:108,9
DA:110,9
DA:114,3
DA:115,3
DA:118,6
DA:119,6
DA:121,6
DA:122,4
DA:123,4
DA:124,4
DA:125,4
DA:126,4
DA:127,4
DA:128,4
DA:129,4
DA:131,4
DA:132,3
DA:133,3
DA:134,3
DA:135,2
DA:137,1
DA:140,1
DA:142,4
DA:145,2
DA:146,2
DA:147,1
DA:149,1
DA:150,1
DA:154,1
DA:157,7
LF:88
LH:88
BRDA:13,0,0,1
BRDA:13,0,1,1
BRDA:20,1,0,1
BRDA:20,1,1,1
BRDA:27,2,0,1
BRDA:27,2,1,10
BRDA:27,3,0,11
BRDA:27,3,1,10
BRDA:31,4,0,4
BRDA:31,4,1,5
BRDA:31,5,0,9
BRDA:31,5,1,5
BRDA:34,6,0,1
BRDA:34,6,1,4
BRDA:41,7,0,1
BRDA:41,7,1,5
BRDA:41,8,0,6
BRDA:41,8,1,5
BRDA:44,9,0,5
BRDA:44,9,1,2
BRDA:65,10,0,1
BRDA:65,10,1,4
BRDA:65,11,0,5
BRDA:65,11,1,4
BRDA:70,12,0,2
BRDA:70,12,1,2
BRDA:74,13,0,1
BRDA:74,13,1,1
BRDA:79,14,0,3
BRDA:79,14,1,1
BRDA:101,15,0,1
BRDA:101,15,1,6
BRDA:110,16,0,3
BRDA:110,16,1,6
BRDA:110,17,0,9
BRDA:110,17,1,8
BRDA:110,17,2,7
BRDA:110,17,3,6
BRDA:121,18,0,4
BRDA:121,18,1,2
BRDA:127,19,0,4
BRDA:127,19,1,2
BRDA:128,20,0,4
BRDA:128,20,1,2
BRDA:129,21,0,4
BRDA:129,21,1,2
BRDA:131,22,0,3
BRDA:131,22,1,1
BRDA:131,23,0,4
BRDA:131,23,1,3
BRDA:131,23,2,3
BRDA:131,23,3,2
BRDA:131,23,4,2
BRF:53
BRH:53
end_of_record
TN:
SF:bufferDecisionService.js
FN:2,(anonymous_0)
FN:7,(anonymous_1)
FNF:2
FNH:2
FNDA:9,(anonymous_0)
FNDA:7,(anonymous_1)
DA:3,9
DA:4,9
DA:8,7
DA:10,7
DA:11,4
DA:12,1
DA:15,3
DA:16,3
DA:18,3
DA:21,3
DA:22,1
DA:25,2
DA:26,1
DA:29,1
DA:30,1
DA:37,1
LF:16
LH:16
BRDA:8,0,0,7
BRDA:8,0,1,7
BRDA:10,1,0,4
BRDA:10,1,1,3
BRDA:11,2,0,1
BRDA:11,2,1,3
BRDA:11,3,0,4
BRDA:11,3,1,1
BRDA:15,4,0,3
BRDA:15,4,1,1
BRDA:16,5,0,1
BRDA:16,5,1,2
BRDA:21,6,0,1
BRDA:21,6,1,2
BRDA:25,7,0,1
BRDA:25,7,1,1
BRF:16
BRH:16
end_of_record
TN:
SF:calendarApiWrapper.js
FN:50,(anonymous_0)
FN:102,(anonymous_1)
FN:115,(anonymous_2)
FN:261,(anonymous_3)
FN:277,(anonymous_4)
FN:397,(anonymous_5)
FNF:6
FNH:6
FNDA:19,(anonymous_0)
FNDA:10,(anonymous_1)
FNDA:8,(anonymous_2)
FNDA:9,(anonymous_3)
FNDA:4,(anonymous_4)
FNDA:1,(anonymous_5)
DA:51,19
DA:52,19
DA:53,19
DA:54,19
DA:55,19
DA:56,19
DA:57,19
DA:103,10
DA:104,10
DA:116,8
DA:117,6
DA:262,9
DA:264,8
DA:265,8
DA:278,4
DA:279,8
DA:285,8
DA:286,3
DA:289,5
DA:290,4
DA:294,1
DA:398,1
LF:22
LH:22
BRDA:53,0,0,19
BRDA:53,0,1,2
BRDA:54,1,0,19
BRDA:54,1,1,3
BRDA:55,2,0,19
BRDA:55,2,1,2
BRDA:56,3,0,19
BRDA:56,3,1,2
BRDA:57,4,0,19
BRDA:57,4,1,2
BRDA:103,5,0,10
BRDA:103,5,1,2
BRDA:105,6,0,10
BRDA:105,6,1,9
BRDA:105,6,2,9
BRDA:106,7,0,10
BRDA:106,7,1,7
BRDA:106,7,2,7
BRDA:107,8,0,10
BRDA:107,8,1,10
BRDA:110,9,0,10
BRDA:110,9,1,10
BRDA:111,10,0,10
BRDA:111,10,1,10
BRDA:116,11,0,2
BRDA:116,11,1,6
BRDA:116,12,0,8
BRDA:116,12,1,8
BRDA:116,12,2,6
BRDA:117,13,0,6
BRDA:117,13,1,4
BRDA:262,14,0,1
BRDA:262,14,1,8
BRDA:262,15,0,9
BRDA:262,15,1,9
BRDA:285,16,0,3
BRDA:285,16,1,5
BRDA:285,17,0,8
BRDA:285,17,1,4
BRDA:289,18,0,4
BRDA:289,18,1,1
BRDA:289,19,0,5
BRDA:289,19,1,4
BRDA:289,19,2,4
BRF:44
BRH:44
end_of_record
TN:
SF:conferenceDetailsService.js
FN:56,(anonymous_0)
FN:61,(anonymous_1)
FN:72,(anonymous_2)
FN:121,(anonymous_3)
FN:125,(anonymous_4)
FN:137,(anonymous_5)
FN:159,(anonymous_6)
FN:179,(anonymous_7)
FN:200,(anonymous_8)
FN:216,(anonymous_9)
FN:271,(anonymous_10)
FN:275,(anonymous_11)
FN:278,(anonymous_12)
FN:291,(anonymous_13)
FN:310,(anonymous_14)
FN:341,(anonymous_15)
FNF:16
FNH:16
FNDA:8,(anonymous_0)
FNDA:2,(anonymous_1)
FNDA:3,(anonymous_2)
FNDA:4,(anonymous_3)
FNDA:6,(anonymous_4)
FNDA:8,(anonymous_5)
FNDA:7,(anonymous_6)
FNDA:8,(anonymous_7)
FNDA:13,(anonymous_8)
FNDA:83,(anonymous_9)
FNDA:4,(anonymous_10)
FNDA:45,(anonymous_11)
FNDA:7,(anonymous_12)
FNDA:6,(anonymous_13)
FNDA:4,(anonymous_14)
FNDA:8,(anonymous_15)
DA:57,8
DA:58,6
DA:62,2
DA:73,3
DA:122,4
DA:126,6
DA:128,2
DA:129,2
DA:133,1
DA:138,8
DA:140,6
DA:141,6
DA:142,6
DA:149,5
DA:150,5
DA:152,3
DA:153,3
DA:155,1
DA:160,7
DA:162,5
DA:163,5
DA:164,5
DA:169,4
DA:170,4
DA:172,3
DA:173,3
DA:175,1
DA:180,8
DA:181,8
DA:182,8
DA:184,7
DA:185,7
DA:187,7
DA:188,7
DA:189,7
DA:190,7
DA:192,7
DA:193,5
DA:197,2
DA:201,13
DA:202,13
DA:203,13
DA:204,5
DA:210,8
DA:217,83
DA:218,69
DA:219,59
DA:220,43
DA:221,43
DA:223,16
DA:224,15
DA:226,1
DA:272,4
DA:276,45
DA:277,44
DA:278,7
DA:280,40
DA:281,17
DA:282,17
DA:283,17
DA:284,31
DA:286,17
DA:288,23
DA:292,6
DA:293,6
DA:294,784
DA:295,784
DA:297,6
DA:311,4
DA:312,3
DA:313,2
DA:316,2
DA:342,8
DA:343,4
DA:344,3
DA:345,2
DA:346,1
LF:77
LH:77
BRDA:57,0,0,2
BRDA:57,0,1,6
BRDA:73,1,0,3
BRDA:73,1,1,3
BRDA:73,1,2,2
BRDA:73,1,3,1
BRDA:122,2,0,4
BRDA:122,2,1,2
BRDA:126,3,0,4
BRDA:126,3,1,2
BRDA:138,4,0,2
BRDA:138,4,1,6
BRDA:138,5,0,8
BRDA:138,5,1,6
BRDA:138,5,2,6
BRDA:149,6,0,4
BRDA:149,6,1,1
BRDA:149,7,0,5
BRDA:149,7,1,4
BRDA:150,8,0,2
BRDA:150,8,1,3
BRDA:153,9,0,3
BRDA:153,9,1,1
BRDA:160,10,0,2
BRDA:160,10,1,5
BRDA:160,11,0,7
BRDA:160,11,1,5
BRDA:160,11,2,5
BRDA:169,12,0,3
BRDA:169,12,1,1
BRDA:169,13,0,4
BRDA:169,13,1,3
BRDA:170,14,0,1
BRDA:170,14,1,3
BRDA:173,15,0,3
BRDA:173,15,1,1
BRDA:180,16,0,8
BRDA:180,16,1,8
BRDA:181,17,0,8
BRDA:181,17,1,8
BRDA:182,18,0,1
BRDA:182,18,1,7
BRDA:182,19,0,8
BRDA:182,19,1,7
BRDA:192,20,0,5
BRDA:192,20,1,2
BRDA:192,21,0,7
BRDA:192,21,1,5
BRDA:201,22,0,13
BRDA:201,22,1,13
BRDA:202,23,0,13
BRDA:202,23,1,13
BRDA:203,24,0,5
BRDA:203,24,1,8
BRDA:203,25,0,13
BRDA:203,25,1,8
BRDA:217,26,0,14
BRDA:217,26,1,69
BRDA:218,27,0,10
BRDA:218,27,1,59
BRDA:219,28,0,43
BRDA:219,28,1,16
BRDA:221,29,0,2
BRDA:221,29,1,41
BRDA:223,30,0,15
BRDA:223,30,1,1
BRDA:223,31,0,16
BRDA:223,31,1,2
BRDA:224,32,0,15
BRDA:224,32,1,1
BRDA:276,33,0,1
BRDA:276,33,1,44
BRDA:276,34,0,45
BRDA:276,34,1,45
BRDA:277,35,0,4
BRDA:277,35,1,40
BRDA:280,36,0,17
BRDA:280,36,1,23
BRDA:312,37,0,2
BRDA:312,37,1,1
BRDA:342,38,0,4
BRDA:342,38,1,4
BRDA:343,39,0,1
BRDA:343,39,1,3
BRDA:344,40,0,1
BRDA:344,40,1,2
BRDA:345,41,0,1
BRDA:345,41,1,1
BRF:88
BRH:88
end_of_record
TN:
SF:controller.js
FN:6,normalizeEventTime
FN:19,encodeActionJson
FN:33,decodeActionJson
FN:51,buildEventLookupHints
FN:71,serializeEventTime
FN:76,readFormInputValue
FN:85,buildActionContext
FN:101,findEventAndCalendar
FN:113,onHomepage
FN:123,onEventOpen
FN:200,handleCreateBuffer
FN:280,onContinueBufferSetup
FN:326,onShowBufferModeSelection
FN:350,handleBatchSync
FN:375,runBackgroundSync
FN:386,handleFinishOnboarding
FN:393,onNavigateToSettings
FN:400,onNavigateToTutorial
FN:407,handleSaveSettings
FNF:19
FNH:19
FNDA:121,normalizeEventTime
FNDA:19,encodeActionJson
FNDA:27,decodeActionJson
FNDA:23,buildEventLookupHints
FNDA:33,serializeEventTime
FNDA:26,readFormInputValue
FNDA:8,buildActionContext
FNDA:22,findEventAndCalendar
FNDA:2,onHomepage
FNDA:10,onEventOpen
FNDA:10,handleCreateBuffer
FNDA:4,onContinueBufferSetup
FNDA:2,onShowBufferModeSelection
FNDA:3,handleBatchSync
FNDA:1,runBackgroundSync
FNDA:1,handleFinishOnboarding
FNDA:2,onNavigateToSettings
FNDA:2,onNavigateToTutorial
FNDA:1,handleSaveSettings
DA:7,121
DA:8,50
DA:9,49
DA:10,26
DA:11,26
DA:13,23
DA:14,22
DA:16,1
DA:20,19
DA:22,6
DA:23,6
DA:24,5
DA:25,4
DA:27,1
DA:29,1
DA:34,27
DA:35,5
DA:37,4
DA:38,4
DA:39,3
DA:40,2
DA:44,3
DA:45,3
DA:47,1
DA:52,23
DA:53,23
DA:55,23
DA:56,23
DA:57,23
DA:58,23
DA:59,23
DA:61,23
DA:72,33
DA:73,30
DA:77,26
DA:78,20
DA:79,20
DA:80,2
DA:82,18
DA:86,8
DA:87,8
DA:88,8
DA:89,8
DA:91,8
DA:102,22
DA:103,22
DA:105,4
DA:106,4
DA:107,2
DA:108,2
DA:110,3
DA:114,2
DA:115,2
DA:117,2
DA:118,1
DA:120,1
DA:124,10
DA:125,10
DA:126,10
DA:127,10
DA:134,10
DA:135,10
DA:136,10
DA:137,10
DA:139,10
DA:141,9
DA:142,9
DA:143,9
DA:144,8
DA:145,1
DA:148,7
DA:149,7
DA:150,1
DA:153,6
DA:154,6
DA:155,2
DA:156,2
DA:157,1
DA:158,1
DA:159,1
DA:161,1
DA:165,5
DA:166,5
DA:167,5
DA:168,5
DA:169,5
DA:175,5
DA:176,1
DA:181,4
DA:182,2
DA:191,2
DA:201,10
DA:202,10
DA:203,10
DA:204,10
DA:210,10
DA:211,10
DA:212,10
DA:213,10
DA:214,10
DA:216,10
DA:217,10
DA:218,1
DA:222,9
DA:223,1
DA:227,8
DA:228,1
DA:233,7
DA:234,7
DA:239,7
DA:240,7
DA:253,7
DA:254,7
DA:256,1
DA:257,1
DA:262,6
DA:263,1
DA:269,5
DA:273,5
DA:281,4
DA:282,4
DA:283,4
DA:284,4
DA:286,4
DA:287,1
DA:292,3
DA:293,1
DA:313,2
DA:327,2
DA:328,2
DA:330,2
DA:351,3
DA:352,3
DA:353,3
DA:354,3
DA:355,3
DA:356,3
DA:358,3
DA:360,3
DA:361,1
DA:364,2
DA:366,2
DA:367,2
DA:369,2
DA:370,2
DA:372,2
DA:376,1
DA:377,1
DA:378,1
DA:379,1
DA:380,1
DA:381,1
DA:383,1
DA:387,1
DA:388,1
DA:389,1
DA:390,1
DA:394,2
DA:395,2
DA:396,2
DA:397,2
DA:401,2
DA:402,2
DA:403,2
DA:404,2
DA:408,1
DA:409,1
DA:411,1
DA:412,1
DA:414,1
LF:170
LH:170
BRDA:7,0,0,71
BRDA:7,0,1,50
BRDA:8,1,0,1
BRDA:8,1,1,49
BRDA:9,2,0,26
BRDA:9,2,1,23
BRDA:11,3,0,1
BRDA:11,3,1,25
BRDA:13,4,0,22
BRDA:13,4,1,1
BRDA:13,5,0,23
BRDA:13,5,1,2
BRDA:14,6,0,22
BRDA:14,6,1,1
BRDA:20,7,0,13
BRDA:20,7,1,6
BRDA:24,8,0,4
BRDA:24,8,1,1
BRDA:24,9,0,5
BRDA:24,9,1,5
BRDA:34,10,0,22
BRDA:34,10,1,5
BRDA:35,11,0,1
BRDA:35,11,1,4
BRDA:38,12,0,3
BRDA:38,12,1,1
BRDA:38,13,0,4
BRDA:38,13,1,4
BRDA:38,13,2,3
BRDA:52,14,0,23
BRDA:52,14,1,2
BRDA:53,15,0,23
BRDA:53,15,1,1
BRDA:55,16,0,23
BRDA:55,16,1,22
BRDA:56,17,0,23
BRDA:56,17,1,22
BRDA:59,18,0,23
BRDA:59,18,1,22
BRDA:62,19,0,23
BRDA:62,19,1,22
BRDA:62,19,2,22
BRDA:62,19,3,12
BRDA:63,20,0,23
BRDA:63,20,1,22
BRDA:63,20,2,22
BRDA:64,21,0,23
BRDA:64,21,1,22
BRDA:65,22,0,23
BRDA:65,22,1,22
BRDA:66,23,0,23
BRDA:66,23,1,22
BRDA:66,23,2,20
BRDA:67,24,0,23
BRDA:67,24,1,22
BRDA:67,24,2,22
BRDA:67,24,3,21
BRDA:72,25,0,3
BRDA:72,25,1,30
BRDA:73,26,0,29
BRDA:73,26,1,1
BRDA:77,27,0,6
BRDA:77,27,1,20
BRDA:77,28,0,26
BRDA:77,28,1,20
BRDA:79,29,0,2
BRDA:79,29,1,18
BRDA:80,30,0,1
BRDA:80,30,1,1
BRDA:82,31,0,9
BRDA:82,31,1,9
BRDA:86,32,0,8
BRDA:86,32,1,1
BRDA:87,33,0,8
BRDA:87,33,1,1
BRDA:88,34,0,8
BRDA:88,34,1,4
BRDA:88,35,0,3
BRDA:88,35,1,1
BRDA:88,36,0,4
BRDA:88,36,1,3
BRDA:89,37,0,8
BRDA:89,37,1,4
BRDA:89,38,0,3
BRDA:89,38,1,1
BRDA:89,39,0,4
BRDA:89,39,1,3
BRDA:92,40,0,8
BRDA:92,40,1,4
BRDA:93,41,0,8
BRDA:93,41,1,8
BRDA:96,42,0,8
BRDA:96,42,1,7
BRDA:96,42,2,6
BRDA:97,43,0,8
BRDA:97,43,1,4
BRDA:97,43,2,3
BRDA:103,44,0,18
BRDA:103,44,1,4
BRDA:108,45,0,1
BRDA:108,45,1,1
BRDA:117,46,0,1
BRDA:117,46,1,1
BRDA:128,47,0,10
BRDA:128,47,1,1
BRDA:129,48,0,10
BRDA:129,48,1,1
BRDA:131,49,0,10
BRDA:131,49,1,1
BRDA:132,50,0,10
BRDA:132,50,1,10
BRDA:139,51,0,1
BRDA:139,51,1,9
BRDA:139,52,0,10
BRDA:139,52,1,9
BRDA:143,53,0,1
BRDA:143,53,1,8
BRDA:144,54,0,1
BRDA:144,54,1,7
BRDA:144,55,0,8
BRDA:144,55,1,8
BRDA:149,56,0,1
BRDA:149,56,1,6
BRDA:154,57,0,2
BRDA:154,57,1,4
BRDA:156,58,0,1
BRDA:156,58,1,1
BRDA:168,59,0,5
BRDA:168,59,1,1
BRDA:170,60,0,5
BRDA:170,60,1,4
BRDA:170,60,2,3
BRDA:175,61,0,1
BRDA:175,61,1,4
BRDA:181,62,0,2
BRDA:181,62,1,2
BRDA:181,63,0,4
BRDA:181,63,1,3
BRDA:193,64,0,2
BRDA:193,64,1,1
BRDA:206,65,0,10
BRDA:206,65,1,1
BRDA:207,66,0,10
BRDA:207,66,1,9
BRDA:217,67,0,1
BRDA:217,67,1,9
BRDA:222,68,0,1
BRDA:222,68,1,8
BRDA:222,69,0,9
BRDA:222,69,1,5
BRDA:227,70,0,1
BRDA:227,70,1,7
BRDA:239,71,0,7
BRDA:239,71,1,4
BRDA:246,72,0,7
BRDA:246,72,1,7
BRDA:247,73,0,7
BRDA:247,73,1,7
BRDA:249,74,0,7
BRDA:249,74,1,6
BRDA:262,75,0,1
BRDA:262,75,1,5
BRDA:269,76,0,1
BRDA:269,76,1,4
BRDA:286,77,0,1
BRDA:286,77,1,3
BRDA:286,78,0,4
BRDA:286,78,1,2
BRDA:292,79,0,1
BRDA:292,79,1,2
BRDA:292,80,0,3
BRDA:292,80,1,2
BRDA:292,80,2,1
BRDA:301,81,0,1
BRDA:301,81,1,1
BRDA:302,82,0,1
BRDA:302,82,1,1
BRDA:303,83,0,1
BRDA:303,83,1,1
BRDA:304,84,0,1
BRDA:304,84,1,1
BRDA:305,85,0,1
BRDA:305,85,1,1
BRDA:306,86,0,1
BRDA:306,86,1,1
BRDA:314,87,0,1
BRDA:314,87,1,1
BRDA:315,88,0,2
BRDA:315,88,1,1
BRDA:335,89,0,2
BRDA:335,89,1,1
BRDA:336,90,0,2
BRDA:336,90,1,1
BRDA:338,91,0,2
BRDA:338,91,1,1
BRDA:339,92,0,2
BRDA:339,92,1,1
BRDA:340,93,0,2
BRDA:340,93,1,1
BRDA:341,94,0,2
BRDA:341,94,1,1
BRDA:342,95,0,2
BRDA:342,95,1,1
BRDA:343,96,0,2
BRDA:343,96,1,1
BRDA:360,97,0,1
BRDA:360,97,1,2
BRDA:364,98,0,1
BRDA:364,98,1,1
BRDA:395,99,0,1
BRDA:395,99,1,1
BRDA:402,100,0,1
BRDA:402,100,1,1
BRF:213
BRH:213
end_of_record
TN:
SF:eventContextFactory.js
FN:17,(anonymous_0)
FN:22,(anonymous_1)
FN:86,(anonymous_2)
FN:96,(anonymous_3)
FNF:4
FNH:4
FNDA:10,(anonymous_0)
FNDA:10,(anonymous_1)
FNDA:8,(anonymous_2)
FNDA:10,(anonymous_3)
DA:18,10
DA:19,10
DA:23,10
DA:24,10
DA:25,10
DA:26,10
DA:27,10
DA:28,10
DA:29,10
DA:31,10
DA:32,1
DA:33,9
DA:34,1
DA:37,10
DA:38,10
DA:39,10
DA:40,10
DA:41,10
DA:42,10
DA:52,10
DA:55,10
DA:56,10
DA:59,10
DA:64,10
DA:71,10
DA:87,8
DA:88,8
DA:90,6
DA:91,6
DA:93,5
DA:97,10
DA:98,8
LF:32
LH:32
BRDA:19,0,0,10
BRDA:19,0,1,2
BRDA:23,1,0,10
BRDA:23,1,1,7
BRDA:24,2,0,10
BRDA:24,2,1,8
BRDA:25,3,0,10
BRDA:25,3,1,3
BRDA:27,4,0,10
BRDA:27,4,1,5
BRDA:29,5,0,10
BRDA:29,5,1,7
BRDA:31,6,0,1
BRDA:31,6,1,9
BRDA:31,7,0,10
BRDA:31,7,1,1
BRDA:33,8,0,1
BRDA:33,8,1,8
BRDA:33,9,0,9
BRDA:33,9,1,3
BRDA:37,10,0,10
BRDA:37,10,1,7
BRDA:38,11,0,1
BRDA:38,11,1,9
BRDA:39,12,0,10
BRDA:39,12,1,9
BRDA:42,13,0,10
BRDA:42,13,1,8
BRDA:52,14,0,1
BRDA:52,14,1,9
BRDA:54,15,0,1
BRDA:54,15,1,8
BRDA:56,16,0,3
BRDA:56,16,1,7
BRDA:57,17,0,1
BRDA:57,17,1,2
BRDA:58,18,0,3
BRDA:58,18,1,4
BRDA:58,19,0,7
BRDA:58,19,1,3
BRDA:59,20,0,10
BRDA:59,20,1,7
BRDA:60,21,0,1
BRDA:60,21,1,6
BRDA:60,22,0,7
BRDA:60,22,1,3
BRDA:62,23,0,6
BRDA:62,23,1,4
BRDA:65,24,0,10
BRDA:65,24,1,2
BRDA:66,25,0,10
BRDA:66,25,1,4
BRDA:88,26,0,2
BRDA:88,26,1,6
BRDA:91,27,0,1
BRDA:91,27,1,5
BRDA:97,28,0,2
BRDA:97,28,1,8
BRF:58
BRH:58
end_of_record
TN:
SF:settingsManager.js
FN:5,(anonymous_0)
FN:9,(anonymous_1)
FN:24,(anonymous_2)
FN:40,(anonymous_3)
FN:44,(anonymous_4)
FN:48,(anonymous_5)
FN:54,(anonymous_6)
FN:58,(anonymous_7)
FN:66,(anonymous_8)
FNF:9
FNH:9
FNDA:13,(anonymous_0)
FNDA:2,(anonymous_1)
FNDA:2,(anonymous_2)
FNDA:1,(anonymous_3)
FNDA:1,(anonymous_4)
FNDA:3,(anonymous_5)
FNDA:1,(anonymous_6)
FNDA:2,(anonymous_7)
FNDA:2,(anonymous_8)
DA:6,13
DA:10,2
DA:11,2
DA:25,2
DA:27,2
DA:41,1
DA:45,1
DA:49,3
DA:50,3
DA:51,3
DA:55,1
DA:59,2
DA:60,2
DA:67,2
DA:68,2
DA:69,2
DA:70,2
DA:71,2
LF:18
LH:18
BRDA:12,0,0,2
BRDA:12,0,1,2
BRDA:13,1,0,2
BRDA:13,1,1,2
BRDA:14,2,0,2
BRDA:14,2,1,1
BRDA:15,3,0,2
BRDA:15,3,1,2
BRDA:16,4,0,2
BRDA:16,4,1,2
BRDA:17,5,0,2
BRDA:17,5,1,2
BRDA:18,6,0,2
BRDA:18,6,1,2
BRDA:19,7,0,2
BRDA:19,7,1,2
BRDA:20,8,0,2
BRDA:20,8,1,1
BRDA:25,9,0,2
BRDA:25,9,1,1
BRDA:28,10,0,2
BRDA:28,10,1,1
BRDA:29,11,0,2
BRDA:29,11,1,2
BRDA:30,12,0,2
BRDA:30,12,1,1
BRDA:31,13,0,2
BRDA:31,13,1,2
BRDA:32,14,0,2
BRDA:32,14,1,2
BRDA:33,15,0,2
BRDA:33,15,1,2
BRDA:34,16,0,2
BRDA:34,16,1,2
BRDA:35,17,0,2
BRDA:35,17,1,2
BRDA:36,18,0,2
BRDA:36,18,1,1
BRDA:49,19,0,1
BRDA:49,19,1,2
BRDA:50,20,0,1
BRDA:50,20,1,2
BRDA:61,21,0,1
BRDA:61,21,1,1
BRDA:70,22,0,1
BRDA:70,22,1,1
BRF:46
BRH:46
end_of_record
TN:
SF:shadowDescriptionBuilder.js
FN:2,(anonymous_0)
FN:12,(anonymous_1)
FN:42,(anonymous_2)
FNF:3
FNH:3
FNDA:6,(anonymous_0)
FNDA:6,(anonymous_1)
FNDA:3,(anonymous_2)
DA:3,6
DA:4,6
DA:5,5
DA:9,2
DA:13,6
DA:15,4
DA:19,4
DA:21,3
DA:22,2
DA:23,2
DA:26,1
DA:27,1
DA:33,1
DA:39,1
DA:43,3
DA:44,3
DA:48,3
DA:49,2
DA:52,3
DA:53,1
DA:54,2
DA:55,1
DA:58,3
DA:59,2
DA:62,3
LF:25
LH:25
BRDA:4,0,0,5
BRDA:4,0,1,1
BRDA:4,1,0,6
BRDA:4,1,1,5
BRDA:5,2,0,5
BRDA:5,2,1,1
BRDA:13,3,0,2
BRDA:13,3,1,4
BRDA:15,4,0,3
BRDA:15,4,1,1
BRDA:19,5,0,1
BRDA:19,5,1,3
BRDA:21,6,0,2
BRDA:21,6,1,1
BRDA:21,7,0,3
BRDA:21,7,1,3
BRDA:48,8,0,2
BRDA:48,8,1,1
BRDA:52,9,0,1
BRDA:52,9,1,2
BRDA:54,10,0,1
BRDA:54,10,1,1
BRDA:58,11,0,2
BRDA:58,11,1,1
BRDA:58,12,0,3
BRDA:58,12,1,2
BRF:26
BRH:26
end_of_record
